ERROR - 2021-06-04 13:15:44 --> mysqli_sql_exception: You have an error in your SQL syntax; check the manual that corresponds to your MariaDB server version for the right syntax to use near '' at line 1 in C:\xampp\htdocs\Cesde\3er_periodo\programacion_web\02_actividades\02_alquiler_inmuebles\system\Database\MySQLi\Connection.php:314
Stack trace:
#0 C:\xampp\htdocs\Cesde\3er_periodo\programacion_web\02_actividades\02_alquiler_inmuebles\system\Database\MySQLi\Connection.php(314): mysqli->query('DELETE FROM use...')
#1 C:\xampp\htdocs\Cesde\3er_periodo\programacion_web\02_actividades\02_alquiler_inmuebles\system\Database\BaseConnection.php(713): CodeIgniter\Database\MySQLi\Connection->execute('DELETE FROM use...')
#2 C:\xampp\htdocs\Cesde\3er_periodo\programacion_web\02_actividades\02_alquiler_inmuebles\system\Database\BaseConnection.php(641): CodeIgniter\Database\BaseConnection->simpleQuery('DELETE FROM use...')
#3 C:\xampp\htdocs\Cesde\3er_periodo\programacion_web\02_actividades\02_alquiler_inmuebles\app\Models\ProfileModel.php(16): CodeIgniter\Database\BaseConnection->query('DELETE FROM use...')
#4 C:\xampp\htdocs\Cesde\3er_periodo\programacion_web\02_actividades\02_alquiler_inmuebles\app\Controllers\ProfileController.php(34): App\Models\ProfileModel->deleteUser(NULL)
#5 C:\xampp\htdocs\Cesde\3er_periodo\programacion_web\02_actividades\02_alquiler_inmuebles\system\CodeIgniter.php(936): App\Controllers\ProfileController->infoAccount()
#6 C:\xampp\htdocs\Cesde\3er_periodo\programacion_web\02_actividades\02_alquiler_inmuebles\system\CodeIgniter.php(432): CodeIgniter\CodeIgniter->runController(Object(App\Controllers\ProfileController))
#7 C:\xampp\htdocs\Cesde\3er_periodo\programacion_web\02_actividades\02_alquiler_inmuebles\system\CodeIgniter.php(333): CodeIgniter\CodeIgniter->handleRequest(NULL, Object(Config\Cache), false)
#8 C:\xampp\htdocs\Cesde\3er_periodo\programacion_web\02_actividades\02_alquiler_inmuebles\public\index.php(44): CodeIgniter\CodeIgniter->run()
#9 {main}
ERROR - 2021-06-04 13:16:30 --> mysqli_sql_exception: You have an error in your SQL syntax; check the manual that corresponds to your MariaDB server version for the right syntax to use near '' at line 1 in C:\xampp\htdocs\Cesde\3er_periodo\programacion_web\02_actividades\02_alquiler_inmuebles\system\Database\MySQLi\Connection.php:314
Stack trace:
#0 C:\xampp\htdocs\Cesde\3er_periodo\programacion_web\02_actividades\02_alquiler_inmuebles\system\Database\MySQLi\Connection.php(314): mysqli->query('DELETE FROM use...')
#1 C:\xampp\htdocs\Cesde\3er_periodo\programacion_web\02_actividades\02_alquiler_inmuebles\system\Database\BaseConnection.php(713): CodeIgniter\Database\MySQLi\Connection->execute('DELETE FROM use...')
#2 C:\xampp\htdocs\Cesde\3er_periodo\programacion_web\02_actividades\02_alquiler_inmuebles\system\Database\BaseConnection.php(641): CodeIgniter\Database\BaseConnection->simpleQuery('DELETE FROM use...')
#3 C:\xampp\htdocs\Cesde\3er_periodo\programacion_web\02_actividades\02_alquiler_inmuebles\app\Models\ProfileModel.php(16): CodeIgniter\Database\BaseConnection->query('DELETE FROM use...')
#4 C:\xampp\htdocs\Cesde\3er_periodo\programacion_web\02_actividades\02_alquiler_inmuebles\app\Controllers\ProfileController.php(34): App\Models\ProfileModel->deleteUser(NULL)
#5 C:\xampp\htdocs\Cesde\3er_periodo\programacion_web\02_actividades\02_alquiler_inmuebles\system\CodeIgniter.php(936): App\Controllers\ProfileController->infoAccount()
#6 C:\xampp\htdocs\Cesde\3er_periodo\programacion_web\02_actividades\02_alquiler_inmuebles\system\CodeIgniter.php(432): CodeIgniter\CodeIgniter->runController(Object(App\Controllers\ProfileController))
#7 C:\xampp\htdocs\Cesde\3er_periodo\programacion_web\02_actividades\02_alquiler_inmuebles\system\CodeIgniter.php(333): CodeIgniter\CodeIgniter->handleRequest(NULL, Object(Config\Cache), false)
#8 C:\xampp\htdocs\Cesde\3er_periodo\programacion_web\02_actividades\02_alquiler_inmuebles\public\index.php(44): CodeIgniter\CodeIgniter->run()
#9 {main}
ERROR - 2021-06-04 13:16:49 --> mysqli_sql_exception: You have an error in your SQL syntax; check the manual that corresponds to your MariaDB server version for the right syntax to use near '' at line 1 in C:\xampp\htdocs\Cesde\3er_periodo\programacion_web\02_actividades\02_alquiler_inmuebles\system\Database\MySQLi\Connection.php:314
Stack trace:
#0 C:\xampp\htdocs\Cesde\3er_periodo\programacion_web\02_actividades\02_alquiler_inmuebles\system\Database\MySQLi\Connection.php(314): mysqli->query('DELETE FROM use...')
#1 C:\xampp\htdocs\Cesde\3er_periodo\programacion_web\02_actividades\02_alquiler_inmuebles\system\Database\BaseConnection.php(713): CodeIgniter\Database\MySQLi\Connection->execute('DELETE FROM use...')
#2 C:\xampp\htdocs\Cesde\3er_periodo\programacion_web\02_actividades\02_alquiler_inmuebles\system\Database\BaseConnection.php(641): CodeIgniter\Database\BaseConnection->simpleQuery('DELETE FROM use...')
#3 C:\xampp\htdocs\Cesde\3er_periodo\programacion_web\02_actividades\02_alquiler_inmuebles\app\Models\ProfileModel.php(16): CodeIgniter\Database\BaseConnection->query('DELETE FROM use...')
#4 C:\xampp\htdocs\Cesde\3er_periodo\programacion_web\02_actividades\02_alquiler_inmuebles\app\Controllers\ProfileController.php(34): App\Models\ProfileModel->deleteUser(NULL)
#5 C:\xampp\htdocs\Cesde\3er_periodo\programacion_web\02_actividades\02_alquiler_inmuebles\system\CodeIgniter.php(936): App\Controllers\ProfileController->infoAccount()
#6 C:\xampp\htdocs\Cesde\3er_periodo\programacion_web\02_actividades\02_alquiler_inmuebles\system\CodeIgniter.php(432): CodeIgniter\CodeIgniter->runController(Object(App\Controllers\ProfileController))
#7 C:\xampp\htdocs\Cesde\3er_periodo\programacion_web\02_actividades\02_alquiler_inmuebles\system\CodeIgniter.php(333): CodeIgniter\CodeIgniter->handleRequest(NULL, Object(Config\Cache), false)
#8 C:\xampp\htdocs\Cesde\3er_periodo\programacion_web\02_actividades\02_alquiler_inmuebles\public\index.php(44): CodeIgniter\CodeIgniter->run()
#9 {main}
CRITICAL - 2021-06-04 20:10:06 --> Undefined property: App\Controllers\ProfileController::$session
#0 C:\xampp\htdocs\Cesde\3er_periodo\programacion_web\02_actividades\02_alquiler_inmuebles\app\Controllers\ProfileController.php(18): CodeIgniter\Debug\Exceptions->errorHandler(2, 'Undefined prope...', 'C:\\xampp\\htdocs...', 18)
#1 C:\xampp\htdocs\Cesde\3er_periodo\programacion_web\02_actividades\02_alquiler_inmuebles\system\CodeIgniter.php(936): App\Controllers\ProfileController->index()
#2 C:\xampp\htdocs\Cesde\3er_periodo\programacion_web\02_actividades\02_alquiler_inmuebles\system\CodeIgniter.php(432): CodeIgniter\CodeIgniter->runController(Object(App\Controllers\ProfileController))
#3 C:\xampp\htdocs\Cesde\3er_periodo\programacion_web\02_actividades\02_alquiler_inmuebles\system\CodeIgniter.php(333): CodeIgniter\CodeIgniter->handleRequest(NULL, Object(Config\Cache), false)
#4 C:\xampp\htdocs\Cesde\3er_periodo\programacion_web\02_actividades\02_alquiler_inmuebles\public\index.php(44): CodeIgniter\CodeIgniter->run()
#5 {main}
CRITICAL - 2021-06-04 20:16:33 --> Call to undefined method CodeIgniter\Session\Session::set_userdata()
#0 C:\xampp\htdocs\Cesde\3er_periodo\programacion_web\02_actividades\02_alquiler_inmuebles\system\CodeIgniter.php(936): App\Controllers\SigninController->signIn()
#1 C:\xampp\htdocs\Cesde\3er_periodo\programacion_web\02_actividades\02_alquiler_inmuebles\system\CodeIgniter.php(432): CodeIgniter\CodeIgniter->runController(Object(App\Controllers\SigninController))
#2 C:\xampp\htdocs\Cesde\3er_periodo\programacion_web\02_actividades\02_alquiler_inmuebles\system\CodeIgniter.php(333): CodeIgniter\CodeIgniter->handleRequest(NULL, Object(Config\Cache), false)
#3 C:\xampp\htdocs\Cesde\3er_periodo\programacion_web\02_actividades\02_alquiler_inmuebles\public\index.php(44): CodeIgniter\CodeIgniter->run()
#4 {main}
CRITICAL - 2021-06-04 20:17:02 --> Undefined property: App\Controllers\ProfileController::$session
#0 C:\xampp\htdocs\Cesde\3er_periodo\programacion_web\02_actividades\02_alquiler_inmuebles\app\Controllers\ProfileController.php(18): CodeIgniter\Debug\Exceptions->errorHandler(2, 'Undefined prope...', 'C:\\xampp\\htdocs...', 18)
#1 C:\xampp\htdocs\Cesde\3er_periodo\programacion_web\02_actividades\02_alquiler_inmuebles\system\CodeIgniter.php(936): App\Controllers\ProfileController->index()
#2 C:\xampp\htdocs\Cesde\3er_periodo\programacion_web\02_actividades\02_alquiler_inmuebles\system\CodeIgniter.php(432): CodeIgniter\CodeIgniter->runController(Object(App\Controllers\ProfileController))
#3 C:\xampp\htdocs\Cesde\3er_periodo\programacion_web\02_actividades\02_alquiler_inmuebles\system\CodeIgniter.php(333): CodeIgniter\CodeIgniter->handleRequest(NULL, Object(Config\Cache), false)
#4 C:\xampp\htdocs\Cesde\3er_periodo\programacion_web\02_actividades\02_alquiler_inmuebles\public\index.php(44): CodeIgniter\CodeIgniter->run()
#5 {main}
CRITICAL - 2021-06-04 20:17:09 --> Undefined property: App\Controllers\ProfileController::$session
#0 C:\xampp\htdocs\Cesde\3er_periodo\programacion_web\02_actividades\02_alquiler_inmuebles\app\Controllers\ProfileController.php(18): CodeIgniter\Debug\Exceptions->errorHandler(2, 'Undefined prope...', 'C:\\xampp\\htdocs...', 18)
#1 C:\xampp\htdocs\Cesde\3er_periodo\programacion_web\02_actividades\02_alquiler_inmuebles\system\CodeIgniter.php(936): App\Controllers\ProfileController->index()
#2 C:\xampp\htdocs\Cesde\3er_periodo\programacion_web\02_actividades\02_alquiler_inmuebles\system\CodeIgniter.php(432): CodeIgniter\CodeIgniter->runController(Object(App\Controllers\ProfileController))
#3 C:\xampp\htdocs\Cesde\3er_periodo\programacion_web\02_actividades\02_alquiler_inmuebles\system\CodeIgniter.php(333): CodeIgniter\CodeIgniter->handleRequest(NULL, Object(Config\Cache), false)
#4 C:\xampp\htdocs\Cesde\3er_periodo\programacion_web\02_actividades\02_alquiler_inmuebles\public\index.php(44): CodeIgniter\CodeIgniter->run()
#5 {main}
CRITICAL - 2021-06-04 20:17:23 --> Undefined property: App\Controllers\ProfileController::$session
#0 C:\xampp\htdocs\Cesde\3er_periodo\programacion_web\02_actividades\02_alquiler_inmuebles\app\Controllers\ProfileController.php(18): CodeIgniter\Debug\Exceptions->errorHandler(2, 'Undefined prope...', 'C:\\xampp\\htdocs...', 18)
#1 C:\xampp\htdocs\Cesde\3er_periodo\programacion_web\02_actividades\02_alquiler_inmuebles\system\CodeIgniter.php(936): App\Controllers\ProfileController->index()
#2 C:\xampp\htdocs\Cesde\3er_periodo\programacion_web\02_actividades\02_alquiler_inmuebles\system\CodeIgniter.php(432): CodeIgniter\CodeIgniter->runController(Object(App\Controllers\ProfileController))
#3 C:\xampp\htdocs\Cesde\3er_periodo\programacion_web\02_actividades\02_alquiler_inmuebles\system\CodeIgniter.php(333): CodeIgniter\CodeIgniter->handleRequest(NULL, Object(Config\Cache), false)
#4 C:\xampp\htdocs\Cesde\3er_periodo\programacion_web\02_actividades\02_alquiler_inmuebles\public\index.php(44): CodeIgniter\CodeIgniter->run()
#5 {main}
CRITICAL - 2021-06-04 20:29:01 --> Undefined property: CodeIgniter\View\View::$session
#0 C:\xampp\htdocs\Cesde\3er_periodo\programacion_web\02_actividades\02_alquiler_inmuebles\app\Views\layouts\nav.php(89): CodeIgniter\Debug\Exceptions->errorHandler(2, 'Undefined prope...', 'C:\\xampp\\htdocs...', 89)
#1 C:\xampp\htdocs\Cesde\3er_periodo\programacion_web\02_actividades\02_alquiler_inmuebles\system\View\View.php(220): include('C:\\xampp\\htdocs...')
#2 C:\xampp\htdocs\Cesde\3er_periodo\programacion_web\02_actividades\02_alquiler_inmuebles\system\View\View.php(222): CodeIgniter\View\View->CodeIgniter\View\{closure}()
#3 C:\xampp\htdocs\Cesde\3er_periodo\programacion_web\02_actividades\02_alquiler_inmuebles\system\Common.php(1217): CodeIgniter\View\View->render('layouts/nav', Array, true)
#4 C:\xampp\htdocs\Cesde\3er_periodo\programacion_web\02_actividades\02_alquiler_inmuebles\app\Controllers\ProfileController.php(23): view('layouts/nav')
#5 C:\xampp\htdocs\Cesde\3er_periodo\programacion_web\02_actividades\02_alquiler_inmuebles\system\CodeIgniter.php(936): App\Controllers\ProfileController->index()
#6 C:\xampp\htdocs\Cesde\3er_periodo\programacion_web\02_actividades\02_alquiler_inmuebles\system\CodeIgniter.php(432): CodeIgniter\CodeIgniter->runController(Object(App\Controllers\ProfileController))
#7 C:\xampp\htdocs\Cesde\3er_periodo\programacion_web\02_actividades\02_alquiler_inmuebles\system\CodeIgniter.php(333): CodeIgniter\CodeIgniter->handleRequest(NULL, Object(Config\Cache), false)
#8 C:\xampp\htdocs\Cesde\3er_periodo\programacion_web\02_actividades\02_alquiler_inmuebles\public\index.php(44): CodeIgniter\CodeIgniter->run()
#9 {main}
CRITICAL - 2021-06-04 20:33:03 --> Undefined variable $dataLogin
#0 C:\xampp\htdocs\Cesde\3er_periodo\programacion_web\02_actividades\02_alquiler_inmuebles\app\Views\layouts\nav.php(84): CodeIgniter\Debug\Exceptions->errorHandler(2, 'Undefined varia...', 'C:\\xampp\\htdocs...', 84)
#1 C:\xampp\htdocs\Cesde\3er_periodo\programacion_web\02_actividades\02_alquiler_inmuebles\system\View\View.php(220): include('C:\\xampp\\htdocs...')
#2 C:\xampp\htdocs\Cesde\3er_periodo\programacion_web\02_actividades\02_alquiler_inmuebles\system\View\View.php(222): CodeIgniter\View\View->CodeIgniter\View\{closure}()
#3 C:\xampp\htdocs\Cesde\3er_periodo\programacion_web\02_actividades\02_alquiler_inmuebles\system\Common.php(1217): CodeIgniter\View\View->render('layouts/nav', Array, true)
#4 C:\xampp\htdocs\Cesde\3er_periodo\programacion_web\02_actividades\02_alquiler_inmuebles\app\Controllers\Home.php(18): view('layouts/nav')
#5 C:\xampp\htdocs\Cesde\3er_periodo\programacion_web\02_actividades\02_alquiler_inmuebles\system\CodeIgniter.php(936): App\Controllers\Home->index()
#6 C:\xampp\htdocs\Cesde\3er_periodo\programacion_web\02_actividades\02_alquiler_inmuebles\system\CodeIgniter.php(432): CodeIgniter\CodeIgniter->runController(Object(App\Controllers\Home))
#7 C:\xampp\htdocs\Cesde\3er_periodo\programacion_web\02_actividades\02_alquiler_inmuebles\system\CodeIgniter.php(333): CodeIgniter\CodeIgniter->handleRequest(NULL, Object(Config\Cache), false)
#8 C:\xampp\htdocs\Cesde\3er_periodo\programacion_web\02_actividades\02_alquiler_inmuebles\public\index.php(44): CodeIgniter\CodeIgniter->run()
#9 {main}
CRITICAL - 2021-06-04 20:38:06 --> Trying to access array offset on value of type bool
#0 C:\xampp\htdocs\Cesde\3er_periodo\programacion_web\02_actividades\02_alquiler_inmuebles\app\Views\layouts\nav.php(95): CodeIgniter\Debug\Exceptions->errorHandler(2, 'Trying to acces...', 'C:\\xampp\\htdocs...', 95)
#1 C:\xampp\htdocs\Cesde\3er_periodo\programacion_web\02_actividades\02_alquiler_inmuebles\system\View\View.php(220): include('C:\\xampp\\htdocs...')
#2 C:\xampp\htdocs\Cesde\3er_periodo\programacion_web\02_actividades\02_alquiler_inmuebles\system\View\View.php(222): CodeIgniter\View\View->CodeIgniter\View\{closure}()
#3 C:\xampp\htdocs\Cesde\3er_periodo\programacion_web\02_actividades\02_alquiler_inmuebles\system\Common.php(1217): CodeIgniter\View\View->render('layouts/nav', Array, true)
#4 C:\xampp\htdocs\Cesde\3er_periodo\programacion_web\02_actividades\02_alquiler_inmuebles\app\Controllers\Home.php(18): view('layouts/nav')
#5 C:\xampp\htdocs\Cesde\3er_periodo\programacion_web\02_actividades\02_alquiler_inmuebles\system\CodeIgniter.php(936): App\Controllers\Home->index()
#6 C:\xampp\htdocs\Cesde\3er_periodo\programacion_web\02_actividades\02_alquiler_inmuebles\system\CodeIgniter.php(432): CodeIgniter\CodeIgniter->runController(Object(App\Controllers\Home))
#7 C:\xampp\htdocs\Cesde\3er_periodo\programacion_web\02_actividades\02_alquiler_inmuebles\system\CodeIgniter.php(333): CodeIgniter\CodeIgniter->handleRequest(NULL, Object(Config\Cache), false)
#8 C:\xampp\htdocs\Cesde\3er_periodo\programacion_web\02_actividades\02_alquiler_inmuebles\public\index.php(44): CodeIgniter\CodeIgniter->run()
#9 {main}
CRITICAL - 2021-06-04 20:51:55 --> syntax error, unexpected token "{"
#0 C:\xampp\htdocs\Cesde\3er_periodo\programacion_web\02_actividades\02_alquiler_inmuebles\system\View\View.php(222): CodeIgniter\View\View->CodeIgniter\View\{closure}()
#1 C:\xampp\htdocs\Cesde\3er_periodo\programacion_web\02_actividades\02_alquiler_inmuebles\system\Common.php(1217): CodeIgniter\View\View->render('layouts/nav', Array, true)
#2 C:\xampp\htdocs\Cesde\3er_periodo\programacion_web\02_actividades\02_alquiler_inmuebles\app\Controllers\Home.php(18): view('layouts/nav')
#3 C:\xampp\htdocs\Cesde\3er_periodo\programacion_web\02_actividades\02_alquiler_inmuebles\system\CodeIgniter.php(936): App\Controllers\Home->index()
#4 C:\xampp\htdocs\Cesde\3er_periodo\programacion_web\02_actividades\02_alquiler_inmuebles\system\CodeIgniter.php(432): CodeIgniter\CodeIgniter->runController(Object(App\Controllers\Home))
#5 C:\xampp\htdocs\Cesde\3er_periodo\programacion_web\02_actividades\02_alquiler_inmuebles\system\CodeIgniter.php(333): CodeIgniter\CodeIgniter->handleRequest(NULL, Object(Config\Cache), false)
#6 C:\xampp\htdocs\Cesde\3er_periodo\programacion_web\02_actividades\02_alquiler_inmuebles\public\index.php(44): CodeIgniter\CodeIgniter->run()
#7 {main}
CRITICAL - 2021-06-04 20:51:58 --> syntax error, unexpected token "{"
#0 C:\xampp\htdocs\Cesde\3er_periodo\programacion_web\02_actividades\02_alquiler_inmuebles\system\View\View.php(222): CodeIgniter\View\View->CodeIgniter\View\{closure}()
#1 C:\xampp\htdocs\Cesde\3er_periodo\programacion_web\02_actividades\02_alquiler_inmuebles\system\Common.php(1217): CodeIgniter\View\View->render('layouts/nav', Array, true)
#2 C:\xampp\htdocs\Cesde\3er_periodo\programacion_web\02_actividades\02_alquiler_inmuebles\app\Controllers\Home.php(18): view('layouts/nav')
#3 C:\xampp\htdocs\Cesde\3er_periodo\programacion_web\02_actividades\02_alquiler_inmuebles\system\CodeIgniter.php(936): App\Controllers\Home->index()
#4 C:\xampp\htdocs\Cesde\3er_periodo\programacion_web\02_actividades\02_alquiler_inmuebles\system\CodeIgniter.php(432): CodeIgniter\CodeIgniter->runController(Object(App\Controllers\Home))
#5 C:\xampp\htdocs\Cesde\3er_periodo\programacion_web\02_actividades\02_alquiler_inmuebles\system\CodeIgniter.php(333): CodeIgniter\CodeIgniter->handleRequest(NULL, Object(Config\Cache), false)
#6 C:\xampp\htdocs\Cesde\3er_periodo\programacion_web\02_actividades\02_alquiler_inmuebles\public\index.php(44): CodeIgniter\CodeIgniter->run()
#7 {main}
CRITICAL - 2021-06-04 20:59:16 --> Undefined property: CodeIgniter\View\View::$load
#0 C:\xampp\htdocs\Cesde\3er_periodo\programacion_web\02_actividades\02_alquiler_inmuebles\app\Views\layouts\nav.php(84): CodeIgniter\Debug\Exceptions->errorHandler(2, 'Undefined prope...', 'C:\\xampp\\htdocs...', 84)
#1 C:\xampp\htdocs\Cesde\3er_periodo\programacion_web\02_actividades\02_alquiler_inmuebles\system\View\View.php(220): include('C:\\xampp\\htdocs...')
#2 C:\xampp\htdocs\Cesde\3er_periodo\programacion_web\02_actividades\02_alquiler_inmuebles\system\View\View.php(222): CodeIgniter\View\View->CodeIgniter\View\{closure}()
#3 C:\xampp\htdocs\Cesde\3er_periodo\programacion_web\02_actividades\02_alquiler_inmuebles\system\Common.php(1217): CodeIgniter\View\View->render('layouts/nav', Array, true)
#4 C:\xampp\htdocs\Cesde\3er_periodo\programacion_web\02_actividades\02_alquiler_inmuebles\app\Controllers\ProfileController.php(23): view('layouts/nav')
#5 C:\xampp\htdocs\Cesde\3er_periodo\programacion_web\02_actividades\02_alquiler_inmuebles\system\CodeIgniter.php(936): App\Controllers\ProfileController->index()
#6 C:\xampp\htdocs\Cesde\3er_periodo\programacion_web\02_actividades\02_alquiler_inmuebles\system\CodeIgniter.php(432): CodeIgniter\CodeIgniter->runController(Object(App\Controllers\ProfileController))
#7 C:\xampp\htdocs\Cesde\3er_periodo\programacion_web\02_actividades\02_alquiler_inmuebles\system\CodeIgniter.php(333): CodeIgniter\CodeIgniter->handleRequest(NULL, Object(Config\Cache), false)
#8 C:\xampp\htdocs\Cesde\3er_periodo\programacion_web\02_actividades\02_alquiler_inmuebles\public\index.php(44): CodeIgniter\CodeIgniter->run()
#9 {main}
CRITICAL - 2021-06-04 20:59:27 --> Undefined property: CodeIgniter\View\View::$load
#0 C:\xampp\htdocs\Cesde\3er_periodo\programacion_web\02_actividades\02_alquiler_inmuebles\app\Views\layouts\nav.php(84): CodeIgniter\Debug\Exceptions->errorHandler(2, 'Undefined prope...', 'C:\\xampp\\htdocs...', 84)
#1 C:\xampp\htdocs\Cesde\3er_periodo\programacion_web\02_actividades\02_alquiler_inmuebles\system\View\View.php(220): include('C:\\xampp\\htdocs...')
#2 C:\xampp\htdocs\Cesde\3er_periodo\programacion_web\02_actividades\02_alquiler_inmuebles\system\View\View.php(222): CodeIgniter\View\View->CodeIgniter\View\{closure}()
#3 C:\xampp\htdocs\Cesde\3er_periodo\programacion_web\02_actividades\02_alquiler_inmuebles\system\Common.php(1217): CodeIgniter\View\View->render('layouts/nav', Array, true)
#4 C:\xampp\htdocs\Cesde\3er_periodo\programacion_web\02_actividades\02_alquiler_inmuebles\app\Controllers\ProfileController.php(23): view('layouts/nav')
#5 C:\xampp\htdocs\Cesde\3er_periodo\programacion_web\02_actividades\02_alquiler_inmuebles\system\CodeIgniter.php(936): App\Controllers\ProfileController->index()
#6 C:\xampp\htdocs\Cesde\3er_periodo\programacion_web\02_actividades\02_alquiler_inmuebles\system\CodeIgniter.php(432): CodeIgniter\CodeIgniter->runController(Object(App\Controllers\ProfileController))
#7 C:\xampp\htdocs\Cesde\3er_periodo\programacion_web\02_actividades\02_alquiler_inmuebles\system\CodeIgniter.php(333): CodeIgniter\CodeIgniter->handleRequest(NULL, Object(Config\Cache), false)
#8 C:\xampp\htdocs\Cesde\3er_periodo\programacion_web\02_actividades\02_alquiler_inmuebles\public\index.php(44): CodeIgniter\CodeIgniter->run()
#9 {main}
CRITICAL - 2021-06-04 21:00:51 --> Undefined property: CodeIgniter\View\View::$load
#0 C:\xampp\htdocs\Cesde\3er_periodo\programacion_web\02_actividades\02_alquiler_inmuebles\app\Views\layouts\nav.php(84): CodeIgniter\Debug\Exceptions->errorHandler(2, 'Undefined prope...', 'C:\\xampp\\htdocs...', 84)
#1 C:\xampp\htdocs\Cesde\3er_periodo\programacion_web\02_actividades\02_alquiler_inmuebles\system\View\View.php(220): include('C:\\xampp\\htdocs...')
#2 C:\xampp\htdocs\Cesde\3er_periodo\programacion_web\02_actividades\02_alquiler_inmuebles\system\View\View.php(222): CodeIgniter\View\View->CodeIgniter\View\{closure}()
#3 C:\xampp\htdocs\Cesde\3er_periodo\programacion_web\02_actividades\02_alquiler_inmuebles\system\Common.php(1217): CodeIgniter\View\View->render('layouts/nav', Array, true)
#4 C:\xampp\htdocs\Cesde\3er_periodo\programacion_web\02_actividades\02_alquiler_inmuebles\app\Controllers\ProfileController.php(23): view('layouts/nav')
#5 C:\xampp\htdocs\Cesde\3er_periodo\programacion_web\02_actividades\02_alquiler_inmuebles\system\CodeIgniter.php(936): App\Controllers\ProfileController->index()
#6 C:\xampp\htdocs\Cesde\3er_periodo\programacion_web\02_actividades\02_alquiler_inmuebles\system\CodeIgniter.php(432): CodeIgniter\CodeIgniter->runController(Object(App\Controllers\ProfileController))
#7 C:\xampp\htdocs\Cesde\3er_periodo\programacion_web\02_actividades\02_alquiler_inmuebles\system\CodeIgniter.php(333): CodeIgniter\CodeIgniter->handleRequest(NULL, Object(Config\Cache), false)
#8 C:\xampp\htdocs\Cesde\3er_periodo\programacion_web\02_actividades\02_alquiler_inmuebles\public\index.php(44): CodeIgniter\CodeIgniter->run()
#9 {main}
CRITICAL - 2021-06-04 21:03:20 --> Undefined property: CodeIgniter\View\View::$session
#0 C:\xampp\htdocs\Cesde\3er_periodo\programacion_web\02_actividades\02_alquiler_inmuebles\app\Views\layouts\nav.php(86): CodeIgniter\Debug\Exceptions->errorHandler(2, 'Undefined prope...', 'C:\\xampp\\htdocs...', 86)
#1 C:\xampp\htdocs\Cesde\3er_periodo\programacion_web\02_actividades\02_alquiler_inmuebles\system\View\View.php(220): include('C:\\xampp\\htdocs...')
#2 C:\xampp\htdocs\Cesde\3er_periodo\programacion_web\02_actividades\02_alquiler_inmuebles\system\View\View.php(222): CodeIgniter\View\View->CodeIgniter\View\{closure}()
#3 C:\xampp\htdocs\Cesde\3er_periodo\programacion_web\02_actividades\02_alquiler_inmuebles\system\Common.php(1217): CodeIgniter\View\View->render('layouts/nav', Array, true)
#4 C:\xampp\htdocs\Cesde\3er_periodo\programacion_web\02_actividades\02_alquiler_inmuebles\app\Controllers\ProfileController.php(23): view('layouts/nav')
#5 C:\xampp\htdocs\Cesde\3er_periodo\programacion_web\02_actividades\02_alquiler_inmuebles\system\CodeIgniter.php(936): App\Controllers\ProfileController->index()
#6 C:\xampp\htdocs\Cesde\3er_periodo\programacion_web\02_actividades\02_alquiler_inmuebles\system\CodeIgniter.php(432): CodeIgniter\CodeIgniter->runController(Object(App\Controllers\ProfileController))
#7 C:\xampp\htdocs\Cesde\3er_periodo\programacion_web\02_actividades\02_alquiler_inmuebles\system\CodeIgniter.php(333): CodeIgniter\CodeIgniter->handleRequest(NULL, Object(Config\Cache), false)
#8 C:\xampp\htdocs\Cesde\3er_periodo\programacion_web\02_actividades\02_alquiler_inmuebles\public\index.php(44): CodeIgniter\CodeIgniter->run()
#9 {main}
CRITICAL - 2021-06-04 21:04:37 --> Cannot access offset of type string on string
#0 C:\xampp\htdocs\Cesde\3er_periodo\programacion_web\02_actividades\02_alquiler_inmuebles\system\View\View.php(220): include()
#1 C:\xampp\htdocs\Cesde\3er_periodo\programacion_web\02_actividades\02_alquiler_inmuebles\system\View\View.php(222): CodeIgniter\View\View->CodeIgniter\View\{closure}()
#2 C:\xampp\htdocs\Cesde\3er_periodo\programacion_web\02_actividades\02_alquiler_inmuebles\system\Common.php(1217): CodeIgniter\View\View->render('layouts/nav', Array, true)
#3 C:\xampp\htdocs\Cesde\3er_periodo\programacion_web\02_actividades\02_alquiler_inmuebles\app\Controllers\ProfileController.php(23): view('layouts/nav')
#4 C:\xampp\htdocs\Cesde\3er_periodo\programacion_web\02_actividades\02_alquiler_inmuebles\system\CodeIgniter.php(936): App\Controllers\ProfileController->index()
#5 C:\xampp\htdocs\Cesde\3er_periodo\programacion_web\02_actividades\02_alquiler_inmuebles\system\CodeIgniter.php(432): CodeIgniter\CodeIgniter->runController(Object(App\Controllers\ProfileController))
#6 C:\xampp\htdocs\Cesde\3er_periodo\programacion_web\02_actividades\02_alquiler_inmuebles\system\CodeIgniter.php(333): CodeIgniter\CodeIgniter->handleRequest(NULL, Object(Config\Cache), false)
#7 C:\xampp\htdocs\Cesde\3er_periodo\programacion_web\02_actividades\02_alquiler_inmuebles\public\index.php(44): CodeIgniter\CodeIgniter->run()
#8 {main}
CRITICAL - 2021-06-04 21:12:06 --> Object of class CodeIgniter\Session\Session could not be converted to string
#0 C:\xampp\htdocs\Cesde\3er_periodo\programacion_web\02_actividades\02_alquiler_inmuebles\system\View\View.php(220): include()
#1 C:\xampp\htdocs\Cesde\3er_periodo\programacion_web\02_actividades\02_alquiler_inmuebles\system\View\View.php(222): CodeIgniter\View\View->CodeIgniter\View\{closure}()
#2 C:\xampp\htdocs\Cesde\3er_periodo\programacion_web\02_actividades\02_alquiler_inmuebles\system\Common.php(1217): CodeIgniter\View\View->render('layouts/nav', Array, true)
#3 C:\xampp\htdocs\Cesde\3er_periodo\programacion_web\02_actividades\02_alquiler_inmuebles\app\Controllers\Home.php(18): view('layouts/nav')
#4 C:\xampp\htdocs\Cesde\3er_periodo\programacion_web\02_actividades\02_alquiler_inmuebles\system\CodeIgniter.php(936): App\Controllers\Home->index()
#5 C:\xampp\htdocs\Cesde\3er_periodo\programacion_web\02_actividades\02_alquiler_inmuebles\system\CodeIgniter.php(432): CodeIgniter\CodeIgniter->runController(Object(App\Controllers\Home))
#6 C:\xampp\htdocs\Cesde\3er_periodo\programacion_web\02_actividades\02_alquiler_inmuebles\system\CodeIgniter.php(333): CodeIgniter\CodeIgniter->handleRequest(NULL, Object(Config\Cache), false)
#7 C:\xampp\htdocs\Cesde\3er_periodo\programacion_web\02_actividades\02_alquiler_inmuebles\public\index.php(44): CodeIgniter\CodeIgniter->run()
#8 {main}
CRITICAL - 2021-06-04 21:13:07 --> Call to a member function get() on bool
#0 C:\xampp\htdocs\Cesde\3er_periodo\programacion_web\02_actividades\02_alquiler_inmuebles\system\View\View.php(220): include()
#1 C:\xampp\htdocs\Cesde\3er_periodo\programacion_web\02_actividades\02_alquiler_inmuebles\system\View\View.php(222): CodeIgniter\View\View->CodeIgniter\View\{closure}()
#2 C:\xampp\htdocs\Cesde\3er_periodo\programacion_web\02_actividades\02_alquiler_inmuebles\system\Common.php(1217): CodeIgniter\View\View->render('layouts/nav', Array, true)
#3 C:\xampp\htdocs\Cesde\3er_periodo\programacion_web\02_actividades\02_alquiler_inmuebles\app\Controllers\Home.php(18): view('layouts/nav')
#4 C:\xampp\htdocs\Cesde\3er_periodo\programacion_web\02_actividades\02_alquiler_inmuebles\system\CodeIgniter.php(936): App\Controllers\Home->index()
#5 C:\xampp\htdocs\Cesde\3er_periodo\programacion_web\02_actividades\02_alquiler_inmuebles\system\CodeIgniter.php(432): CodeIgniter\CodeIgniter->runController(Object(App\Controllers\Home))
#6 C:\xampp\htdocs\Cesde\3er_periodo\programacion_web\02_actividades\02_alquiler_inmuebles\system\CodeIgniter.php(333): CodeIgniter\CodeIgniter->handleRequest(NULL, Object(Config\Cache), false)
#7 C:\xampp\htdocs\Cesde\3er_periodo\programacion_web\02_actividades\02_alquiler_inmuebles\public\index.php(44): CodeIgniter\CodeIgniter->run()
#8 {main}
CRITICAL - 2021-06-04 21:17:24 --> Undefined property: App\Controllers\ProfileController::$session
#0 C:\xampp\htdocs\Cesde\3er_periodo\programacion_web\02_actividades\02_alquiler_inmuebles\app\Controllers\ProfileController.php(45): CodeIgniter\Debug\Exceptions->errorHandler(2, 'Undefined prope...', 'C:\\xampp\\htdocs...', 45)
#1 C:\xampp\htdocs\Cesde\3er_periodo\programacion_web\02_actividades\02_alquiler_inmuebles\system\CodeIgniter.php(936): App\Controllers\ProfileController->editAccount()
#2 C:\xampp\htdocs\Cesde\3er_periodo\programacion_web\02_actividades\02_alquiler_inmuebles\system\CodeIgniter.php(432): CodeIgniter\CodeIgniter->runController(Object(App\Controllers\ProfileController))
#3 C:\xampp\htdocs\Cesde\3er_periodo\programacion_web\02_actividades\02_alquiler_inmuebles\system\CodeIgniter.php(333): CodeIgniter\CodeIgniter->handleRequest(NULL, Object(Config\Cache), false)
#4 C:\xampp\htdocs\Cesde\3er_periodo\programacion_web\02_actividades\02_alquiler_inmuebles\public\index.php(44): CodeIgniter\CodeIgniter->run()
#5 {main}
CRITICAL - 2021-06-04 21:19:48 --> Undefined property: App\Controllers\ProfileController::$session
#0 C:\xampp\htdocs\Cesde\3er_periodo\programacion_web\02_actividades\02_alquiler_inmuebles\app\Controllers\ProfileController.php(45): CodeIgniter\Debug\Exceptions->errorHandler(2, 'Undefined prope...', 'C:\\xampp\\htdocs...', 45)
#1 C:\xampp\htdocs\Cesde\3er_periodo\programacion_web\02_actividades\02_alquiler_inmuebles\system\CodeIgniter.php(936): App\Controllers\ProfileController->editAccount()
#2 C:\xampp\htdocs\Cesde\3er_periodo\programacion_web\02_actividades\02_alquiler_inmuebles\system\CodeIgniter.php(432): CodeIgniter\CodeIgniter->runController(Object(App\Controllers\ProfileController))
#3 C:\xampp\htdocs\Cesde\3er_periodo\programacion_web\02_actividades\02_alquiler_inmuebles\system\CodeIgniter.php(333): CodeIgniter\CodeIgniter->handleRequest(NULL, Object(Config\Cache), false)
#4 C:\xampp\htdocs\Cesde\3er_periodo\programacion_web\02_actividades\02_alquiler_inmuebles\public\index.php(44): CodeIgniter\CodeIgniter->run()
#5 {main}
CRITICAL - 2021-06-04 21:20:51 --> Undefined property: App\Controllers\ProfileController::$session
#0 C:\xampp\htdocs\Cesde\3er_periodo\programacion_web\02_actividades\02_alquiler_inmuebles\app\Controllers\ProfileController.php(45): CodeIgniter\Debug\Exceptions->errorHandler(2, 'Undefined prope...', 'C:\\xampp\\htdocs...', 45)
#1 C:\xampp\htdocs\Cesde\3er_periodo\programacion_web\02_actividades\02_alquiler_inmuebles\system\CodeIgniter.php(936): App\Controllers\ProfileController->editAccount()
#2 C:\xampp\htdocs\Cesde\3er_periodo\programacion_web\02_actividades\02_alquiler_inmuebles\system\CodeIgniter.php(432): CodeIgniter\CodeIgniter->runController(Object(App\Controllers\ProfileController))
#3 C:\xampp\htdocs\Cesde\3er_periodo\programacion_web\02_actividades\02_alquiler_inmuebles\system\CodeIgniter.php(333): CodeIgniter\CodeIgniter->handleRequest(NULL, Object(Config\Cache), false)
#4 C:\xampp\htdocs\Cesde\3er_periodo\programacion_web\02_actividades\02_alquiler_inmuebles\public\index.php(44): CodeIgniter\CodeIgniter->run()
#5 {main}
CRITICAL - 2021-06-04 21:50:29 --> Unmatched '}'
#0 C:\xampp\htdocs\Cesde\3er_periodo\programacion_web\02_actividades\02_alquiler_inmuebles\system\View\View.php(222): CodeIgniter\View\View->CodeIgniter\View\{closure}()
#1 C:\xampp\htdocs\Cesde\3er_periodo\programacion_web\02_actividades\02_alquiler_inmuebles\system\Common.php(1217): CodeIgniter\View\View->render('layouts/nav', Array, true)
#2 C:\xampp\htdocs\Cesde\3er_periodo\programacion_web\02_actividades\02_alquiler_inmuebles\app\Controllers\Home.php(18): view('layouts/nav')
#3 C:\xampp\htdocs\Cesde\3er_periodo\programacion_web\02_actividades\02_alquiler_inmuebles\system\CodeIgniter.php(936): App\Controllers\Home->index()
#4 C:\xampp\htdocs\Cesde\3er_periodo\programacion_web\02_actividades\02_alquiler_inmuebles\system\CodeIgniter.php(432): CodeIgniter\CodeIgniter->runController(Object(App\Controllers\Home))
#5 C:\xampp\htdocs\Cesde\3er_periodo\programacion_web\02_actividades\02_alquiler_inmuebles\system\CodeIgniter.php(333): CodeIgniter\CodeIgniter->handleRequest(NULL, Object(Config\Cache), false)
#6 C:\xampp\htdocs\Cesde\3er_periodo\programacion_web\02_actividades\02_alquiler_inmuebles\public\index.php(44): CodeIgniter\CodeIgniter->run()
#7 {main}
ERROR - 2021-06-04 22:14:20 --> mysqli_sql_exception: You have an error in your SQL syntax; check the manual that corresponds to your MariaDB server version for the right syntax to use near '' at line 1 in C:\xampp\htdocs\Cesde\3er_periodo\programacion_web\02_actividades\02_alquiler_inmuebles\system\Database\MySQLi\Connection.php:314
Stack trace:
#0 C:\xampp\htdocs\Cesde\3er_periodo\programacion_web\02_actividades\02_alquiler_inmuebles\system\Database\MySQLi\Connection.php(314): mysqli->query('SELECT * FROM (...')
#1 C:\xampp\htdocs\Cesde\3er_periodo\programacion_web\02_actividades\02_alquiler_inmuebles\system\Database\BaseConnection.php(713): CodeIgniter\Database\MySQLi\Connection->execute('SELECT * FROM (...')
#2 C:\xampp\htdocs\Cesde\3er_periodo\programacion_web\02_actividades\02_alquiler_inmuebles\system\Database\BaseConnection.php(641): CodeIgniter\Database\BaseConnection->simpleQuery('SELECT * FROM (...')
#3 C:\xampp\htdocs\Cesde\3er_periodo\programacion_web\02_actividades\02_alquiler_inmuebles\app\Models\ApartmentModel.php(56): CodeIgniter\Database\BaseConnection->query('SELECT * FROM (...')
#4 C:\xampp\htdocs\Cesde\3er_periodo\programacion_web\02_actividades\02_alquiler_inmuebles\app\Controllers\ApartmentController.php(51): App\Models\ApartmentModel->infoApartment(NULL)
#5 C:\xampp\htdocs\Cesde\3er_periodo\programacion_web\02_actividades\02_alquiler_inmuebles\system\CodeIgniter.php(936): App\Controllers\ApartmentController->infoApartment()
#6 C:\xampp\htdocs\Cesde\3er_periodo\programacion_web\02_actividades\02_alquiler_inmuebles\system\CodeIgniter.php(432): CodeIgniter\CodeIgniter->runController(Object(App\Controllers\ApartmentController))
#7 C:\xampp\htdocs\Cesde\3er_periodo\programacion_web\02_actividades\02_alquiler_inmuebles\system\CodeIgniter.php(333): CodeIgniter\CodeIgniter->handleRequest(NULL, Object(Config\Cache), false)
#8 C:\xampp\htdocs\Cesde\3er_periodo\programacion_web\02_actividades\02_alquiler_inmuebles\public\index.php(44): CodeIgniter\CodeIgniter->run()
#9 {main}
CRITICAL - 2021-06-04 22:14:20 --> Undefined array key 0
#0 C:\xampp\htdocs\Cesde\3er_periodo\programacion_web\02_actividades\02_alquiler_inmuebles\app\Views\apartment_update_view.php(24): CodeIgniter\Debug\Exceptions->errorHandler(2, 'Undefined array...', 'C:\\xampp\\htdocs...', 24)
#1 C:\xampp\htdocs\Cesde\3er_periodo\programacion_web\02_actividades\02_alquiler_inmuebles\system\View\View.php(220): include('C:\\xampp\\htdocs...')
#2 C:\xampp\htdocs\Cesde\3er_periodo\programacion_web\02_actividades\02_alquiler_inmuebles\system\View\View.php(222): CodeIgniter\View\View->CodeIgniter\View\{closure}()
#3 C:\xampp\htdocs\Cesde\3er_periodo\programacion_web\02_actividades\02_alquiler_inmuebles\system\Common.php(1217): CodeIgniter\View\View->render('apartment_updat...', Array, true)
#4 C:\xampp\htdocs\Cesde\3er_periodo\programacion_web\02_actividades\02_alquiler_inmuebles\app\Controllers\ApartmentController.php(64): view('apartment_updat...', Array)
#5 C:\xampp\htdocs\Cesde\3er_periodo\programacion_web\02_actividades\02_alquiler_inmuebles\system\CodeIgniter.php(936): App\Controllers\ApartmentController->infoApartment()
#6 C:\xampp\htdocs\Cesde\3er_periodo\programacion_web\02_actividades\02_alquiler_inmuebles\system\CodeIgniter.php(432): CodeIgniter\CodeIgniter->runController(Object(App\Controllers\ApartmentController))
#7 C:\xampp\htdocs\Cesde\3er_periodo\programacion_web\02_actividades\02_alquiler_inmuebles\system\CodeIgniter.php(333): CodeIgniter\CodeIgniter->handleRequest(NULL, Object(Config\Cache), false)
#8 C:\xampp\htdocs\Cesde\3er_periodo\programacion_web\02_actividades\02_alquiler_inmuebles\public\index.php(44): CodeIgniter\CodeIgniter->run()
#9 {main}
ERROR - 2021-06-04 22:17:04 --> mysqli_sql_exception: You have an error in your SQL syntax; check the manual that corresponds to your MariaDB server version for the right syntax to use near '' at line 1 in C:\xampp\htdocs\Cesde\3er_periodo\programacion_web\02_actividades\02_alquiler_inmuebles\system\Database\MySQLi\Connection.php:314
Stack trace:
#0 C:\xampp\htdocs\Cesde\3er_periodo\programacion_web\02_actividades\02_alquiler_inmuebles\system\Database\MySQLi\Connection.php(314): mysqli->query('SELECT * FROM (...')
#1 C:\xampp\htdocs\Cesde\3er_periodo\programacion_web\02_actividades\02_alquiler_inmuebles\system\Database\BaseConnection.php(713): CodeIgniter\Database\MySQLi\Connection->execute('SELECT * FROM (...')
#2 C:\xampp\htdocs\Cesde\3er_periodo\programacion_web\02_actividades\02_alquiler_inmuebles\system\Database\BaseConnection.php(641): CodeIgniter\Database\BaseConnection->simpleQuery('SELECT * FROM (...')
#3 C:\xampp\htdocs\Cesde\3er_periodo\programacion_web\02_actividades\02_alquiler_inmuebles\app\Models\ApartmentModel.php(56): CodeIgniter\Database\BaseConnection->query('SELECT * FROM (...')
#4 C:\xampp\htdocs\Cesde\3er_periodo\programacion_web\02_actividades\02_alquiler_inmuebles\app\Controllers\ApartmentController.php(51): App\Models\ApartmentModel->infoApartment(NULL)
#5 C:\xampp\htdocs\Cesde\3er_periodo\programacion_web\02_actividades\02_alquiler_inmuebles\system\CodeIgniter.php(936): App\Controllers\ApartmentController->infoApartment()
#6 C:\xampp\htdocs\Cesde\3er_periodo\programacion_web\02_actividades\02_alquiler_inmuebles\system\CodeIgniter.php(432): CodeIgniter\CodeIgniter->runController(Object(App\Controllers\ApartmentController))
#7 C:\xampp\htdocs\Cesde\3er_periodo\programacion_web\02_actividades\02_alquiler_inmuebles\system\CodeIgniter.php(333): CodeIgniter\CodeIgniter->handleRequest(NULL, Object(Config\Cache), false)
#8 C:\xampp\htdocs\Cesde\3er_periodo\programacion_web\02_actividades\02_alquiler_inmuebles\public\index.php(44): CodeIgniter\CodeIgniter->run()
#9 {main}
CRITICAL - 2021-06-04 22:17:04 --> Undefined array key 0
#0 C:\xampp\htdocs\Cesde\3er_periodo\programacion_web\02_actividades\02_alquiler_inmuebles\app\Views\apartment_update_view.php(24): CodeIgniter\Debug\Exceptions->errorHandler(2, 'Undefined array...', 'C:\\xampp\\htdocs...', 24)
#1 C:\xampp\htdocs\Cesde\3er_periodo\programacion_web\02_actividades\02_alquiler_inmuebles\system\View\View.php(220): include('C:\\xampp\\htdocs...')
#2 C:\xampp\htdocs\Cesde\3er_periodo\programacion_web\02_actividades\02_alquiler_inmuebles\system\View\View.php(222): CodeIgniter\View\View->CodeIgniter\View\{closure}()
#3 C:\xampp\htdocs\Cesde\3er_periodo\programacion_web\02_actividades\02_alquiler_inmuebles\system\Common.php(1217): CodeIgniter\View\View->render('apartment_updat...', Array, true)
#4 C:\xampp\htdocs\Cesde\3er_periodo\programacion_web\02_actividades\02_alquiler_inmuebles\app\Controllers\ApartmentController.php(64): view('apartment_updat...', Array)
#5 C:\xampp\htdocs\Cesde\3er_periodo\programacion_web\02_actividades\02_alquiler_inmuebles\system\CodeIgniter.php(936): App\Controllers\ApartmentController->infoApartment()
#6 C:\xampp\htdocs\Cesde\3er_periodo\programacion_web\02_actividades\02_alquiler_inmuebles\system\CodeIgniter.php(432): CodeIgniter\CodeIgniter->runController(Object(App\Controllers\ApartmentController))
#7 C:\xampp\htdocs\Cesde\3er_periodo\programacion_web\02_actividades\02_alquiler_inmuebles\system\CodeIgniter.php(333): CodeIgniter\CodeIgniter->handleRequest(NULL, Object(Config\Cache), false)
#8 C:\xampp\htdocs\Cesde\3er_periodo\programacion_web\02_actividades\02_alquiler_inmuebles\public\index.php(44): CodeIgniter\CodeIgniter->run()
#9 {main}
ERROR - 2021-06-04 22:17:12 --> mysqli_sql_exception: You have an error in your SQL syntax; check the manual that corresponds to your MariaDB server version for the right syntax to use near '' at line 1 in C:\xampp\htdocs\Cesde\3er_periodo\programacion_web\02_actividades\02_alquiler_inmuebles\system\Database\MySQLi\Connection.php:314
Stack trace:
#0 C:\xampp\htdocs\Cesde\3er_periodo\programacion_web\02_actividades\02_alquiler_inmuebles\system\Database\MySQLi\Connection.php(314): mysqli->query('SELECT * FROM (...')
#1 C:\xampp\htdocs\Cesde\3er_periodo\programacion_web\02_actividades\02_alquiler_inmuebles\system\Database\BaseConnection.php(713): CodeIgniter\Database\MySQLi\Connection->execute('SELECT * FROM (...')
#2 C:\xampp\htdocs\Cesde\3er_periodo\programacion_web\02_actividades\02_alquiler_inmuebles\system\Database\BaseConnection.php(641): CodeIgniter\Database\BaseConnection->simpleQuery('SELECT * FROM (...')
#3 C:\xampp\htdocs\Cesde\3er_periodo\programacion_web\02_actividades\02_alquiler_inmuebles\app\Models\ApartmentModel.php(56): CodeIgniter\Database\BaseConnection->query('SELECT * FROM (...')
#4 C:\xampp\htdocs\Cesde\3er_periodo\programacion_web\02_actividades\02_alquiler_inmuebles\app\Controllers\ApartmentController.php(51): App\Models\ApartmentModel->infoApartment(NULL)
#5 C:\xampp\htdocs\Cesde\3er_periodo\programacion_web\02_actividades\02_alquiler_inmuebles\system\CodeIgniter.php(936): App\Controllers\ApartmentController->infoApartment()
#6 C:\xampp\htdocs\Cesde\3er_periodo\programacion_web\02_actividades\02_alquiler_inmuebles\system\CodeIgniter.php(432): CodeIgniter\CodeIgniter->runController(Object(App\Controllers\ApartmentController))
#7 C:\xampp\htdocs\Cesde\3er_periodo\programacion_web\02_actividades\02_alquiler_inmuebles\system\CodeIgniter.php(333): CodeIgniter\CodeIgniter->handleRequest(NULL, Object(Config\Cache), false)
#8 C:\xampp\htdocs\Cesde\3er_periodo\programacion_web\02_actividades\02_alquiler_inmuebles\public\index.php(44): CodeIgniter\CodeIgniter->run()
#9 {main}
CRITICAL - 2021-06-04 22:17:12 --> Undefined array key 0
#0 C:\xampp\htdocs\Cesde\3er_periodo\programacion_web\02_actividades\02_alquiler_inmuebles\app\Views\apartment_update_view.php(24): CodeIgniter\Debug\Exceptions->errorHandler(2, 'Undefined array...', 'C:\\xampp\\htdocs...', 24)
#1 C:\xampp\htdocs\Cesde\3er_periodo\programacion_web\02_actividades\02_alquiler_inmuebles\system\View\View.php(220): include('C:\\xampp\\htdocs...')
#2 C:\xampp\htdocs\Cesde\3er_periodo\programacion_web\02_actividades\02_alquiler_inmuebles\system\View\View.php(222): CodeIgniter\View\View->CodeIgniter\View\{closure}()
#3 C:\xampp\htdocs\Cesde\3er_periodo\programacion_web\02_actividades\02_alquiler_inmuebles\system\Common.php(1217): CodeIgniter\View\View->render('apartment_updat...', Array, true)
#4 C:\xampp\htdocs\Cesde\3er_periodo\programacion_web\02_actividades\02_alquiler_inmuebles\app\Controllers\ApartmentController.php(64): view('apartment_updat...', Array)
#5 C:\xampp\htdocs\Cesde\3er_periodo\programacion_web\02_actividades\02_alquiler_inmuebles\system\CodeIgniter.php(936): App\Controllers\ApartmentController->infoApartment()
#6 C:\xampp\htdocs\Cesde\3er_periodo\programacion_web\02_actividades\02_alquiler_inmuebles\system\CodeIgniter.php(432): CodeIgniter\CodeIgniter->runController(Object(App\Controllers\ApartmentController))
#7 C:\xampp\htdocs\Cesde\3er_periodo\programacion_web\02_actividades\02_alquiler_inmuebles\system\CodeIgniter.php(333): CodeIgniter\CodeIgniter->handleRequest(NULL, Object(Config\Cache), false)
#8 C:\xampp\htdocs\Cesde\3er_periodo\programacion_web\02_actividades\02_alquiler_inmuebles\public\index.php(44): CodeIgniter\CodeIgniter->run()
#9 {main}
CRITICAL - 2021-06-04 22:57:00 --> syntax error, unexpected token "}", expecting "," or ";"
#0 C:\xampp\htdocs\Cesde\3er_periodo\programacion_web\02_actividades\02_alquiler_inmuebles\system\View\View.php(222): CodeIgniter\View\View->CodeIgniter\View\{closure}()
#1 C:\xampp\htdocs\Cesde\3er_periodo\programacion_web\02_actividades\02_alquiler_inmuebles\system\Common.php(1217): CodeIgniter\View\View->render('profile_view', Array, true)
#2 C:\xampp\htdocs\Cesde\3er_periodo\programacion_web\02_actividades\02_alquiler_inmuebles\app\Controllers\ProfileController.php(24): view('profile_view', Array)
#3 C:\xampp\htdocs\Cesde\3er_periodo\programacion_web\02_actividades\02_alquiler_inmuebles\system\CodeIgniter.php(936): App\Controllers\ProfileController->index()
#4 C:\xampp\htdocs\Cesde\3er_periodo\programacion_web\02_actividades\02_alquiler_inmuebles\system\CodeIgniter.php(432): CodeIgniter\CodeIgniter->runController(Object(App\Controllers\ProfileController))
#5 C:\xampp\htdocs\Cesde\3er_periodo\programacion_web\02_actividades\02_alquiler_inmuebles\system\CodeIgniter.php(333): CodeIgniter\CodeIgniter->handleRequest(NULL, Object(Config\Cache), false)
#6 C:\xampp\htdocs\Cesde\3er_periodo\programacion_web\02_actividades\02_alquiler_inmuebles\public\index.php(44): CodeIgniter\CodeIgniter->run()
#7 {main}
