CRITICAL - 2021-06-05 21:42:53 --> Undefined variable $apartment
#0 C:\xampp\htdocs\Cesde\3er_periodo\programacion_web\02_actividades\02_alquiler_inmuebles\app\Views\profile_edit_view.php(26): CodeIgniter\Debug\Exceptions->errorHandler(2, 'Undefined varia...', 'C:\\xampp\\htdocs...', 26)
#1 C:\xampp\htdocs\Cesde\3er_periodo\programacion_web\02_actividades\02_alquiler_inmuebles\system\View\View.php(220): include('C:\\xampp\\htdocs...')
#2 C:\xampp\htdocs\Cesde\3er_periodo\programacion_web\02_actividades\02_alquiler_inmuebles\system\View\View.php(222): CodeIgniter\View\View->CodeIgniter\View\{closure}()
#3 C:\xampp\htdocs\Cesde\3er_periodo\programacion_web\02_actividades\02_alquiler_inmuebles\system\Common.php(1217): CodeIgniter\View\View->render('profile_edit_vi...', Array, true)
#4 C:\xampp\htdocs\Cesde\3er_periodo\programacion_web\02_actividades\02_alquiler_inmuebles\app\Controllers\ProfileController.php(57): view('profile_edit_vi...', Array)
#5 C:\xampp\htdocs\Cesde\3er_periodo\programacion_web\02_actividades\02_alquiler_inmuebles\system\CodeIgniter.php(936): App\Controllers\ProfileController->editAccount()
#6 C:\xampp\htdocs\Cesde\3er_periodo\programacion_web\02_actividades\02_alquiler_inmuebles\system\CodeIgniter.php(432): CodeIgniter\CodeIgniter->runController(Object(App\Controllers\ProfileController))
#7 C:\xampp\htdocs\Cesde\3er_periodo\programacion_web\02_actividades\02_alquiler_inmuebles\system\CodeIgniter.php(333): CodeIgniter\CodeIgniter->handleRequest(NULL, Object(Config\Cache), false)
#8 C:\xampp\htdocs\Cesde\3er_periodo\programacion_web\02_actividades\02_alquiler_inmuebles\public\index.php(44): CodeIgniter\CodeIgniter->run()
#9 {main}
CRITICAL - 2021-06-05 21:44:51 --> Undefined variable $user
#0 C:\xampp\htdocs\Cesde\3er_periodo\programacion_web\02_actividades\02_alquiler_inmuebles\app\Views\profile_edit_view.php(26): CodeIgniter\Debug\Exceptions->errorHandler(2, 'Undefined varia...', 'C:\\xampp\\htdocs...', 26)
#1 C:\xampp\htdocs\Cesde\3er_periodo\programacion_web\02_actividades\02_alquiler_inmuebles\system\View\View.php(220): include('C:\\xampp\\htdocs...')
#2 C:\xampp\htdocs\Cesde\3er_periodo\programacion_web\02_actividades\02_alquiler_inmuebles\system\View\View.php(222): CodeIgniter\View\View->CodeIgniter\View\{closure}()
#3 C:\xampp\htdocs\Cesde\3er_periodo\programacion_web\02_actividades\02_alquiler_inmuebles\system\Common.php(1217): CodeIgniter\View\View->render('profile_edit_vi...', Array, true)
#4 C:\xampp\htdocs\Cesde\3er_periodo\programacion_web\02_actividades\02_alquiler_inmuebles\app\Controllers\ProfileController.php(57): view('profile_edit_vi...', Array)
#5 C:\xampp\htdocs\Cesde\3er_periodo\programacion_web\02_actividades\02_alquiler_inmuebles\system\CodeIgniter.php(936): App\Controllers\ProfileController->editAccount()
#6 C:\xampp\htdocs\Cesde\3er_periodo\programacion_web\02_actividades\02_alquiler_inmuebles\system\CodeIgniter.php(432): CodeIgniter\CodeIgniter->runController(Object(App\Controllers\ProfileController))
#7 C:\xampp\htdocs\Cesde\3er_periodo\programacion_web\02_actividades\02_alquiler_inmuebles\system\CodeIgniter.php(333): CodeIgniter\CodeIgniter->handleRequest(NULL, Object(Config\Cache), false)
#8 C:\xampp\htdocs\Cesde\3er_periodo\programacion_web\02_actividades\02_alquiler_inmuebles\public\index.php(44): CodeIgniter\CodeIgniter->run()
#9 {main}
CRITICAL - 2021-06-05 21:44:56 --> Undefined variable $user
#0 C:\xampp\htdocs\Cesde\3er_periodo\programacion_web\02_actividades\02_alquiler_inmuebles\app\Views\profile_edit_view.php(26): CodeIgniter\Debug\Exceptions->errorHandler(2, 'Undefined varia...', 'C:\\xampp\\htdocs...', 26)
#1 C:\xampp\htdocs\Cesde\3er_periodo\programacion_web\02_actividades\02_alquiler_inmuebles\system\View\View.php(220): include('C:\\xampp\\htdocs...')
#2 C:\xampp\htdocs\Cesde\3er_periodo\programacion_web\02_actividades\02_alquiler_inmuebles\system\View\View.php(222): CodeIgniter\View\View->CodeIgniter\View\{closure}()
#3 C:\xampp\htdocs\Cesde\3er_periodo\programacion_web\02_actividades\02_alquiler_inmuebles\system\Common.php(1217): CodeIgniter\View\View->render('profile_edit_vi...', Array, true)
#4 C:\xampp\htdocs\Cesde\3er_periodo\programacion_web\02_actividades\02_alquiler_inmuebles\app\Controllers\ProfileController.php(57): view('profile_edit_vi...', Array)
#5 C:\xampp\htdocs\Cesde\3er_periodo\programacion_web\02_actividades\02_alquiler_inmuebles\system\CodeIgniter.php(936): App\Controllers\ProfileController->editAccount()
#6 C:\xampp\htdocs\Cesde\3er_periodo\programacion_web\02_actividades\02_alquiler_inmuebles\system\CodeIgniter.php(432): CodeIgniter\CodeIgniter->runController(Object(App\Controllers\ProfileController))
#7 C:\xampp\htdocs\Cesde\3er_periodo\programacion_web\02_actividades\02_alquiler_inmuebles\system\CodeIgniter.php(333): CodeIgniter\CodeIgniter->handleRequest(NULL, Object(Config\Cache), false)
#8 C:\xampp\htdocs\Cesde\3er_periodo\programacion_web\02_actividades\02_alquiler_inmuebles\public\index.php(44): CodeIgniter\CodeIgniter->run()
#9 {main}
CRITICAL - 2021-06-05 22:47:02 --> You must set the database table to be used with your query.
#0 C:\xampp\htdocs\Cesde\3er_periodo\programacion_web\02_actividades\02_alquiler_inmuebles\system\Model.php(615): CodeIgniter\Database\BaseConnection->table(NULL)
#1 C:\xampp\htdocs\Cesde\3er_periodo\programacion_web\02_actividades\02_alquiler_inmuebles\system\Model.php(834): CodeIgniter\Model->builder()
#2 C:\xampp\htdocs\Cesde\3er_periodo\programacion_web\02_actividades\02_alquiler_inmuebles\app\Controllers\ProfileController.php(99): CodeIgniter\Model->__call('addApartment', Array)
#3 C:\xampp\htdocs\Cesde\3er_periodo\programacion_web\02_actividades\02_alquiler_inmuebles\system\CodeIgniter.php(936): App\Controllers\ProfileController->editAccountUpdate()
#4 C:\xampp\htdocs\Cesde\3er_periodo\programacion_web\02_actividades\02_alquiler_inmuebles\system\CodeIgniter.php(432): CodeIgniter\CodeIgniter->runController(Object(App\Controllers\ProfileController))
#5 C:\xampp\htdocs\Cesde\3er_periodo\programacion_web\02_actividades\02_alquiler_inmuebles\system\CodeIgniter.php(333): CodeIgniter\CodeIgniter->handleRequest(NULL, Object(Config\Cache), false)
#6 C:\xampp\htdocs\Cesde\3er_periodo\programacion_web\02_actividades\02_alquiler_inmuebles\public\index.php(44): CodeIgniter\CodeIgniter->run()
#7 {main}
ERROR - 2021-06-05 22:48:56 --> mysqli_sql_exception: You have an error in your SQL syntax; check the manual that corresponds to your MariaDB server version for the right syntax to use near ' idCountry = , email = 'designifrit@gmail.com', password = '123', role = on, ...' at line 1 in C:\xampp\htdocs\Cesde\3er_periodo\programacion_web\02_actividades\02_alquiler_inmuebles\system\Database\MySQLi\Connection.php:314
Stack trace:
#0 C:\xampp\htdocs\Cesde\3er_periodo\programacion_web\02_actividades\02_alquiler_inmuebles\system\Database\MySQLi\Connection.php(314): mysqli->query('UPDATE user SET...')
#1 C:\xampp\htdocs\Cesde\3er_periodo\programacion_web\02_actividades\02_alquiler_inmuebles\system\Database\BaseConnection.php(713): CodeIgniter\Database\MySQLi\Connection->execute('UPDATE user SET...')
#2 C:\xampp\htdocs\Cesde\3er_periodo\programacion_web\02_actividades\02_alquiler_inmuebles\system\Database\BaseConnection.php(641): CodeIgniter\Database\BaseConnection->simpleQuery('UPDATE user SET...')
#3 C:\xampp\htdocs\Cesde\3er_periodo\programacion_web\02_actividades\02_alquiler_inmuebles\app\Models\AccountModel.php(36): CodeIgniter\Database\BaseConnection->query('UPDATE user SET...')
#4 C:\xampp\htdocs\Cesde\3er_periodo\programacion_web\02_actividades\02_alquiler_inmuebles\app\Controllers\ProfileController.php(98): App\Models\AccountModel->updateAccount('1', 'Alejandro', 'Orozco', NULL, NULL, 'designifrit@gma...', '123', 'on', 'Lorem ipsum dol...', 'http://localhos...')
#5 C:\xampp\htdocs\Cesde\3er_periodo\programacion_web\02_actividades\02_alquiler_inmuebles\system\CodeIgniter.php(936): App\Controllers\ProfileController->editAccountUpdate()
#6 C:\xampp\htdocs\Cesde\3er_periodo\programacion_web\02_actividades\02_alquiler_inmuebles\system\CodeIgniter.php(432): CodeIgniter\CodeIgniter->runController(Object(App\Controllers\ProfileController))
#7 C:\xampp\htdocs\Cesde\3er_periodo\programacion_web\02_actividades\02_alquiler_inmuebles\system\CodeIgniter.php(333): CodeIgniter\CodeIgniter->handleRequest(NULL, Object(Config\Cache), false)
#8 C:\xampp\htdocs\Cesde\3er_periodo\programacion_web\02_actividades\02_alquiler_inmuebles\public\index.php(44): CodeIgniter\CodeIgniter->run()
#9 {main}
ERROR - 2021-06-05 22:53:15 --> mysqli_sql_exception: You have an error in your SQL syntax; check the manual that corresponds to your MariaDB server version for the right syntax to use near ' idCountry = , email = 'designifrit@gmail.com', password = '123', role = on, ...' at line 1 in C:\xampp\htdocs\Cesde\3er_periodo\programacion_web\02_actividades\02_alquiler_inmuebles\system\Database\MySQLi\Connection.php:314
Stack trace:
#0 C:\xampp\htdocs\Cesde\3er_periodo\programacion_web\02_actividades\02_alquiler_inmuebles\system\Database\MySQLi\Connection.php(314): mysqli->query('UPDATE user SET...')
#1 C:\xampp\htdocs\Cesde\3er_periodo\programacion_web\02_actividades\02_alquiler_inmuebles\system\Database\BaseConnection.php(713): CodeIgniter\Database\MySQLi\Connection->execute('UPDATE user SET...')
#2 C:\xampp\htdocs\Cesde\3er_periodo\programacion_web\02_actividades\02_alquiler_inmuebles\system\Database\BaseConnection.php(641): CodeIgniter\Database\BaseConnection->simpleQuery('UPDATE user SET...')
#3 C:\xampp\htdocs\Cesde\3er_periodo\programacion_web\02_actividades\02_alquiler_inmuebles\app\Models\AccountModel.php(36): CodeIgniter\Database\BaseConnection->query('UPDATE user SET...')
#4 C:\xampp\htdocs\Cesde\3er_periodo\programacion_web\02_actividades\02_alquiler_inmuebles\app\Controllers\ProfileController.php(98): App\Models\AccountModel->updateAccount('1', 'Alejandro', 'Orozco', NULL, NULL, 'designifrit@gma...', '123', 'on', 'Lorem ipsum dol...', 'http://localhos...')
#5 C:\xampp\htdocs\Cesde\3er_periodo\programacion_web\02_actividades\02_alquiler_inmuebles\system\CodeIgniter.php(936): App\Controllers\ProfileController->editAccountUpdate()
#6 C:\xampp\htdocs\Cesde\3er_periodo\programacion_web\02_actividades\02_alquiler_inmuebles\system\CodeIgniter.php(432): CodeIgniter\CodeIgniter->runController(Object(App\Controllers\ProfileController))
#7 C:\xampp\htdocs\Cesde\3er_periodo\programacion_web\02_actividades\02_alquiler_inmuebles\system\CodeIgniter.php(333): CodeIgniter\CodeIgniter->handleRequest(NULL, Object(Config\Cache), false)
#8 C:\xampp\htdocs\Cesde\3er_periodo\programacion_web\02_actividades\02_alquiler_inmuebles\public\index.php(44): CodeIgniter\CodeIgniter->run()
#9 {main}
ERROR - 2021-06-05 22:59:20 --> mysqli_sql_exception: You have an error in your SQL syntax; check the manual that corresponds to your MariaDB server version for the right syntax to use near ' idCountry = , email = 'designifrit@gmail.com', password = '123', role = on, ...' at line 1 in C:\xampp\htdocs\Cesde\3er_periodo\programacion_web\02_actividades\02_alquiler_inmuebles\system\Database\MySQLi\Connection.php:314
Stack trace:
#0 C:\xampp\htdocs\Cesde\3er_periodo\programacion_web\02_actividades\02_alquiler_inmuebles\system\Database\MySQLi\Connection.php(314): mysqli->query('UPDATE user SET...')
#1 C:\xampp\htdocs\Cesde\3er_periodo\programacion_web\02_actividades\02_alquiler_inmuebles\system\Database\BaseConnection.php(713): CodeIgniter\Database\MySQLi\Connection->execute('UPDATE user SET...')
#2 C:\xampp\htdocs\Cesde\3er_periodo\programacion_web\02_actividades\02_alquiler_inmuebles\system\Database\BaseConnection.php(641): CodeIgniter\Database\BaseConnection->simpleQuery('UPDATE user SET...')
#3 C:\xampp\htdocs\Cesde\3er_periodo\programacion_web\02_actividades\02_alquiler_inmuebles\app\Models\AccountModel.php(36): CodeIgniter\Database\BaseConnection->query('UPDATE user SET...')
#4 C:\xampp\htdocs\Cesde\3er_periodo\programacion_web\02_actividades\02_alquiler_inmuebles\app\Controllers\ProfileController.php(98): App\Models\AccountModel->updateAccount('1', 'Alejandro', 'Orozco', NULL, NULL, 'designifrit@gma...', '123', 'on', 'Dise\xC3\xB1ador visu...', 'http://localhos...')
#5 C:\xampp\htdocs\Cesde\3er_periodo\programacion_web\02_actividades\02_alquiler_inmuebles\system\CodeIgniter.php(936): App\Controllers\ProfileController->editAccountUpdate()
#6 C:\xampp\htdocs\Cesde\3er_periodo\programacion_web\02_actividades\02_alquiler_inmuebles\system\CodeIgniter.php(432): CodeIgniter\CodeIgniter->runController(Object(App\Controllers\ProfileController))
#7 C:\xampp\htdocs\Cesde\3er_periodo\programacion_web\02_actividades\02_alquiler_inmuebles\system\CodeIgniter.php(333): CodeIgniter\CodeIgniter->handleRequest(NULL, Object(Config\Cache), false)
#8 C:\xampp\htdocs\Cesde\3er_periodo\programacion_web\02_actividades\02_alquiler_inmuebles\public\index.php(44): CodeIgniter\CodeIgniter->run()
#9 {main}
ERROR - 2021-06-05 23:05:00 --> mysqli_sql_exception: You have an error in your SQL syntax; check the manual that corresponds to your MariaDB server version for the right syntax to use near ' idCountry = , email = 'designifrit@gmail.com', password = '123', role = on, ...' at line 1 in C:\xampp\htdocs\Cesde\3er_periodo\programacion_web\02_actividades\02_alquiler_inmuebles\system\Database\MySQLi\Connection.php:314
Stack trace:
#0 C:\xampp\htdocs\Cesde\3er_periodo\programacion_web\02_actividades\02_alquiler_inmuebles\system\Database\MySQLi\Connection.php(314): mysqli->query('UPDATE user SET...')
#1 C:\xampp\htdocs\Cesde\3er_periodo\programacion_web\02_actividades\02_alquiler_inmuebles\system\Database\BaseConnection.php(713): CodeIgniter\Database\MySQLi\Connection->execute('UPDATE user SET...')
#2 C:\xampp\htdocs\Cesde\3er_periodo\programacion_web\02_actividades\02_alquiler_inmuebles\system\Database\BaseConnection.php(641): CodeIgniter\Database\BaseConnection->simpleQuery('UPDATE user SET...')
#3 C:\xampp\htdocs\Cesde\3er_periodo\programacion_web\02_actividades\02_alquiler_inmuebles\app\Models\AccountModel.php(36): CodeIgniter\Database\BaseConnection->query('UPDATE user SET...')
#4 C:\xampp\htdocs\Cesde\3er_periodo\programacion_web\02_actividades\02_alquiler_inmuebles\app\Controllers\ProfileController.php(98): App\Models\AccountModel->updateAccount('1', 'Alejandro', 'Orozco', NULL, NULL, 'designifrit@gma...', '123', 'on', 'Dise\xC3\xB1ador visu...', 'http://localhos...')
#5 C:\xampp\htdocs\Cesde\3er_periodo\programacion_web\02_actividades\02_alquiler_inmuebles\system\CodeIgniter.php(936): App\Controllers\ProfileController->editAccountUpdate()
#6 C:\xampp\htdocs\Cesde\3er_periodo\programacion_web\02_actividades\02_alquiler_inmuebles\system\CodeIgniter.php(432): CodeIgniter\CodeIgniter->runController(Object(App\Controllers\ProfileController))
#7 C:\xampp\htdocs\Cesde\3er_periodo\programacion_web\02_actividades\02_alquiler_inmuebles\system\CodeIgniter.php(333): CodeIgniter\CodeIgniter->handleRequest(NULL, Object(Config\Cache), false)
#8 C:\xampp\htdocs\Cesde\3er_periodo\programacion_web\02_actividades\02_alquiler_inmuebles\public\index.php(44): CodeIgniter\CodeIgniter->run()
#9 {main}
ERROR - 2021-06-05 23:05:17 --> mysqli_sql_exception: You have an error in your SQL syntax; check the manual that corresponds to your MariaDB server version for the right syntax to use near ' idCountry = , email = 'designifrit@gmail.com', password = '123', role = on, ...' at line 1 in C:\xampp\htdocs\Cesde\3er_periodo\programacion_web\02_actividades\02_alquiler_inmuebles\system\Database\MySQLi\Connection.php:314
Stack trace:
#0 C:\xampp\htdocs\Cesde\3er_periodo\programacion_web\02_actividades\02_alquiler_inmuebles\system\Database\MySQLi\Connection.php(314): mysqli->query('UPDATE user SET...')
#1 C:\xampp\htdocs\Cesde\3er_periodo\programacion_web\02_actividades\02_alquiler_inmuebles\system\Database\BaseConnection.php(713): CodeIgniter\Database\MySQLi\Connection->execute('UPDATE user SET...')
#2 C:\xampp\htdocs\Cesde\3er_periodo\programacion_web\02_actividades\02_alquiler_inmuebles\system\Database\BaseConnection.php(641): CodeIgniter\Database\BaseConnection->simpleQuery('UPDATE user SET...')
#3 C:\xampp\htdocs\Cesde\3er_periodo\programacion_web\02_actividades\02_alquiler_inmuebles\app\Models\AccountModel.php(36): CodeIgniter\Database\BaseConnection->query('UPDATE user SET...')
#4 C:\xampp\htdocs\Cesde\3er_periodo\programacion_web\02_actividades\02_alquiler_inmuebles\app\Controllers\ProfileController.php(98): App\Models\AccountModel->updateAccount('1', 'Alejandro', 'Orozco', NULL, NULL, 'designifrit@gma...', '123', 'on', 'Dise\xC3\xB1ador visu...', 'http://localhos...')
#5 C:\xampp\htdocs\Cesde\3er_periodo\programacion_web\02_actividades\02_alquiler_inmuebles\system\CodeIgniter.php(936): App\Controllers\ProfileController->editAccountUpdate()
#6 C:\xampp\htdocs\Cesde\3er_periodo\programacion_web\02_actividades\02_alquiler_inmuebles\system\CodeIgniter.php(432): CodeIgniter\CodeIgniter->runController(Object(App\Controllers\ProfileController))
#7 C:\xampp\htdocs\Cesde\3er_periodo\programacion_web\02_actividades\02_alquiler_inmuebles\system\CodeIgniter.php(333): CodeIgniter\CodeIgniter->handleRequest(NULL, Object(Config\Cache), false)
#8 C:\xampp\htdocs\Cesde\3er_periodo\programacion_web\02_actividades\02_alquiler_inmuebles\public\index.php(44): CodeIgniter\CodeIgniter->run()
#9 {main}
ERROR - 2021-06-05 23:46:50 --> mysqli_sql_exception: You have an error in your SQL syntax; check the manual that corresponds to your MariaDB server version for the right syntax to use near '= 1, idCountry = 1, email = 'angeloch02@gmail.com', password = '123', role = ...' at line 1 in C:\xampp\htdocs\Cesde\3er_periodo\programacion_web\02_actividades\02_alquiler_inmuebles\system\Database\MySQLi\Connection.php:314
Stack trace:
#0 C:\xampp\htdocs\Cesde\3er_periodo\programacion_web\02_actividades\02_alquiler_inmuebles\system\Database\MySQLi\Connection.php(314): mysqli->query('UPDATE user SET...')
#1 C:\xampp\htdocs\Cesde\3er_periodo\programacion_web\02_actividades\02_alquiler_inmuebles\system\Database\BaseConnection.php(713): CodeIgniter\Database\MySQLi\Connection->execute('UPDATE user SET...')
#2 C:\xampp\htdocs\Cesde\3er_periodo\programacion_web\02_actividades\02_alquiler_inmuebles\system\Database\BaseConnection.php(641): CodeIgniter\Database\BaseConnection->simpleQuery('UPDATE user SET...')
#3 C:\xampp\htdocs\Cesde\3er_periodo\programacion_web\02_actividades\02_alquiler_inmuebles\app\Models\AccountModel.php(36): CodeIgniter\Database\BaseConnection->query('UPDATE user SET...')
#4 C:\xampp\htdocs\Cesde\3er_periodo\programacion_web\02_actividades\02_alquiler_inmuebles\app\Controllers\ProfileController.php(87): App\Models\AccountModel->updateAccount('2', 'Angelo', 'Orozco', '1', '1', 'angeloch02@gmai...', '123', '0', 'Lorem ipsum dol...', 'http://localhos...')
#5 C:\xampp\htdocs\Cesde\3er_periodo\programacion_web\02_actividades\02_alquiler_inmuebles\system\CodeIgniter.php(936): App\Controllers\ProfileController->editAccount()
#6 C:\xampp\htdocs\Cesde\3er_periodo\programacion_web\02_actividades\02_alquiler_inmuebles\system\CodeIgniter.php(432): CodeIgniter\CodeIgniter->runController(Object(App\Controllers\ProfileController))
#7 C:\xampp\htdocs\Cesde\3er_periodo\programacion_web\02_actividades\02_alquiler_inmuebles\system\CodeIgniter.php(333): CodeIgniter\CodeIgniter->handleRequest(NULL, Object(Config\Cache), false)
#8 C:\xampp\htdocs\Cesde\3er_periodo\programacion_web\02_actividades\02_alquiler_inmuebles\public\index.php(44): CodeIgniter\CodeIgniter->run()
#9 {main}
ERROR - 2021-06-05 23:47:36 --> mysqli_sql_exception: You have an error in your SQL syntax; check the manual that corresponds to your MariaDB server version for the right syntax to use near '= 7, idCountry = 1, email = 'designifrit@gmail.com', password = '123', role =...' at line 1 in C:\xampp\htdocs\Cesde\3er_periodo\programacion_web\02_actividades\02_alquiler_inmuebles\system\Database\MySQLi\Connection.php:314
Stack trace:
#0 C:\xampp\htdocs\Cesde\3er_periodo\programacion_web\02_actividades\02_alquiler_inmuebles\system\Database\MySQLi\Connection.php(314): mysqli->query('UPDATE user SET...')
#1 C:\xampp\htdocs\Cesde\3er_periodo\programacion_web\02_actividades\02_alquiler_inmuebles\system\Database\BaseConnection.php(713): CodeIgniter\Database\MySQLi\Connection->execute('UPDATE user SET...')
#2 C:\xampp\htdocs\Cesde\3er_periodo\programacion_web\02_actividades\02_alquiler_inmuebles\system\Database\BaseConnection.php(641): CodeIgniter\Database\BaseConnection->simpleQuery('UPDATE user SET...')
#3 C:\xampp\htdocs\Cesde\3er_periodo\programacion_web\02_actividades\02_alquiler_inmuebles\app\Models\AccountModel.php(36): CodeIgniter\Database\BaseConnection->query('UPDATE user SET...')
#4 C:\xampp\htdocs\Cesde\3er_periodo\programacion_web\02_actividades\02_alquiler_inmuebles\app\Controllers\ProfileController.php(87): App\Models\AccountModel->updateAccount('1', 'Alejandro', 'Orozco', '7', '1', 'designifrit@gma...', '123', '1', 'Dise\xC3\xB1ador visu...', 'http://localhos...')
#5 C:\xampp\htdocs\Cesde\3er_periodo\programacion_web\02_actividades\02_alquiler_inmuebles\system\CodeIgniter.php(936): App\Controllers\ProfileController->editAccount()
#6 C:\xampp\htdocs\Cesde\3er_periodo\programacion_web\02_actividades\02_alquiler_inmuebles\system\CodeIgniter.php(432): CodeIgniter\CodeIgniter->runController(Object(App\Controllers\ProfileController))
#7 C:\xampp\htdocs\Cesde\3er_periodo\programacion_web\02_actividades\02_alquiler_inmuebles\system\CodeIgniter.php(333): CodeIgniter\CodeIgniter->handleRequest(NULL, Object(Config\Cache), false)
#8 C:\xampp\htdocs\Cesde\3er_periodo\programacion_web\02_actividades\02_alquiler_inmuebles\public\index.php(44): CodeIgniter\CodeIgniter->run()
#9 {main}
ERROR - 2021-06-05 23:49:23 --> mysqli_sql_exception: You have an error in your SQL syntax; check the manual that corresponds to your MariaDB server version for the right syntax to use near '= 8, idCountry = 1, email = 'designifrit@gmail.com', password = '123', role =...' at line 1 in C:\xampp\htdocs\Cesde\3er_periodo\programacion_web\02_actividades\02_alquiler_inmuebles\system\Database\MySQLi\Connection.php:314
Stack trace:
#0 C:\xampp\htdocs\Cesde\3er_periodo\programacion_web\02_actividades\02_alquiler_inmuebles\system\Database\MySQLi\Connection.php(314): mysqli->query('UPDATE user SET...')
#1 C:\xampp\htdocs\Cesde\3er_periodo\programacion_web\02_actividades\02_alquiler_inmuebles\system\Database\BaseConnection.php(713): CodeIgniter\Database\MySQLi\Connection->execute('UPDATE user SET...')
#2 C:\xampp\htdocs\Cesde\3er_periodo\programacion_web\02_actividades\02_alquiler_inmuebles\system\Database\BaseConnection.php(641): CodeIgniter\Database\BaseConnection->simpleQuery('UPDATE user SET...')
#3 C:\xampp\htdocs\Cesde\3er_periodo\programacion_web\02_actividades\02_alquiler_inmuebles\app\Models\AccountModel.php(36): CodeIgniter\Database\BaseConnection->query('UPDATE user SET...')
#4 C:\xampp\htdocs\Cesde\3er_periodo\programacion_web\02_actividades\02_alquiler_inmuebles\app\Controllers\ProfileController.php(87): App\Models\AccountModel->updateAccount('1', 'Alejandro', 'Orozco', '8', '1', 'designifrit@gma...', '123', '1', 'Dise\xC3\xB1ador visu...', 'http://localhos...')
#5 C:\xampp\htdocs\Cesde\3er_periodo\programacion_web\02_actividades\02_alquiler_inmuebles\system\CodeIgniter.php(936): App\Controllers\ProfileController->editAccount()
#6 C:\xampp\htdocs\Cesde\3er_periodo\programacion_web\02_actividades\02_alquiler_inmuebles\system\CodeIgniter.php(432): CodeIgniter\CodeIgniter->runController(Object(App\Controllers\ProfileController))
#7 C:\xampp\htdocs\Cesde\3er_periodo\programacion_web\02_actividades\02_alquiler_inmuebles\system\CodeIgniter.php(333): CodeIgniter\CodeIgniter->handleRequest(NULL, Object(Config\Cache), false)
#8 C:\xampp\htdocs\Cesde\3er_periodo\programacion_web\02_actividades\02_alquiler_inmuebles\public\index.php(44): CodeIgniter\CodeIgniter->run()
#9 {main}
