CRITICAL - 2021-05-18 21:48:02 --> Undefined variable $countries
#0 C:\xampp\htdocs\Cesde\3er_periodo\programacion_web\02_actividades\02_alquiler_inmuebles\app\Views\signup_view.php(36): CodeIgniter\Debug\Exceptions->errorHandler(2, 'Undefined varia...', 'C:\\xampp\\htdocs...', 36)
#1 C:\xampp\htdocs\Cesde\3er_periodo\programacion_web\02_actividades\02_alquiler_inmuebles\system\View\View.php(220): include('C:\\xampp\\htdocs...')
#2 C:\xampp\htdocs\Cesde\3er_periodo\programacion_web\02_actividades\02_alquiler_inmuebles\system\View\View.php(222): CodeIgniter\View\View->CodeIgniter\View\{closure}()
#3 C:\xampp\htdocs\Cesde\3er_periodo\programacion_web\02_actividades\02_alquiler_inmuebles\system\Common.php(1217): CodeIgniter\View\View->render('signup_view', Array, true)
#4 C:\xampp\htdocs\Cesde\3er_periodo\programacion_web\02_actividades\02_alquiler_inmuebles\app\Controllers\SignupController.php(11): view('signup_view')
#5 C:\xampp\htdocs\Cesde\3er_periodo\programacion_web\02_actividades\02_alquiler_inmuebles\system\CodeIgniter.php(936): App\Controllers\SignupController->index()
#6 C:\xampp\htdocs\Cesde\3er_periodo\programacion_web\02_actividades\02_alquiler_inmuebles\system\CodeIgniter.php(432): CodeIgniter\CodeIgniter->runController(Object(App\Controllers\SignupController))
#7 C:\xampp\htdocs\Cesde\3er_periodo\programacion_web\02_actividades\02_alquiler_inmuebles\system\CodeIgniter.php(333): CodeIgniter\CodeIgniter->handleRequest(NULL, Object(Config\Cache), false)
#8 C:\xampp\htdocs\Cesde\3er_periodo\programacion_web\02_actividades\02_alquiler_inmuebles\public\index.php(44): CodeIgniter\CodeIgniter->run()
#9 {main}
CRITICAL - 2021-05-18 21:57:45 --> Undefined variable $countries
#0 C:\xampp\htdocs\Cesde\3er_periodo\programacion_web\02_actividades\02_alquiler_inmuebles\app\Views\signup_view.php(36): CodeIgniter\Debug\Exceptions->errorHandler(2, 'Undefined varia...', 'C:\\xampp\\htdocs...', 36)
#1 C:\xampp\htdocs\Cesde\3er_periodo\programacion_web\02_actividades\02_alquiler_inmuebles\system\View\View.php(220): include('C:\\xampp\\htdocs...')
#2 C:\xampp\htdocs\Cesde\3er_periodo\programacion_web\02_actividades\02_alquiler_inmuebles\system\View\View.php(222): CodeIgniter\View\View->CodeIgniter\View\{closure}()
#3 C:\xampp\htdocs\Cesde\3er_periodo\programacion_web\02_actividades\02_alquiler_inmuebles\system\Common.php(1217): CodeIgniter\View\View->render('signup_view', Array, true)
#4 C:\xampp\htdocs\Cesde\3er_periodo\programacion_web\02_actividades\02_alquiler_inmuebles\app\Controllers\SignupController.php(11): view('signup_view')
#5 C:\xampp\htdocs\Cesde\3er_periodo\programacion_web\02_actividades\02_alquiler_inmuebles\system\CodeIgniter.php(936): App\Controllers\SignupController->index()
#6 C:\xampp\htdocs\Cesde\3er_periodo\programacion_web\02_actividades\02_alquiler_inmuebles\system\CodeIgniter.php(432): CodeIgniter\CodeIgniter->runController(Object(App\Controllers\SignupController))
#7 C:\xampp\htdocs\Cesde\3er_periodo\programacion_web\02_actividades\02_alquiler_inmuebles\system\CodeIgniter.php(333): CodeIgniter\CodeIgniter->handleRequest(NULL, Object(Config\Cache), false)
#8 C:\xampp\htdocs\Cesde\3er_periodo\programacion_web\02_actividades\02_alquiler_inmuebles\public\index.php(44): CodeIgniter\CodeIgniter->run()
#9 {main}
CRITICAL - 2021-05-18 21:57:48 --> Undefined variable $countries
#0 C:\xampp\htdocs\Cesde\3er_periodo\programacion_web\02_actividades\02_alquiler_inmuebles\app\Views\signup_view.php(36): CodeIgniter\Debug\Exceptions->errorHandler(2, 'Undefined varia...', 'C:\\xampp\\htdocs...', 36)
#1 C:\xampp\htdocs\Cesde\3er_periodo\programacion_web\02_actividades\02_alquiler_inmuebles\system\View\View.php(220): include('C:\\xampp\\htdocs...')
#2 C:\xampp\htdocs\Cesde\3er_periodo\programacion_web\02_actividades\02_alquiler_inmuebles\system\View\View.php(222): CodeIgniter\View\View->CodeIgniter\View\{closure}()
#3 C:\xampp\htdocs\Cesde\3er_periodo\programacion_web\02_actividades\02_alquiler_inmuebles\system\Common.php(1217): CodeIgniter\View\View->render('signup_view', Array, true)
#4 C:\xampp\htdocs\Cesde\3er_periodo\programacion_web\02_actividades\02_alquiler_inmuebles\app\Controllers\SignupController.php(11): view('signup_view')
#5 C:\xampp\htdocs\Cesde\3er_periodo\programacion_web\02_actividades\02_alquiler_inmuebles\system\CodeIgniter.php(936): App\Controllers\SignupController->index()
#6 C:\xampp\htdocs\Cesde\3er_periodo\programacion_web\02_actividades\02_alquiler_inmuebles\system\CodeIgniter.php(432): CodeIgniter\CodeIgniter->runController(Object(App\Controllers\SignupController))
#7 C:\xampp\htdocs\Cesde\3er_periodo\programacion_web\02_actividades\02_alquiler_inmuebles\system\CodeIgniter.php(333): CodeIgniter\CodeIgniter->handleRequest(NULL, Object(Config\Cache), false)
#8 C:\xampp\htdocs\Cesde\3er_periodo\programacion_web\02_actividades\02_alquiler_inmuebles\public\index.php(44): CodeIgniter\CodeIgniter->run()
#9 {main}
CRITICAL - 2021-05-18 21:57:49 --> Undefined variable $countries
#0 C:\xampp\htdocs\Cesde\3er_periodo\programacion_web\02_actividades\02_alquiler_inmuebles\app\Views\signup_view.php(36): CodeIgniter\Debug\Exceptions->errorHandler(2, 'Undefined varia...', 'C:\\xampp\\htdocs...', 36)
#1 C:\xampp\htdocs\Cesde\3er_periodo\programacion_web\02_actividades\02_alquiler_inmuebles\system\View\View.php(220): include('C:\\xampp\\htdocs...')
#2 C:\xampp\htdocs\Cesde\3er_periodo\programacion_web\02_actividades\02_alquiler_inmuebles\system\View\View.php(222): CodeIgniter\View\View->CodeIgniter\View\{closure}()
#3 C:\xampp\htdocs\Cesde\3er_periodo\programacion_web\02_actividades\02_alquiler_inmuebles\system\Common.php(1217): CodeIgniter\View\View->render('signup_view', Array, true)
#4 C:\xampp\htdocs\Cesde\3er_periodo\programacion_web\02_actividades\02_alquiler_inmuebles\app\Controllers\SignupController.php(11): view('signup_view')
#5 C:\xampp\htdocs\Cesde\3er_periodo\programacion_web\02_actividades\02_alquiler_inmuebles\system\CodeIgniter.php(936): App\Controllers\SignupController->index()
#6 C:\xampp\htdocs\Cesde\3er_periodo\programacion_web\02_actividades\02_alquiler_inmuebles\system\CodeIgniter.php(432): CodeIgniter\CodeIgniter->runController(Object(App\Controllers\SignupController))
#7 C:\xampp\htdocs\Cesde\3er_periodo\programacion_web\02_actividades\02_alquiler_inmuebles\system\CodeIgniter.php(333): CodeIgniter\CodeIgniter->handleRequest(NULL, Object(Config\Cache), false)
#8 C:\xampp\htdocs\Cesde\3er_periodo\programacion_web\02_actividades\02_alquiler_inmuebles\public\index.php(44): CodeIgniter\CodeIgniter->run()
#9 {main}
CRITICAL - 2021-05-18 21:57:51 --> Undefined variable $countries
#0 C:\xampp\htdocs\Cesde\3er_periodo\programacion_web\02_actividades\02_alquiler_inmuebles\app\Views\signup_view.php(36): CodeIgniter\Debug\Exceptions->errorHandler(2, 'Undefined varia...', 'C:\\xampp\\htdocs...', 36)
#1 C:\xampp\htdocs\Cesde\3er_periodo\programacion_web\02_actividades\02_alquiler_inmuebles\system\View\View.php(220): include('C:\\xampp\\htdocs...')
#2 C:\xampp\htdocs\Cesde\3er_periodo\programacion_web\02_actividades\02_alquiler_inmuebles\system\View\View.php(222): CodeIgniter\View\View->CodeIgniter\View\{closure}()
#3 C:\xampp\htdocs\Cesde\3er_periodo\programacion_web\02_actividades\02_alquiler_inmuebles\system\Common.php(1217): CodeIgniter\View\View->render('signup_view', Array, true)
#4 C:\xampp\htdocs\Cesde\3er_periodo\programacion_web\02_actividades\02_alquiler_inmuebles\app\Controllers\SignupController.php(11): view('signup_view')
#5 C:\xampp\htdocs\Cesde\3er_periodo\programacion_web\02_actividades\02_alquiler_inmuebles\system\CodeIgniter.php(936): App\Controllers\SignupController->index()
#6 C:\xampp\htdocs\Cesde\3er_periodo\programacion_web\02_actividades\02_alquiler_inmuebles\system\CodeIgniter.php(432): CodeIgniter\CodeIgniter->runController(Object(App\Controllers\SignupController))
#7 C:\xampp\htdocs\Cesde\3er_periodo\programacion_web\02_actividades\02_alquiler_inmuebles\system\CodeIgniter.php(333): CodeIgniter\CodeIgniter->handleRequest(NULL, Object(Config\Cache), false)
#8 C:\xampp\htdocs\Cesde\3er_periodo\programacion_web\02_actividades\02_alquiler_inmuebles\public\index.php(44): CodeIgniter\CodeIgniter->run()
#9 {main}
CRITICAL - 2021-05-18 22:07:39 --> Undefined variable $countries
#0 C:\xampp\htdocs\Cesde\3er_periodo\programacion_web\02_actividades\02_alquiler_inmuebles\app\Views\signup_view.php(36): CodeIgniter\Debug\Exceptions->errorHandler(2, 'Undefined varia...', 'C:\\xampp\\htdocs...', 36)
#1 C:\xampp\htdocs\Cesde\3er_periodo\programacion_web\02_actividades\02_alquiler_inmuebles\system\View\View.php(220): include('C:\\xampp\\htdocs...')
#2 C:\xampp\htdocs\Cesde\3er_periodo\programacion_web\02_actividades\02_alquiler_inmuebles\system\View\View.php(222): CodeIgniter\View\View->CodeIgniter\View\{closure}()
#3 C:\xampp\htdocs\Cesde\3er_periodo\programacion_web\02_actividades\02_alquiler_inmuebles\system\Common.php(1217): CodeIgniter\View\View->render('signup_view', Array, true)
#4 C:\xampp\htdocs\Cesde\3er_periodo\programacion_web\02_actividades\02_alquiler_inmuebles\app\Controllers\SignupController.php(10): view('signup_view')
#5 C:\xampp\htdocs\Cesde\3er_periodo\programacion_web\02_actividades\02_alquiler_inmuebles\system\CodeIgniter.php(936): App\Controllers\SignupController->index()
#6 C:\xampp\htdocs\Cesde\3er_periodo\programacion_web\02_actividades\02_alquiler_inmuebles\system\CodeIgniter.php(432): CodeIgniter\CodeIgniter->runController(Object(App\Controllers\SignupController))
#7 C:\xampp\htdocs\Cesde\3er_periodo\programacion_web\02_actividades\02_alquiler_inmuebles\system\CodeIgniter.php(333): CodeIgniter\CodeIgniter->handleRequest(NULL, Object(Config\Cache), false)
#8 C:\xampp\htdocs\Cesde\3er_periodo\programacion_web\02_actividades\02_alquiler_inmuebles\public\index.php(44): CodeIgniter\CodeIgniter->run()
#9 {main}
CRITICAL - 2021-05-18 22:15:56 --> Undefined variable $countries
#0 C:\xampp\htdocs\Cesde\3er_periodo\programacion_web\02_actividades\02_alquiler_inmuebles\app\Views\signup_view.php(36): CodeIgniter\Debug\Exceptions->errorHandler(2, 'Undefined varia...', 'C:\\xampp\\htdocs...', 36)
#1 C:\xampp\htdocs\Cesde\3er_periodo\programacion_web\02_actividades\02_alquiler_inmuebles\system\View\View.php(220): include('C:\\xampp\\htdocs...')
#2 C:\xampp\htdocs\Cesde\3er_periodo\programacion_web\02_actividades\02_alquiler_inmuebles\system\View\View.php(222): CodeIgniter\View\View->CodeIgniter\View\{closure}()
#3 C:\xampp\htdocs\Cesde\3er_periodo\programacion_web\02_actividades\02_alquiler_inmuebles\system\Common.php(1217): CodeIgniter\View\View->render('signup_view', Array, true)
#4 C:\xampp\htdocs\Cesde\3er_periodo\programacion_web\02_actividades\02_alquiler_inmuebles\app\Controllers\DynamicController.php(8): view('signup_view')
#5 C:\xampp\htdocs\Cesde\3er_periodo\programacion_web\02_actividades\02_alquiler_inmuebles\system\CodeIgniter.php(936): App\Controllers\DynamicController->index()
#6 C:\xampp\htdocs\Cesde\3er_periodo\programacion_web\02_actividades\02_alquiler_inmuebles\system\CodeIgniter.php(432): CodeIgniter\CodeIgniter->runController(Object(App\Controllers\DynamicController))
#7 C:\xampp\htdocs\Cesde\3er_periodo\programacion_web\02_actividades\02_alquiler_inmuebles\system\CodeIgniter.php(333): CodeIgniter\CodeIgniter->handleRequest(NULL, Object(Config\Cache), false)
#8 C:\xampp\htdocs\Cesde\3er_periodo\programacion_web\02_actividades\02_alquiler_inmuebles\public\index.php(44): CodeIgniter\CodeIgniter->run()
#9 {main}
CRITICAL - 2021-05-18 22:16:00 --> Undefined variable $countries
#0 C:\xampp\htdocs\Cesde\3er_periodo\programacion_web\02_actividades\02_alquiler_inmuebles\app\Views\signup_view.php(36): CodeIgniter\Debug\Exceptions->errorHandler(2, 'Undefined varia...', 'C:\\xampp\\htdocs...', 36)
#1 C:\xampp\htdocs\Cesde\3er_periodo\programacion_web\02_actividades\02_alquiler_inmuebles\system\View\View.php(220): include('C:\\xampp\\htdocs...')
#2 C:\xampp\htdocs\Cesde\3er_periodo\programacion_web\02_actividades\02_alquiler_inmuebles\system\View\View.php(222): CodeIgniter\View\View->CodeIgniter\View\{closure}()
#3 C:\xampp\htdocs\Cesde\3er_periodo\programacion_web\02_actividades\02_alquiler_inmuebles\system\Common.php(1217): CodeIgniter\View\View->render('signup_view', Array, true)
#4 C:\xampp\htdocs\Cesde\3er_periodo\programacion_web\02_actividades\02_alquiler_inmuebles\app\Controllers\DynamicController.php(8): view('signup_view')
#5 C:\xampp\htdocs\Cesde\3er_periodo\programacion_web\02_actividades\02_alquiler_inmuebles\system\CodeIgniter.php(936): App\Controllers\DynamicController->index()
#6 C:\xampp\htdocs\Cesde\3er_periodo\programacion_web\02_actividades\02_alquiler_inmuebles\system\CodeIgniter.php(432): CodeIgniter\CodeIgniter->runController(Object(App\Controllers\DynamicController))
#7 C:\xampp\htdocs\Cesde\3er_periodo\programacion_web\02_actividades\02_alquiler_inmuebles\system\CodeIgniter.php(333): CodeIgniter\CodeIgniter->handleRequest(NULL, Object(Config\Cache), false)
#8 C:\xampp\htdocs\Cesde\3er_periodo\programacion_web\02_actividades\02_alquiler_inmuebles\public\index.php(44): CodeIgniter\CodeIgniter->run()
#9 {main}
