CRITICAL - 2021-05-23 11:42:36 --> Undefined property: stdClass::$name_city
#0 C:\xampp\htdocs\Cesde\3er_periodo\programacion_web\02_actividades\02_alquiler_inmuebles\app\Views\apartment_view.php(38): CodeIgniter\Debug\Exceptions->errorHandler(2, 'Undefined prope...', 'C:\\xampp\\htdocs...', 38)
#1 C:\xampp\htdocs\Cesde\3er_periodo\programacion_web\02_actividades\02_alquiler_inmuebles\system\View\View.php(220): include('C:\\xampp\\htdocs...')
#2 C:\xampp\htdocs\Cesde\3er_periodo\programacion_web\02_actividades\02_alquiler_inmuebles\system\View\View.php(222): CodeIgniter\View\View->CodeIgniter\View\{closure}()
#3 C:\xampp\htdocs\Cesde\3er_periodo\programacion_web\02_actividades\02_alquiler_inmuebles\system\Common.php(1217): CodeIgniter\View\View->render('apartment_view', Array, true)
#4 C:\xampp\htdocs\Cesde\3er_periodo\programacion_web\02_actividades\02_alquiler_inmuebles\app\Controllers\ApartmentController.php(23): view('apartment_view', Array)
#5 C:\xampp\htdocs\Cesde\3er_periodo\programacion_web\02_actividades\02_alquiler_inmuebles\system\CodeIgniter.php(936): App\Controllers\ApartmentController->index()
#6 C:\xampp\htdocs\Cesde\3er_periodo\programacion_web\02_actividades\02_alquiler_inmuebles\system\CodeIgniter.php(432): CodeIgniter\CodeIgniter->runController(Object(App\Controllers\ApartmentController))
#7 C:\xampp\htdocs\Cesde\3er_periodo\programacion_web\02_actividades\02_alquiler_inmuebles\system\CodeIgniter.php(333): CodeIgniter\CodeIgniter->handleRequest(NULL, Object(Config\Cache), false)
#8 C:\xampp\htdocs\Cesde\3er_periodo\programacion_web\02_actividades\02_alquiler_inmuebles\public\index.php(44): CodeIgniter\CodeIgniter->run()
#9 {main}
CRITICAL - 2021-05-23 12:25:03 --> Invalid file: create_apartament_view.php
#0 C:\xampp\htdocs\Cesde\3er_periodo\programacion_web\02_actividades\02_alquiler_inmuebles\system\View\View.php(203): CodeIgniter\Exceptions\FrameworkException::forInvalidFile('create_apartame...')
#1 C:\xampp\htdocs\Cesde\3er_periodo\programacion_web\02_actividades\02_alquiler_inmuebles\system\Common.php(1217): CodeIgniter\View\View->render('create_apartame...', Array, true)
#2 C:\xampp\htdocs\Cesde\3er_periodo\programacion_web\02_actividades\02_alquiler_inmuebles\app\Controllers\ApartmentController.php(35): view('create_apartame...')
#3 C:\xampp\htdocs\Cesde\3er_periodo\programacion_web\02_actividades\02_alquiler_inmuebles\system\CodeIgniter.php(936): App\Controllers\ApartmentController->create()
#4 C:\xampp\htdocs\Cesde\3er_periodo\programacion_web\02_actividades\02_alquiler_inmuebles\system\CodeIgniter.php(432): CodeIgniter\CodeIgniter->runController(Object(App\Controllers\ApartmentController))
#5 C:\xampp\htdocs\Cesde\3er_periodo\programacion_web\02_actividades\02_alquiler_inmuebles\system\CodeIgniter.php(333): CodeIgniter\CodeIgniter->handleRequest(NULL, Object(Config\Cache), false)
#6 C:\xampp\htdocs\Cesde\3er_periodo\programacion_web\02_actividades\02_alquiler_inmuebles\public\index.php(44): CodeIgniter\CodeIgniter->run()
#7 {main}
CRITICAL - 2021-05-23 12:27:50 --> Invalid file: create_apartament_view.php
#0 C:\xampp\htdocs\Cesde\3er_periodo\programacion_web\02_actividades\02_alquiler_inmuebles\system\View\View.php(203): CodeIgniter\Exceptions\FrameworkException::forInvalidFile('create_apartame...')
#1 C:\xampp\htdocs\Cesde\3er_periodo\programacion_web\02_actividades\02_alquiler_inmuebles\system\Common.php(1217): CodeIgniter\View\View->render('create_apartame...', Array, true)
#2 C:\xampp\htdocs\Cesde\3er_periodo\programacion_web\02_actividades\02_alquiler_inmuebles\app\Controllers\ApartmentController.php(35): view('create_apartame...')
#3 C:\xampp\htdocs\Cesde\3er_periodo\programacion_web\02_actividades\02_alquiler_inmuebles\system\CodeIgniter.php(936): App\Controllers\ApartmentController->create()
#4 C:\xampp\htdocs\Cesde\3er_periodo\programacion_web\02_actividades\02_alquiler_inmuebles\system\CodeIgniter.php(432): CodeIgniter\CodeIgniter->runController(Object(App\Controllers\ApartmentController))
#5 C:\xampp\htdocs\Cesde\3er_periodo\programacion_web\02_actividades\02_alquiler_inmuebles\system\CodeIgniter.php(333): CodeIgniter\CodeIgniter->handleRequest(NULL, Object(Config\Cache), false)
#6 C:\xampp\htdocs\Cesde\3er_periodo\programacion_web\02_actividades\02_alquiler_inmuebles\public\index.php(44): CodeIgniter\CodeIgniter->run()
#7 {main}
CRITICAL - 2021-05-23 12:31:30 --> Invalid file: create_apartament_view.php
#0 C:\xampp\htdocs\Cesde\3er_periodo\programacion_web\02_actividades\02_alquiler_inmuebles\system\View\View.php(203): CodeIgniter\Exceptions\FrameworkException::forInvalidFile('create_apartame...')
#1 C:\xampp\htdocs\Cesde\3er_periodo\programacion_web\02_actividades\02_alquiler_inmuebles\system\Common.php(1217): CodeIgniter\View\View->render('create_apartame...', Array, true)
#2 C:\xampp\htdocs\Cesde\3er_periodo\programacion_web\02_actividades\02_alquiler_inmuebles\app\Controllers\ApartmentController.php(35): view('create_apartame...')
#3 C:\xampp\htdocs\Cesde\3er_periodo\programacion_web\02_actividades\02_alquiler_inmuebles\system\CodeIgniter.php(936): App\Controllers\ApartmentController->create()
#4 C:\xampp\htdocs\Cesde\3er_periodo\programacion_web\02_actividades\02_alquiler_inmuebles\system\CodeIgniter.php(432): CodeIgniter\CodeIgniter->runController(Object(App\Controllers\ApartmentController))
#5 C:\xampp\htdocs\Cesde\3er_periodo\programacion_web\02_actividades\02_alquiler_inmuebles\system\CodeIgniter.php(333): CodeIgniter\CodeIgniter->handleRequest(NULL, Object(Config\Cache), false)
#6 C:\xampp\htdocs\Cesde\3er_periodo\programacion_web\02_actividades\02_alquiler_inmuebles\public\index.php(44): CodeIgniter\CodeIgniter->run()
#7 {main}
CRITICAL - 2021-05-23 14:37:53 --> Undefined variable $city
#0 C:\xampp\htdocs\Cesde\3er_periodo\programacion_web\02_actividades\02_alquiler_inmuebles\app\Views\signup_view.php(55): CodeIgniter\Debug\Exceptions->errorHandler(2, 'Undefined varia...', 'C:\\xampp\\htdocs...', 55)
#1 C:\xampp\htdocs\Cesde\3er_periodo\programacion_web\02_actividades\02_alquiler_inmuebles\system\View\View.php(220): include('C:\\xampp\\htdocs...')
#2 C:\xampp\htdocs\Cesde\3er_periodo\programacion_web\02_actividades\02_alquiler_inmuebles\system\View\View.php(222): CodeIgniter\View\View->CodeIgniter\View\{closure}()
#3 C:\xampp\htdocs\Cesde\3er_periodo\programacion_web\02_actividades\02_alquiler_inmuebles\system\Common.php(1217): CodeIgniter\View\View->render('signup_view', Array, true)
#4 C:\xampp\htdocs\Cesde\3er_periodo\programacion_web\02_actividades\02_alquiler_inmuebles\app\Controllers\DynamicController.php(28): view('signup_view', Array, Array)
#5 C:\xampp\htdocs\Cesde\3er_periodo\programacion_web\02_actividades\02_alquiler_inmuebles\system\CodeIgniter.php(936): App\Controllers\DynamicController->index()
#6 C:\xampp\htdocs\Cesde\3er_periodo\programacion_web\02_actividades\02_alquiler_inmuebles\system\CodeIgniter.php(432): CodeIgniter\CodeIgniter->runController(Object(App\Controllers\DynamicController))
#7 C:\xampp\htdocs\Cesde\3er_periodo\programacion_web\02_actividades\02_alquiler_inmuebles\system\CodeIgniter.php(333): CodeIgniter\CodeIgniter->handleRequest(NULL, Object(Config\Cache), false)
#8 C:\xampp\htdocs\Cesde\3er_periodo\programacion_web\02_actividades\02_alquiler_inmuebles\public\index.php(44): CodeIgniter\CodeIgniter->run()
#9 {main}
CRITICAL - 2021-05-23 14:41:48 --> Undefined variable $city
#0 C:\xampp\htdocs\Cesde\3er_periodo\programacion_web\02_actividades\02_alquiler_inmuebles\app\Views\signup_view.php(55): CodeIgniter\Debug\Exceptions->errorHandler(2, 'Undefined varia...', 'C:\\xampp\\htdocs...', 55)
#1 C:\xampp\htdocs\Cesde\3er_periodo\programacion_web\02_actividades\02_alquiler_inmuebles\system\View\View.php(220): include('C:\\xampp\\htdocs...')
#2 C:\xampp\htdocs\Cesde\3er_periodo\programacion_web\02_actividades\02_alquiler_inmuebles\system\View\View.php(222): CodeIgniter\View\View->CodeIgniter\View\{closure}()
#3 C:\xampp\htdocs\Cesde\3er_periodo\programacion_web\02_actividades\02_alquiler_inmuebles\system\Common.php(1217): CodeIgniter\View\View->render('signup_view', Array, true)
#4 C:\xampp\htdocs\Cesde\3er_periodo\programacion_web\02_actividades\02_alquiler_inmuebles\app\Controllers\DynamicController.php(28): view('signup_view', Array, Array)
#5 C:\xampp\htdocs\Cesde\3er_periodo\programacion_web\02_actividades\02_alquiler_inmuebles\system\CodeIgniter.php(936): App\Controllers\DynamicController->index()
#6 C:\xampp\htdocs\Cesde\3er_periodo\programacion_web\02_actividades\02_alquiler_inmuebles\system\CodeIgniter.php(432): CodeIgniter\CodeIgniter->runController(Object(App\Controllers\DynamicController))
#7 C:\xampp\htdocs\Cesde\3er_periodo\programacion_web\02_actividades\02_alquiler_inmuebles\system\CodeIgniter.php(333): CodeIgniter\CodeIgniter->handleRequest(NULL, Object(Config\Cache), false)
#8 C:\xampp\htdocs\Cesde\3er_periodo\programacion_web\02_actividades\02_alquiler_inmuebles\public\index.php(44): CodeIgniter\CodeIgniter->run()
#9 {main}
CRITICAL - 2021-05-23 14:41:53 --> Undefined variable $city
#0 C:\xampp\htdocs\Cesde\3er_periodo\programacion_web\02_actividades\02_alquiler_inmuebles\app\Views\signup_view.php(55): CodeIgniter\Debug\Exceptions->errorHandler(2, 'Undefined varia...', 'C:\\xampp\\htdocs...', 55)
#1 C:\xampp\htdocs\Cesde\3er_periodo\programacion_web\02_actividades\02_alquiler_inmuebles\system\View\View.php(220): include('C:\\xampp\\htdocs...')
#2 C:\xampp\htdocs\Cesde\3er_periodo\programacion_web\02_actividades\02_alquiler_inmuebles\system\View\View.php(222): CodeIgniter\View\View->CodeIgniter\View\{closure}()
#3 C:\xampp\htdocs\Cesde\3er_periodo\programacion_web\02_actividades\02_alquiler_inmuebles\system\Common.php(1217): CodeIgniter\View\View->render('signup_view', Array, true)
#4 C:\xampp\htdocs\Cesde\3er_periodo\programacion_web\02_actividades\02_alquiler_inmuebles\app\Controllers\DynamicController.php(28): view('signup_view', Array, Array)
#5 C:\xampp\htdocs\Cesde\3er_periodo\programacion_web\02_actividades\02_alquiler_inmuebles\system\CodeIgniter.php(936): App\Controllers\DynamicController->index()
#6 C:\xampp\htdocs\Cesde\3er_periodo\programacion_web\02_actividades\02_alquiler_inmuebles\system\CodeIgniter.php(432): CodeIgniter\CodeIgniter->runController(Object(App\Controllers\DynamicController))
#7 C:\xampp\htdocs\Cesde\3er_periodo\programacion_web\02_actividades\02_alquiler_inmuebles\system\CodeIgniter.php(333): CodeIgniter\CodeIgniter->handleRequest(NULL, Object(Config\Cache), false)
#8 C:\xampp\htdocs\Cesde\3er_periodo\programacion_web\02_actividades\02_alquiler_inmuebles\public\index.php(44): CodeIgniter\CodeIgniter->run()
#9 {main}
CRITICAL - 2021-05-23 14:45:11 --> Undefined variable $city
#0 C:\xampp\htdocs\Cesde\3er_periodo\programacion_web\02_actividades\02_alquiler_inmuebles\app\Views\signup_view.php(55): CodeIgniter\Debug\Exceptions->errorHandler(2, 'Undefined varia...', 'C:\\xampp\\htdocs...', 55)
#1 C:\xampp\htdocs\Cesde\3er_periodo\programacion_web\02_actividades\02_alquiler_inmuebles\system\View\View.php(220): include('C:\\xampp\\htdocs...')
#2 C:\xampp\htdocs\Cesde\3er_periodo\programacion_web\02_actividades\02_alquiler_inmuebles\system\View\View.php(222): CodeIgniter\View\View->CodeIgniter\View\{closure}()
#3 C:\xampp\htdocs\Cesde\3er_periodo\programacion_web\02_actividades\02_alquiler_inmuebles\system\Common.php(1217): CodeIgniter\View\View->render('signup_view', Array, true)
#4 C:\xampp\htdocs\Cesde\3er_periodo\programacion_web\02_actividades\02_alquiler_inmuebles\app\Controllers\DynamicController.php(28): view('signup_view', Array, Array)
#5 C:\xampp\htdocs\Cesde\3er_periodo\programacion_web\02_actividades\02_alquiler_inmuebles\system\CodeIgniter.php(936): App\Controllers\DynamicController->index()
#6 C:\xampp\htdocs\Cesde\3er_periodo\programacion_web\02_actividades\02_alquiler_inmuebles\system\CodeIgniter.php(432): CodeIgniter\CodeIgniter->runController(Object(App\Controllers\DynamicController))
#7 C:\xampp\htdocs\Cesde\3er_periodo\programacion_web\02_actividades\02_alquiler_inmuebles\system\CodeIgniter.php(333): CodeIgniter\CodeIgniter->handleRequest(NULL, Object(Config\Cache), false)
#8 C:\xampp\htdocs\Cesde\3er_periodo\programacion_web\02_actividades\02_alquiler_inmuebles\public\index.php(44): CodeIgniter\CodeIgniter->run()
#9 {main}
CRITICAL - 2021-05-23 14:46:33 --> Undefined variable $country
#0 C:\xampp\htdocs\Cesde\3er_periodo\programacion_web\02_actividades\02_alquiler_inmuebles\app\Views\signup_view.php(44): CodeIgniter\Debug\Exceptions->errorHandler(2, 'Undefined varia...', 'C:\\xampp\\htdocs...', 44)
#1 C:\xampp\htdocs\Cesde\3er_periodo\programacion_web\02_actividades\02_alquiler_inmuebles\system\View\View.php(220): include('C:\\xampp\\htdocs...')
#2 C:\xampp\htdocs\Cesde\3er_periodo\programacion_web\02_actividades\02_alquiler_inmuebles\system\View\View.php(222): CodeIgniter\View\View->CodeIgniter\View\{closure}()
#3 C:\xampp\htdocs\Cesde\3er_periodo\programacion_web\02_actividades\02_alquiler_inmuebles\system\Common.php(1217): CodeIgniter\View\View->render('signup_view', Array, true)
#4 C:\xampp\htdocs\Cesde\3er_periodo\programacion_web\02_actividades\02_alquiler_inmuebles\app\Controllers\DynamicController.php(28): view('signup_view')
#5 C:\xampp\htdocs\Cesde\3er_periodo\programacion_web\02_actividades\02_alquiler_inmuebles\system\CodeIgniter.php(936): App\Controllers\DynamicController->index()
#6 C:\xampp\htdocs\Cesde\3er_periodo\programacion_web\02_actividades\02_alquiler_inmuebles\system\CodeIgniter.php(432): CodeIgniter\CodeIgniter->runController(Object(App\Controllers\DynamicController))
#7 C:\xampp\htdocs\Cesde\3er_periodo\programacion_web\02_actividades\02_alquiler_inmuebles\system\CodeIgniter.php(333): CodeIgniter\CodeIgniter->handleRequest(NULL, Object(Config\Cache), false)
#8 C:\xampp\htdocs\Cesde\3er_periodo\programacion_web\02_actividades\02_alquiler_inmuebles\public\index.php(44): CodeIgniter\CodeIgniter->run()
#9 {main}
CRITICAL - 2021-05-23 14:47:28 --> Undefined variable $city
#0 C:\xampp\htdocs\Cesde\3er_periodo\programacion_web\02_actividades\02_alquiler_inmuebles\app\Views\signup_view.php(55): CodeIgniter\Debug\Exceptions->errorHandler(2, 'Undefined varia...', 'C:\\xampp\\htdocs...', 55)
#1 C:\xampp\htdocs\Cesde\3er_periodo\programacion_web\02_actividades\02_alquiler_inmuebles\system\View\View.php(220): include('C:\\xampp\\htdocs...')
#2 C:\xampp\htdocs\Cesde\3er_periodo\programacion_web\02_actividades\02_alquiler_inmuebles\system\View\View.php(222): CodeIgniter\View\View->CodeIgniter\View\{closure}()
#3 C:\xampp\htdocs\Cesde\3er_periodo\programacion_web\02_actividades\02_alquiler_inmuebles\system\Common.php(1217): CodeIgniter\View\View->render('signup_view', Array, true)
#4 C:\xampp\htdocs\Cesde\3er_periodo\programacion_web\02_actividades\02_alquiler_inmuebles\app\Controllers\DynamicController.php(28): view('signup_view', Array)
#5 C:\xampp\htdocs\Cesde\3er_periodo\programacion_web\02_actividades\02_alquiler_inmuebles\system\CodeIgniter.php(936): App\Controllers\DynamicController->index()
#6 C:\xampp\htdocs\Cesde\3er_periodo\programacion_web\02_actividades\02_alquiler_inmuebles\system\CodeIgniter.php(432): CodeIgniter\CodeIgniter->runController(Object(App\Controllers\DynamicController))
#7 C:\xampp\htdocs\Cesde\3er_periodo\programacion_web\02_actividades\02_alquiler_inmuebles\system\CodeIgniter.php(333): CodeIgniter\CodeIgniter->handleRequest(NULL, Object(Config\Cache), false)
#8 C:\xampp\htdocs\Cesde\3er_periodo\programacion_web\02_actividades\02_alquiler_inmuebles\public\index.php(44): CodeIgniter\CodeIgniter->run()
#9 {main}
CRITICAL - 2021-05-23 14:47:50 --> Undefined variable $city
#0 C:\xampp\htdocs\Cesde\3er_periodo\programacion_web\02_actividades\02_alquiler_inmuebles\app\Views\signup_view.php(55): CodeIgniter\Debug\Exceptions->errorHandler(2, 'Undefined varia...', 'C:\\xampp\\htdocs...', 55)
#1 C:\xampp\htdocs\Cesde\3er_periodo\programacion_web\02_actividades\02_alquiler_inmuebles\system\View\View.php(220): include('C:\\xampp\\htdocs...')
#2 C:\xampp\htdocs\Cesde\3er_periodo\programacion_web\02_actividades\02_alquiler_inmuebles\system\View\View.php(222): CodeIgniter\View\View->CodeIgniter\View\{closure}()
#3 C:\xampp\htdocs\Cesde\3er_periodo\programacion_web\02_actividades\02_alquiler_inmuebles\system\Common.php(1217): CodeIgniter\View\View->render('signup_view', Array, true)
#4 C:\xampp\htdocs\Cesde\3er_periodo\programacion_web\02_actividades\02_alquiler_inmuebles\app\Controllers\DynamicController.php(28): view('signup_view', Array)
#5 C:\xampp\htdocs\Cesde\3er_periodo\programacion_web\02_actividades\02_alquiler_inmuebles\system\CodeIgniter.php(936): App\Controllers\DynamicController->index()
#6 C:\xampp\htdocs\Cesde\3er_periodo\programacion_web\02_actividades\02_alquiler_inmuebles\system\CodeIgniter.php(432): CodeIgniter\CodeIgniter->runController(Object(App\Controllers\DynamicController))
#7 C:\xampp\htdocs\Cesde\3er_periodo\programacion_web\02_actividades\02_alquiler_inmuebles\system\CodeIgniter.php(333): CodeIgniter\CodeIgniter->handleRequest(NULL, Object(Config\Cache), false)
#8 C:\xampp\htdocs\Cesde\3er_periodo\programacion_web\02_actividades\02_alquiler_inmuebles\public\index.php(44): CodeIgniter\CodeIgniter->run()
#9 {main}
CRITICAL - 2021-05-23 14:47:54 --> Undefined variable $city
#0 C:\xampp\htdocs\Cesde\3er_periodo\programacion_web\02_actividades\02_alquiler_inmuebles\app\Views\signup_view.php(55): CodeIgniter\Debug\Exceptions->errorHandler(2, 'Undefined varia...', 'C:\\xampp\\htdocs...', 55)
#1 C:\xampp\htdocs\Cesde\3er_periodo\programacion_web\02_actividades\02_alquiler_inmuebles\system\View\View.php(220): include('C:\\xampp\\htdocs...')
#2 C:\xampp\htdocs\Cesde\3er_periodo\programacion_web\02_actividades\02_alquiler_inmuebles\system\View\View.php(222): CodeIgniter\View\View->CodeIgniter\View\{closure}()
#3 C:\xampp\htdocs\Cesde\3er_periodo\programacion_web\02_actividades\02_alquiler_inmuebles\system\Common.php(1217): CodeIgniter\View\View->render('signup_view', Array, true)
#4 C:\xampp\htdocs\Cesde\3er_periodo\programacion_web\02_actividades\02_alquiler_inmuebles\app\Controllers\DynamicController.php(28): view('signup_view', Array)
#5 C:\xampp\htdocs\Cesde\3er_periodo\programacion_web\02_actividades\02_alquiler_inmuebles\system\CodeIgniter.php(936): App\Controllers\DynamicController->index()
#6 C:\xampp\htdocs\Cesde\3er_periodo\programacion_web\02_actividades\02_alquiler_inmuebles\system\CodeIgniter.php(432): CodeIgniter\CodeIgniter->runController(Object(App\Controllers\DynamicController))
#7 C:\xampp\htdocs\Cesde\3er_periodo\programacion_web\02_actividades\02_alquiler_inmuebles\system\CodeIgniter.php(333): CodeIgniter\CodeIgniter->handleRequest(NULL, Object(Config\Cache), false)
#8 C:\xampp\htdocs\Cesde\3er_periodo\programacion_web\02_actividades\02_alquiler_inmuebles\public\index.php(44): CodeIgniter\CodeIgniter->run()
#9 {main}
CRITICAL - 2021-05-23 14:48:23 --> Undefined variable $country
#0 C:\xampp\htdocs\Cesde\3er_periodo\programacion_web\02_actividades\02_alquiler_inmuebles\app\Views\signup_view.php(44): CodeIgniter\Debug\Exceptions->errorHandler(2, 'Undefined varia...', 'C:\\xampp\\htdocs...', 44)
#1 C:\xampp\htdocs\Cesde\3er_periodo\programacion_web\02_actividades\02_alquiler_inmuebles\system\View\View.php(220): include('C:\\xampp\\htdocs...')
#2 C:\xampp\htdocs\Cesde\3er_periodo\programacion_web\02_actividades\02_alquiler_inmuebles\system\View\View.php(222): CodeIgniter\View\View->CodeIgniter\View\{closure}()
#3 C:\xampp\htdocs\Cesde\3er_periodo\programacion_web\02_actividades\02_alquiler_inmuebles\system\Common.php(1217): CodeIgniter\View\View->render('signup_view', Array, true)
#4 C:\xampp\htdocs\Cesde\3er_periodo\programacion_web\02_actividades\02_alquiler_inmuebles\app\Controllers\DynamicController.php(28): view('signup_view', Array)
#5 C:\xampp\htdocs\Cesde\3er_periodo\programacion_web\02_actividades\02_alquiler_inmuebles\system\CodeIgniter.php(936): App\Controllers\DynamicController->index()
#6 C:\xampp\htdocs\Cesde\3er_periodo\programacion_web\02_actividades\02_alquiler_inmuebles\system\CodeIgniter.php(432): CodeIgniter\CodeIgniter->runController(Object(App\Controllers\DynamicController))
#7 C:\xampp\htdocs\Cesde\3er_periodo\programacion_web\02_actividades\02_alquiler_inmuebles\system\CodeIgniter.php(333): CodeIgniter\CodeIgniter->handleRequest(NULL, Object(Config\Cache), false)
#8 C:\xampp\htdocs\Cesde\3er_periodo\programacion_web\02_actividades\02_alquiler_inmuebles\public\index.php(44): CodeIgniter\CodeIgniter->run()
#9 {main}
CRITICAL - 2021-05-23 15:35:44 --> Undefined array key "city"
#0 C:\xampp\htdocs\Cesde\3er_periodo\programacion_web\02_actividades\02_alquiler_inmuebles\app\Views\signup_view.php(55): CodeIgniter\Debug\Exceptions->errorHandler(2, 'Undefined array...', 'C:\\xampp\\htdocs...', 55)
#1 C:\xampp\htdocs\Cesde\3er_periodo\programacion_web\02_actividades\02_alquiler_inmuebles\system\View\View.php(220): include('C:\\xampp\\htdocs...')
#2 C:\xampp\htdocs\Cesde\3er_periodo\programacion_web\02_actividades\02_alquiler_inmuebles\system\View\View.php(222): CodeIgniter\View\View->CodeIgniter\View\{closure}()
#3 C:\xampp\htdocs\Cesde\3er_periodo\programacion_web\02_actividades\02_alquiler_inmuebles\system\Common.php(1217): CodeIgniter\View\View->render('signup_view', Array, true)
#4 C:\xampp\htdocs\Cesde\3er_periodo\programacion_web\02_actividades\02_alquiler_inmuebles\app\Controllers\DynamicController.php(28): view('signup_view', Array)
#5 C:\xampp\htdocs\Cesde\3er_periodo\programacion_web\02_actividades\02_alquiler_inmuebles\system\CodeIgniter.php(936): App\Controllers\DynamicController->index()
#6 C:\xampp\htdocs\Cesde\3er_periodo\programacion_web\02_actividades\02_alquiler_inmuebles\system\CodeIgniter.php(432): CodeIgniter\CodeIgniter->runController(Object(App\Controllers\DynamicController))
#7 C:\xampp\htdocs\Cesde\3er_periodo\programacion_web\02_actividades\02_alquiler_inmuebles\system\CodeIgniter.php(333): CodeIgniter\CodeIgniter->handleRequest(NULL, Object(Config\Cache), false)
#8 C:\xampp\htdocs\Cesde\3er_periodo\programacion_web\02_actividades\02_alquiler_inmuebles\public\index.php(44): CodeIgniter\CodeIgniter->run()
#9 {main}
CRITICAL - 2021-05-23 15:36:19 --> Undefined array key "name_city"
#0 C:\xampp\htdocs\Cesde\3er_periodo\programacion_web\02_actividades\02_alquiler_inmuebles\app\Views\signup_view.php(55): CodeIgniter\Debug\Exceptions->errorHandler(2, 'Undefined array...', 'C:\\xampp\\htdocs...', 55)
#1 C:\xampp\htdocs\Cesde\3er_periodo\programacion_web\02_actividades\02_alquiler_inmuebles\system\View\View.php(220): include('C:\\xampp\\htdocs...')
#2 C:\xampp\htdocs\Cesde\3er_periodo\programacion_web\02_actividades\02_alquiler_inmuebles\system\View\View.php(222): CodeIgniter\View\View->CodeIgniter\View\{closure}()
#3 C:\xampp\htdocs\Cesde\3er_periodo\programacion_web\02_actividades\02_alquiler_inmuebles\system\Common.php(1217): CodeIgniter\View\View->render('signup_view', Array, true)
#4 C:\xampp\htdocs\Cesde\3er_periodo\programacion_web\02_actividades\02_alquiler_inmuebles\app\Controllers\DynamicController.php(28): view('signup_view', Array)
#5 C:\xampp\htdocs\Cesde\3er_periodo\programacion_web\02_actividades\02_alquiler_inmuebles\system\CodeIgniter.php(936): App\Controllers\DynamicController->index()
#6 C:\xampp\htdocs\Cesde\3er_periodo\programacion_web\02_actividades\02_alquiler_inmuebles\system\CodeIgniter.php(432): CodeIgniter\CodeIgniter->runController(Object(App\Controllers\DynamicController))
#7 C:\xampp\htdocs\Cesde\3er_periodo\programacion_web\02_actividades\02_alquiler_inmuebles\system\CodeIgniter.php(333): CodeIgniter\CodeIgniter->handleRequest(NULL, Object(Config\Cache), false)
#8 C:\xampp\htdocs\Cesde\3er_periodo\programacion_web\02_actividades\02_alquiler_inmuebles\public\index.php(44): CodeIgniter\CodeIgniter->run()
#9 {main}
CRITICAL - 2021-05-23 16:32:31 --> Undefined variable $country
#0 C:\xampp\htdocs\Cesde\3er_periodo\programacion_web\02_actividades\02_alquiler_inmuebles\app\Views\create_apartment_view.php(33): CodeIgniter\Debug\Exceptions->errorHandler(2, 'Undefined varia...', 'C:\\xampp\\htdocs...', 33)
#1 C:\xampp\htdocs\Cesde\3er_periodo\programacion_web\02_actividades\02_alquiler_inmuebles\system\View\View.php(220): include('C:\\xampp\\htdocs...')
#2 C:\xampp\htdocs\Cesde\3er_periodo\programacion_web\02_actividades\02_alquiler_inmuebles\system\View\View.php(222): CodeIgniter\View\View->CodeIgniter\View\{closure}()
#3 C:\xampp\htdocs\Cesde\3er_periodo\programacion_web\02_actividades\02_alquiler_inmuebles\system\Common.php(1217): CodeIgniter\View\View->render('create_apartmen...', Array, true)
#4 C:\xampp\htdocs\Cesde\3er_periodo\programacion_web\02_actividades\02_alquiler_inmuebles\app\Controllers\ApartmentController.php(43): view('create_apartmen...')
#5 C:\xampp\htdocs\Cesde\3er_periodo\programacion_web\02_actividades\02_alquiler_inmuebles\system\CodeIgniter.php(936): App\Controllers\ApartmentController->create()
#6 C:\xampp\htdocs\Cesde\3er_periodo\programacion_web\02_actividades\02_alquiler_inmuebles\system\CodeIgniter.php(432): CodeIgniter\CodeIgniter->runController(Object(App\Controllers\ApartmentController))
#7 C:\xampp\htdocs\Cesde\3er_periodo\programacion_web\02_actividades\02_alquiler_inmuebles\system\CodeIgniter.php(333): CodeIgniter\CodeIgniter->handleRequest(NULL, Object(Config\Cache), false)
#8 C:\xampp\htdocs\Cesde\3er_periodo\programacion_web\02_actividades\02_alquiler_inmuebles\public\index.php(44): CodeIgniter\CodeIgniter->run()
#9 {main}
ERROR - 2021-05-23 16:42:21 --> mysqli_sql_exception: You have an error in your SQL syntax; check the manual that corresponds to your MariaDB server version for the right syntax to use near '://www.google.com/maps/@6.2176464,-75.5987314,21z?hl=es, 3, 'http://localhost...' at line 1 in C:\xampp\htdocs\Cesde\3er_periodo\programacion_web\02_actividades\02_alquiler_inmuebles\system\Database\MySQLi\Connection.php:314
Stack trace:
#0 C:\xampp\htdocs\Cesde\3er_periodo\programacion_web\02_actividades\02_alquiler_inmuebles\system\Database\MySQLi\Connection.php(314): mysqli->query('INSERT INTO apa...')
#1 C:\xampp\htdocs\Cesde\3er_periodo\programacion_web\02_actividades\02_alquiler_inmuebles\system\Database\BaseConnection.php(713): CodeIgniter\Database\MySQLi\Connection->execute('INSERT INTO apa...')
#2 C:\xampp\htdocs\Cesde\3er_periodo\programacion_web\02_actividades\02_alquiler_inmuebles\system\Database\BaseConnection.php(641): CodeIgniter\Database\BaseConnection->simpleQuery('INSERT INTO apa...')
#3 C:\xampp\htdocs\Cesde\3er_periodo\programacion_web\02_actividades\02_alquiler_inmuebles\app\Models\ApartmentModel.php(14): CodeIgniter\Database\BaseConnection->query('INSERT INTO apa...')
#4 C:\xampp\htdocs\Cesde\3er_periodo\programacion_web\02_actividades\02_alquiler_inmuebles\app\Controllers\ApartmentController.php(71): App\Models\ApartmentModel->addApartment('1', '2', 'Apartamento en ...', 'Dg. 75B #5-106', 'https://www.goo...', '3', 'http://localhos...', '950000', 'Apartamento en ...')
#5 C:\xampp\htdocs\Cesde\3er_periodo\programacion_web\02_actividades\02_alquiler_inmuebles\system\CodeIgniter.php(936): App\Controllers\ApartmentController->addApartment()
#6 C:\xampp\htdocs\Cesde\3er_periodo\programacion_web\02_actividades\02_alquiler_inmuebles\system\CodeIgniter.php(432): CodeIgniter\CodeIgniter->runController(Object(App\Controllers\ApartmentController))
#7 C:\xampp\htdocs\Cesde\3er_periodo\programacion_web\02_actividades\02_alquiler_inmuebles\system\CodeIgniter.php(333): CodeIgniter\CodeIgniter->handleRequest(NULL, Object(Config\Cache), false)
#8 C:\xampp\htdocs\Cesde\3er_periodo\programacion_web\02_actividades\02_alquiler_inmuebles\public\index.php(44): CodeIgniter\CodeIgniter->run()
#9 {main}
ERROR - 2021-05-23 18:27:18 --> mysqli_sql_exception: You have an error in your SQL syntax; check the manual that corresponds to your MariaDB server version for the right syntax to use near '' at line 1 in C:\xampp\htdocs\Cesde\3er_periodo\programacion_web\02_actividades\02_alquiler_inmuebles\system\Database\MySQLi\Connection.php:314
Stack trace:
#0 C:\xampp\htdocs\Cesde\3er_periodo\programacion_web\02_actividades\02_alquiler_inmuebles\system\Database\MySQLi\Connection.php(314): mysqli->query('DELETE FROM apa...')
#1 C:\xampp\htdocs\Cesde\3er_periodo\programacion_web\02_actividades\02_alquiler_inmuebles\system\Database\BaseConnection.php(713): CodeIgniter\Database\MySQLi\Connection->execute('DELETE FROM apa...')
#2 C:\xampp\htdocs\Cesde\3er_periodo\programacion_web\02_actividades\02_alquiler_inmuebles\system\Database\BaseConnection.php(641): CodeIgniter\Database\BaseConnection->simpleQuery('DELETE FROM apa...')
#3 C:\xampp\htdocs\Cesde\3er_periodo\programacion_web\02_actividades\02_alquiler_inmuebles\app\Models\ApartmentModel.php(30): CodeIgniter\Database\BaseConnection->query('DELETE FROM apa...')
#4 C:\xampp\htdocs\Cesde\3er_periodo\programacion_web\02_actividades\02_alquiler_inmuebles\app\Controllers\ApartmentController.php(80): App\Models\ApartmentModel->deleteApartment(NULL)
#5 C:\xampp\htdocs\Cesde\3er_periodo\programacion_web\02_actividades\02_alquiler_inmuebles\system\CodeIgniter.php(936): App\Controllers\ApartmentController->deleteApartment()
#6 C:\xampp\htdocs\Cesde\3er_periodo\programacion_web\02_actividades\02_alquiler_inmuebles\system\CodeIgniter.php(432): CodeIgniter\CodeIgniter->runController(Object(App\Controllers\ApartmentController))
#7 C:\xampp\htdocs\Cesde\3er_periodo\programacion_web\02_actividades\02_alquiler_inmuebles\system\CodeIgniter.php(333): CodeIgniter\CodeIgniter->handleRequest(NULL, Object(Config\Cache), false)
#8 C:\xampp\htdocs\Cesde\3er_periodo\programacion_web\02_actividades\02_alquiler_inmuebles\public\index.php(44): CodeIgniter\CodeIgniter->run()
#9 {main}
ERROR - 2021-05-23 18:27:24 --> mysqli_sql_exception: You have an error in your SQL syntax; check the manual that corresponds to your MariaDB server version for the right syntax to use near '' at line 1 in C:\xampp\htdocs\Cesde\3er_periodo\programacion_web\02_actividades\02_alquiler_inmuebles\system\Database\MySQLi\Connection.php:314
Stack trace:
#0 C:\xampp\htdocs\Cesde\3er_periodo\programacion_web\02_actividades\02_alquiler_inmuebles\system\Database\MySQLi\Connection.php(314): mysqli->query('DELETE FROM apa...')
#1 C:\xampp\htdocs\Cesde\3er_periodo\programacion_web\02_actividades\02_alquiler_inmuebles\system\Database\BaseConnection.php(713): CodeIgniter\Database\MySQLi\Connection->execute('DELETE FROM apa...')
#2 C:\xampp\htdocs\Cesde\3er_periodo\programacion_web\02_actividades\02_alquiler_inmuebles\system\Database\BaseConnection.php(641): CodeIgniter\Database\BaseConnection->simpleQuery('DELETE FROM apa...')
#3 C:\xampp\htdocs\Cesde\3er_periodo\programacion_web\02_actividades\02_alquiler_inmuebles\app\Models\ApartmentModel.php(30): CodeIgniter\Database\BaseConnection->query('DELETE FROM apa...')
#4 C:\xampp\htdocs\Cesde\3er_periodo\programacion_web\02_actividades\02_alquiler_inmuebles\app\Controllers\ApartmentController.php(80): App\Models\ApartmentModel->deleteApartment(NULL)
#5 C:\xampp\htdocs\Cesde\3er_periodo\programacion_web\02_actividades\02_alquiler_inmuebles\system\CodeIgniter.php(936): App\Controllers\ApartmentController->deleteApartment()
#6 C:\xampp\htdocs\Cesde\3er_periodo\programacion_web\02_actividades\02_alquiler_inmuebles\system\CodeIgniter.php(432): CodeIgniter\CodeIgniter->runController(Object(App\Controllers\ApartmentController))
#7 C:\xampp\htdocs\Cesde\3er_periodo\programacion_web\02_actividades\02_alquiler_inmuebles\system\CodeIgniter.php(333): CodeIgniter\CodeIgniter->handleRequest(NULL, Object(Config\Cache), false)
#8 C:\xampp\htdocs\Cesde\3er_periodo\programacion_web\02_actividades\02_alquiler_inmuebles\public\index.php(44): CodeIgniter\CodeIgniter->run()
#9 {main}
ERROR - 2021-05-23 18:29:53 --> mysqli_sql_exception: You have an error in your SQL syntax; check the manual that corresponds to your MariaDB server version for the right syntax to use near '' at line 1 in C:\xampp\htdocs\Cesde\3er_periodo\programacion_web\02_actividades\02_alquiler_inmuebles\system\Database\MySQLi\Connection.php:314
Stack trace:
#0 C:\xampp\htdocs\Cesde\3er_periodo\programacion_web\02_actividades\02_alquiler_inmuebles\system\Database\MySQLi\Connection.php(314): mysqli->query('DELETE FROM apa...')
#1 C:\xampp\htdocs\Cesde\3er_periodo\programacion_web\02_actividades\02_alquiler_inmuebles\system\Database\BaseConnection.php(713): CodeIgniter\Database\MySQLi\Connection->execute('DELETE FROM apa...')
#2 C:\xampp\htdocs\Cesde\3er_periodo\programacion_web\02_actividades\02_alquiler_inmuebles\system\Database\BaseConnection.php(641): CodeIgniter\Database\BaseConnection->simpleQuery('DELETE FROM apa...')
#3 C:\xampp\htdocs\Cesde\3er_periodo\programacion_web\02_actividades\02_alquiler_inmuebles\app\Models\ApartmentModel.php(30): CodeIgniter\Database\BaseConnection->query('DELETE FROM apa...')
#4 C:\xampp\htdocs\Cesde\3er_periodo\programacion_web\02_actividades\02_alquiler_inmuebles\app\Controllers\ApartmentController.php(80): App\Models\ApartmentModel->deleteApartment(NULL)
#5 C:\xampp\htdocs\Cesde\3er_periodo\programacion_web\02_actividades\02_alquiler_inmuebles\system\CodeIgniter.php(936): App\Controllers\ApartmentController->deleteApartment()
#6 C:\xampp\htdocs\Cesde\3er_periodo\programacion_web\02_actividades\02_alquiler_inmuebles\system\CodeIgniter.php(432): CodeIgniter\CodeIgniter->runController(Object(App\Controllers\ApartmentController))
#7 C:\xampp\htdocs\Cesde\3er_periodo\programacion_web\02_actividades\02_alquiler_inmuebles\system\CodeIgniter.php(333): CodeIgniter\CodeIgniter->handleRequest(NULL, Object(Config\Cache), false)
#8 C:\xampp\htdocs\Cesde\3er_periodo\programacion_web\02_actividades\02_alquiler_inmuebles\public\index.php(44): CodeIgniter\CodeIgniter->run()
#9 {main}
ERROR - 2021-05-23 18:32:52 --> mysqli_sql_exception: You have an error in your SQL syntax; check the manual that corresponds to your MariaDB server version for the right syntax to use near '' at line 1 in C:\xampp\htdocs\Cesde\3er_periodo\programacion_web\02_actividades\02_alquiler_inmuebles\system\Database\MySQLi\Connection.php:314
Stack trace:
#0 C:\xampp\htdocs\Cesde\3er_periodo\programacion_web\02_actividades\02_alquiler_inmuebles\system\Database\MySQLi\Connection.php(314): mysqli->query('DELETE FROM apa...')
#1 C:\xampp\htdocs\Cesde\3er_periodo\programacion_web\02_actividades\02_alquiler_inmuebles\system\Database\BaseConnection.php(713): CodeIgniter\Database\MySQLi\Connection->execute('DELETE FROM apa...')
#2 C:\xampp\htdocs\Cesde\3er_periodo\programacion_web\02_actividades\02_alquiler_inmuebles\system\Database\BaseConnection.php(641): CodeIgniter\Database\BaseConnection->simpleQuery('DELETE FROM apa...')
#3 C:\xampp\htdocs\Cesde\3er_periodo\programacion_web\02_actividades\02_alquiler_inmuebles\app\Models\ApartmentModel.php(30): CodeIgniter\Database\BaseConnection->query('DELETE FROM apa...')
#4 C:\xampp\htdocs\Cesde\3er_periodo\programacion_web\02_actividades\02_alquiler_inmuebles\app\Controllers\ApartmentController.php(80): App\Models\ApartmentModel->deleteApartment(NULL)
#5 C:\xampp\htdocs\Cesde\3er_periodo\programacion_web\02_actividades\02_alquiler_inmuebles\system\CodeIgniter.php(936): App\Controllers\ApartmentController->deleteApartment()
#6 C:\xampp\htdocs\Cesde\3er_periodo\programacion_web\02_actividades\02_alquiler_inmuebles\system\CodeIgniter.php(432): CodeIgniter\CodeIgniter->runController(Object(App\Controllers\ApartmentController))
#7 C:\xampp\htdocs\Cesde\3er_periodo\programacion_web\02_actividades\02_alquiler_inmuebles\system\CodeIgniter.php(333): CodeIgniter\CodeIgniter->handleRequest(NULL, Object(Config\Cache), false)
#8 C:\xampp\htdocs\Cesde\3er_periodo\programacion_web\02_actividades\02_alquiler_inmuebles\public\index.php(44): CodeIgniter\CodeIgniter->run()
#9 {main}
ERROR - 2021-05-23 18:32:58 --> mysqli_sql_exception: You have an error in your SQL syntax; check the manual that corresponds to your MariaDB server version for the right syntax to use near '' at line 1 in C:\xampp\htdocs\Cesde\3er_periodo\programacion_web\02_actividades\02_alquiler_inmuebles\system\Database\MySQLi\Connection.php:314
Stack trace:
#0 C:\xampp\htdocs\Cesde\3er_periodo\programacion_web\02_actividades\02_alquiler_inmuebles\system\Database\MySQLi\Connection.php(314): mysqli->query('DELETE FROM apa...')
#1 C:\xampp\htdocs\Cesde\3er_periodo\programacion_web\02_actividades\02_alquiler_inmuebles\system\Database\BaseConnection.php(713): CodeIgniter\Database\MySQLi\Connection->execute('DELETE FROM apa...')
#2 C:\xampp\htdocs\Cesde\3er_periodo\programacion_web\02_actividades\02_alquiler_inmuebles\system\Database\BaseConnection.php(641): CodeIgniter\Database\BaseConnection->simpleQuery('DELETE FROM apa...')
#3 C:\xampp\htdocs\Cesde\3er_periodo\programacion_web\02_actividades\02_alquiler_inmuebles\app\Models\ApartmentModel.php(30): CodeIgniter\Database\BaseConnection->query('DELETE FROM apa...')
#4 C:\xampp\htdocs\Cesde\3er_periodo\programacion_web\02_actividades\02_alquiler_inmuebles\app\Controllers\ApartmentController.php(80): App\Models\ApartmentModel->deleteApartment(NULL)
#5 C:\xampp\htdocs\Cesde\3er_periodo\programacion_web\02_actividades\02_alquiler_inmuebles\system\CodeIgniter.php(936): App\Controllers\ApartmentController->deleteApartment()
#6 C:\xampp\htdocs\Cesde\3er_periodo\programacion_web\02_actividades\02_alquiler_inmuebles\system\CodeIgniter.php(432): CodeIgniter\CodeIgniter->runController(Object(App\Controllers\ApartmentController))
#7 C:\xampp\htdocs\Cesde\3er_periodo\programacion_web\02_actividades\02_alquiler_inmuebles\system\CodeIgniter.php(333): CodeIgniter\CodeIgniter->handleRequest(NULL, Object(Config\Cache), false)
#8 C:\xampp\htdocs\Cesde\3er_periodo\programacion_web\02_actividades\02_alquiler_inmuebles\public\index.php(44): CodeIgniter\CodeIgniter->run()
#9 {main}
ERROR - 2021-05-23 18:46:20 --> mysqli_sql_exception: You have an error in your SQL syntax; check the manual that corresponds to your MariaDB server version for the right syntax to use near '' at line 1 in C:\xampp\htdocs\Cesde\3er_periodo\programacion_web\02_actividades\02_alquiler_inmuebles\system\Database\MySQLi\Connection.php:314
Stack trace:
#0 C:\xampp\htdocs\Cesde\3er_periodo\programacion_web\02_actividades\02_alquiler_inmuebles\system\Database\MySQLi\Connection.php(314): mysqli->query('DELETE FROM apa...')
#1 C:\xampp\htdocs\Cesde\3er_periodo\programacion_web\02_actividades\02_alquiler_inmuebles\system\Database\BaseConnection.php(713): CodeIgniter\Database\MySQLi\Connection->execute('DELETE FROM apa...')
#2 C:\xampp\htdocs\Cesde\3er_periodo\programacion_web\02_actividades\02_alquiler_inmuebles\system\Database\BaseConnection.php(641): CodeIgniter\Database\BaseConnection->simpleQuery('DELETE FROM apa...')
#3 C:\xampp\htdocs\Cesde\3er_periodo\programacion_web\02_actividades\02_alquiler_inmuebles\app\Models\ApartmentModel.php(30): CodeIgniter\Database\BaseConnection->query('DELETE FROM apa...')
#4 C:\xampp\htdocs\Cesde\3er_periodo\programacion_web\02_actividades\02_alquiler_inmuebles\app\Controllers\ApartmentController.php(80): App\Models\ApartmentModel->deleteApartment(NULL)
#5 C:\xampp\htdocs\Cesde\3er_periodo\programacion_web\02_actividades\02_alquiler_inmuebles\system\CodeIgniter.php(936): App\Controllers\ApartmentController->deleteApartment()
#6 C:\xampp\htdocs\Cesde\3er_periodo\programacion_web\02_actividades\02_alquiler_inmuebles\system\CodeIgniter.php(432): CodeIgniter\CodeIgniter->runController(Object(App\Controllers\ApartmentController))
#7 C:\xampp\htdocs\Cesde\3er_periodo\programacion_web\02_actividades\02_alquiler_inmuebles\system\CodeIgniter.php(333): CodeIgniter\CodeIgniter->handleRequest(NULL, Object(Config\Cache), false)
#8 C:\xampp\htdocs\Cesde\3er_periodo\programacion_web\02_actividades\02_alquiler_inmuebles\public\index.php(44): CodeIgniter\CodeIgniter->run()
#9 {main}
ERROR - 2021-05-23 18:46:26 --> mysqli_sql_exception: You have an error in your SQL syntax; check the manual that corresponds to your MariaDB server version for the right syntax to use near '' at line 1 in C:\xampp\htdocs\Cesde\3er_periodo\programacion_web\02_actividades\02_alquiler_inmuebles\system\Database\MySQLi\Connection.php:314
Stack trace:
#0 C:\xampp\htdocs\Cesde\3er_periodo\programacion_web\02_actividades\02_alquiler_inmuebles\system\Database\MySQLi\Connection.php(314): mysqli->query('DELETE FROM apa...')
#1 C:\xampp\htdocs\Cesde\3er_periodo\programacion_web\02_actividades\02_alquiler_inmuebles\system\Database\BaseConnection.php(713): CodeIgniter\Database\MySQLi\Connection->execute('DELETE FROM apa...')
#2 C:\xampp\htdocs\Cesde\3er_periodo\programacion_web\02_actividades\02_alquiler_inmuebles\system\Database\BaseConnection.php(641): CodeIgniter\Database\BaseConnection->simpleQuery('DELETE FROM apa...')
#3 C:\xampp\htdocs\Cesde\3er_periodo\programacion_web\02_actividades\02_alquiler_inmuebles\app\Models\ApartmentModel.php(30): CodeIgniter\Database\BaseConnection->query('DELETE FROM apa...')
#4 C:\xampp\htdocs\Cesde\3er_periodo\programacion_web\02_actividades\02_alquiler_inmuebles\app\Controllers\ApartmentController.php(80): App\Models\ApartmentModel->deleteApartment(NULL)
#5 C:\xampp\htdocs\Cesde\3er_periodo\programacion_web\02_actividades\02_alquiler_inmuebles\system\CodeIgniter.php(936): App\Controllers\ApartmentController->deleteApartment()
#6 C:\xampp\htdocs\Cesde\3er_periodo\programacion_web\02_actividades\02_alquiler_inmuebles\system\CodeIgniter.php(432): CodeIgniter\CodeIgniter->runController(Object(App\Controllers\ApartmentController))
#7 C:\xampp\htdocs\Cesde\3er_periodo\programacion_web\02_actividades\02_alquiler_inmuebles\system\CodeIgniter.php(333): CodeIgniter\CodeIgniter->handleRequest(NULL, Object(Config\Cache), false)
#8 C:\xampp\htdocs\Cesde\3er_periodo\programacion_web\02_actividades\02_alquiler_inmuebles\public\index.php(44): CodeIgniter\CodeIgniter->run()
#9 {main}
ERROR - 2021-05-23 18:46:26 --> mysqli_sql_exception: You have an error in your SQL syntax; check the manual that corresponds to your MariaDB server version for the right syntax to use near '' at line 1 in C:\xampp\htdocs\Cesde\3er_periodo\programacion_web\02_actividades\02_alquiler_inmuebles\system\Database\MySQLi\Connection.php:314
Stack trace:
#0 C:\xampp\htdocs\Cesde\3er_periodo\programacion_web\02_actividades\02_alquiler_inmuebles\system\Database\MySQLi\Connection.php(314): mysqli->query('DELETE FROM apa...')
#1 C:\xampp\htdocs\Cesde\3er_periodo\programacion_web\02_actividades\02_alquiler_inmuebles\system\Database\BaseConnection.php(713): CodeIgniter\Database\MySQLi\Connection->execute('DELETE FROM apa...')
#2 C:\xampp\htdocs\Cesde\3er_periodo\programacion_web\02_actividades\02_alquiler_inmuebles\system\Database\BaseConnection.php(641): CodeIgniter\Database\BaseConnection->simpleQuery('DELETE FROM apa...')
#3 C:\xampp\htdocs\Cesde\3er_periodo\programacion_web\02_actividades\02_alquiler_inmuebles\app\Models\ApartmentModel.php(30): CodeIgniter\Database\BaseConnection->query('DELETE FROM apa...')
#4 C:\xampp\htdocs\Cesde\3er_periodo\programacion_web\02_actividades\02_alquiler_inmuebles\app\Controllers\ApartmentController.php(80): App\Models\ApartmentModel->deleteApartment(NULL)
#5 C:\xampp\htdocs\Cesde\3er_periodo\programacion_web\02_actividades\02_alquiler_inmuebles\system\CodeIgniter.php(936): App\Controllers\ApartmentController->deleteApartment()
#6 C:\xampp\htdocs\Cesde\3er_periodo\programacion_web\02_actividades\02_alquiler_inmuebles\system\CodeIgniter.php(432): CodeIgniter\CodeIgniter->runController(Object(App\Controllers\ApartmentController))
#7 C:\xampp\htdocs\Cesde\3er_periodo\programacion_web\02_actividades\02_alquiler_inmuebles\system\CodeIgniter.php(333): CodeIgniter\CodeIgniter->handleRequest(NULL, Object(Config\Cache), false)
#8 C:\xampp\htdocs\Cesde\3er_periodo\programacion_web\02_actividades\02_alquiler_inmuebles\public\index.php(44): CodeIgniter\CodeIgniter->run()
#9 {main}
ERROR - 2021-05-23 18:46:27 --> mysqli_sql_exception: You have an error in your SQL syntax; check the manual that corresponds to your MariaDB server version for the right syntax to use near '' at line 1 in C:\xampp\htdocs\Cesde\3er_periodo\programacion_web\02_actividades\02_alquiler_inmuebles\system\Database\MySQLi\Connection.php:314
Stack trace:
#0 C:\xampp\htdocs\Cesde\3er_periodo\programacion_web\02_actividades\02_alquiler_inmuebles\system\Database\MySQLi\Connection.php(314): mysqli->query('DELETE FROM apa...')
#1 C:\xampp\htdocs\Cesde\3er_periodo\programacion_web\02_actividades\02_alquiler_inmuebles\system\Database\BaseConnection.php(713): CodeIgniter\Database\MySQLi\Connection->execute('DELETE FROM apa...')
#2 C:\xampp\htdocs\Cesde\3er_periodo\programacion_web\02_actividades\02_alquiler_inmuebles\system\Database\BaseConnection.php(641): CodeIgniter\Database\BaseConnection->simpleQuery('DELETE FROM apa...')
#3 C:\xampp\htdocs\Cesde\3er_periodo\programacion_web\02_actividades\02_alquiler_inmuebles\app\Models\ApartmentModel.php(30): CodeIgniter\Database\BaseConnection->query('DELETE FROM apa...')
#4 C:\xampp\htdocs\Cesde\3er_periodo\programacion_web\02_actividades\02_alquiler_inmuebles\app\Controllers\ApartmentController.php(80): App\Models\ApartmentModel->deleteApartment(NULL)
#5 C:\xampp\htdocs\Cesde\3er_periodo\programacion_web\02_actividades\02_alquiler_inmuebles\system\CodeIgniter.php(936): App\Controllers\ApartmentController->deleteApartment()
#6 C:\xampp\htdocs\Cesde\3er_periodo\programacion_web\02_actividades\02_alquiler_inmuebles\system\CodeIgniter.php(432): CodeIgniter\CodeIgniter->runController(Object(App\Controllers\ApartmentController))
#7 C:\xampp\htdocs\Cesde\3er_periodo\programacion_web\02_actividades\02_alquiler_inmuebles\system\CodeIgniter.php(333): CodeIgniter\CodeIgniter->handleRequest(NULL, Object(Config\Cache), false)
#8 C:\xampp\htdocs\Cesde\3er_periodo\programacion_web\02_actividades\02_alquiler_inmuebles\public\index.php(44): CodeIgniter\CodeIgniter->run()
#9 {main}
ERROR - 2021-05-23 18:46:51 --> mysqli_sql_exception: You have an error in your SQL syntax; check the manual that corresponds to your MariaDB server version for the right syntax to use near '' at line 1 in C:\xampp\htdocs\Cesde\3er_periodo\programacion_web\02_actividades\02_alquiler_inmuebles\system\Database\MySQLi\Connection.php:314
Stack trace:
#0 C:\xampp\htdocs\Cesde\3er_periodo\programacion_web\02_actividades\02_alquiler_inmuebles\system\Database\MySQLi\Connection.php(314): mysqli->query('DELETE FROM apa...')
#1 C:\xampp\htdocs\Cesde\3er_periodo\programacion_web\02_actividades\02_alquiler_inmuebles\system\Database\BaseConnection.php(713): CodeIgniter\Database\MySQLi\Connection->execute('DELETE FROM apa...')
#2 C:\xampp\htdocs\Cesde\3er_periodo\programacion_web\02_actividades\02_alquiler_inmuebles\system\Database\BaseConnection.php(641): CodeIgniter\Database\BaseConnection->simpleQuery('DELETE FROM apa...')
#3 C:\xampp\htdocs\Cesde\3er_periodo\programacion_web\02_actividades\02_alquiler_inmuebles\app\Models\ApartmentModel.php(30): CodeIgniter\Database\BaseConnection->query('DELETE FROM apa...')
#4 C:\xampp\htdocs\Cesde\3er_periodo\programacion_web\02_actividades\02_alquiler_inmuebles\app\Controllers\ApartmentController.php(80): App\Models\ApartmentModel->deleteApartment(NULL)
#5 C:\xampp\htdocs\Cesde\3er_periodo\programacion_web\02_actividades\02_alquiler_inmuebles\system\CodeIgniter.php(936): App\Controllers\ApartmentController->deleteApartment()
#6 C:\xampp\htdocs\Cesde\3er_periodo\programacion_web\02_actividades\02_alquiler_inmuebles\system\CodeIgniter.php(432): CodeIgniter\CodeIgniter->runController(Object(App\Controllers\ApartmentController))
#7 C:\xampp\htdocs\Cesde\3er_periodo\programacion_web\02_actividades\02_alquiler_inmuebles\system\CodeIgniter.php(333): CodeIgniter\CodeIgniter->handleRequest(NULL, Object(Config\Cache), false)
#8 C:\xampp\htdocs\Cesde\3er_periodo\programacion_web\02_actividades\02_alquiler_inmuebles\public\index.php(44): CodeIgniter\CodeIgniter->run()
#9 {main}
CRITICAL - 2021-05-23 19:23:55 --> There is no data to update.
#0 C:\xampp\htdocs\Cesde\3er_periodo\programacion_web\02_actividades\02_alquiler_inmuebles\system\BaseModel.php(1682): CodeIgniter\Database\Exceptions\DataException::forEmptyDataset('update')
#1 C:\xampp\htdocs\Cesde\3er_periodo\programacion_web\02_actividades\02_alquiler_inmuebles\system\BaseModel.php(864): CodeIgniter\BaseModel->transformDataToArray(NULL, 'update')
#2 C:\xampp\htdocs\Cesde\3er_periodo\programacion_web\02_actividades\02_alquiler_inmuebles\system\Model.php(737): CodeIgniter\BaseModel->update(NULL, NULL)
#3 C:\xampp\htdocs\Cesde\3er_periodo\programacion_web\02_actividades\02_alquiler_inmuebles\app\Controllers\ApartmentController.php(90): CodeIgniter\Model->update(NULL)
#4 C:\xampp\htdocs\Cesde\3er_periodo\programacion_web\02_actividades\02_alquiler_inmuebles\system\CodeIgniter.php(936): App\Controllers\ApartmentController->updateApartment()
#5 C:\xampp\htdocs\Cesde\3er_periodo\programacion_web\02_actividades\02_alquiler_inmuebles\system\CodeIgniter.php(432): CodeIgniter\CodeIgniter->runController(Object(App\Controllers\ApartmentController))
#6 C:\xampp\htdocs\Cesde\3er_periodo\programacion_web\02_actividades\02_alquiler_inmuebles\system\CodeIgniter.php(333): CodeIgniter\CodeIgniter->handleRequest(NULL, Object(Config\Cache), false)
#7 C:\xampp\htdocs\Cesde\3er_periodo\programacion_web\02_actividades\02_alquiler_inmuebles\public\index.php(44): CodeIgniter\CodeIgniter->run()
#8 {main}
CRITICAL - 2021-05-23 19:24:25 --> There is no data to update.
#0 C:\xampp\htdocs\Cesde\3er_periodo\programacion_web\02_actividades\02_alquiler_inmuebles\system\BaseModel.php(1682): CodeIgniter\Database\Exceptions\DataException::forEmptyDataset('update')
#1 C:\xampp\htdocs\Cesde\3er_periodo\programacion_web\02_actividades\02_alquiler_inmuebles\system\BaseModel.php(864): CodeIgniter\BaseModel->transformDataToArray(NULL, 'update')
#2 C:\xampp\htdocs\Cesde\3er_periodo\programacion_web\02_actividades\02_alquiler_inmuebles\system\Model.php(737): CodeIgniter\BaseModel->update(NULL, NULL)
#3 C:\xampp\htdocs\Cesde\3er_periodo\programacion_web\02_actividades\02_alquiler_inmuebles\app\Controllers\ApartmentController.php(90): CodeIgniter\Model->update(NULL)
#4 C:\xampp\htdocs\Cesde\3er_periodo\programacion_web\02_actividades\02_alquiler_inmuebles\system\CodeIgniter.php(936): App\Controllers\ApartmentController->updateApartment()
#5 C:\xampp\htdocs\Cesde\3er_periodo\programacion_web\02_actividades\02_alquiler_inmuebles\system\CodeIgniter.php(432): CodeIgniter\CodeIgniter->runController(Object(App\Controllers\ApartmentController))
#6 C:\xampp\htdocs\Cesde\3er_periodo\programacion_web\02_actividades\02_alquiler_inmuebles\system\CodeIgniter.php(333): CodeIgniter\CodeIgniter->handleRequest(NULL, Object(Config\Cache), false)
#7 C:\xampp\htdocs\Cesde\3er_periodo\programacion_web\02_actividades\02_alquiler_inmuebles\public\index.php(44): CodeIgniter\CodeIgniter->run()
#8 {main}
CRITICAL - 2021-05-23 19:24:29 --> There is no data to update.
#0 C:\xampp\htdocs\Cesde\3er_periodo\programacion_web\02_actividades\02_alquiler_inmuebles\system\BaseModel.php(1682): CodeIgniter\Database\Exceptions\DataException::forEmptyDataset('update')
#1 C:\xampp\htdocs\Cesde\3er_periodo\programacion_web\02_actividades\02_alquiler_inmuebles\system\BaseModel.php(864): CodeIgniter\BaseModel->transformDataToArray(NULL, 'update')
#2 C:\xampp\htdocs\Cesde\3er_periodo\programacion_web\02_actividades\02_alquiler_inmuebles\system\Model.php(737): CodeIgniter\BaseModel->update(NULL, NULL)
#3 C:\xampp\htdocs\Cesde\3er_periodo\programacion_web\02_actividades\02_alquiler_inmuebles\app\Controllers\ApartmentController.php(90): CodeIgniter\Model->update(NULL)
#4 C:\xampp\htdocs\Cesde\3er_periodo\programacion_web\02_actividades\02_alquiler_inmuebles\system\CodeIgniter.php(936): App\Controllers\ApartmentController->updateApartment()
#5 C:\xampp\htdocs\Cesde\3er_periodo\programacion_web\02_actividades\02_alquiler_inmuebles\system\CodeIgniter.php(432): CodeIgniter\CodeIgniter->runController(Object(App\Controllers\ApartmentController))
#6 C:\xampp\htdocs\Cesde\3er_periodo\programacion_web\02_actividades\02_alquiler_inmuebles\system\CodeIgniter.php(333): CodeIgniter\CodeIgniter->handleRequest(NULL, Object(Config\Cache), false)
#7 C:\xampp\htdocs\Cesde\3er_periodo\programacion_web\02_actividades\02_alquiler_inmuebles\public\index.php(44): CodeIgniter\CodeIgniter->run()
#8 {main}
CRITICAL - 2021-05-23 19:33:09 --> There is no data to update.
#0 C:\xampp\htdocs\Cesde\3er_periodo\programacion_web\02_actividades\02_alquiler_inmuebles\system\BaseModel.php(1682): CodeIgniter\Database\Exceptions\DataException::forEmptyDataset('update')
#1 C:\xampp\htdocs\Cesde\3er_periodo\programacion_web\02_actividades\02_alquiler_inmuebles\system\BaseModel.php(864): CodeIgniter\BaseModel->transformDataToArray(NULL, 'update')
#2 C:\xampp\htdocs\Cesde\3er_periodo\programacion_web\02_actividades\02_alquiler_inmuebles\system\Model.php(737): CodeIgniter\BaseModel->update(NULL, NULL)
#3 C:\xampp\htdocs\Cesde\3er_periodo\programacion_web\02_actividades\02_alquiler_inmuebles\app\Controllers\ApartmentController.php(90): CodeIgniter\Model->update(NULL)
#4 C:\xampp\htdocs\Cesde\3er_periodo\programacion_web\02_actividades\02_alquiler_inmuebles\system\CodeIgniter.php(936): App\Controllers\ApartmentController->updateApartment()
#5 C:\xampp\htdocs\Cesde\3er_periodo\programacion_web\02_actividades\02_alquiler_inmuebles\system\CodeIgniter.php(432): CodeIgniter\CodeIgniter->runController(Object(App\Controllers\ApartmentController))
#6 C:\xampp\htdocs\Cesde\3er_periodo\programacion_web\02_actividades\02_alquiler_inmuebles\system\CodeIgniter.php(333): CodeIgniter\CodeIgniter->handleRequest(NULL, Object(Config\Cache), false)
#7 C:\xampp\htdocs\Cesde\3er_periodo\programacion_web\02_actividades\02_alquiler_inmuebles\public\index.php(44): CodeIgniter\CodeIgniter->run()
#8 {main}
CRITICAL - 2021-05-23 19:33:10 --> There is no data to update.
#0 C:\xampp\htdocs\Cesde\3er_periodo\programacion_web\02_actividades\02_alquiler_inmuebles\system\BaseModel.php(1682): CodeIgniter\Database\Exceptions\DataException::forEmptyDataset('update')
#1 C:\xampp\htdocs\Cesde\3er_periodo\programacion_web\02_actividades\02_alquiler_inmuebles\system\BaseModel.php(864): CodeIgniter\BaseModel->transformDataToArray(NULL, 'update')
#2 C:\xampp\htdocs\Cesde\3er_periodo\programacion_web\02_actividades\02_alquiler_inmuebles\system\Model.php(737): CodeIgniter\BaseModel->update(NULL, NULL)
#3 C:\xampp\htdocs\Cesde\3er_periodo\programacion_web\02_actividades\02_alquiler_inmuebles\app\Controllers\ApartmentController.php(90): CodeIgniter\Model->update(NULL)
#4 C:\xampp\htdocs\Cesde\3er_periodo\programacion_web\02_actividades\02_alquiler_inmuebles\system\CodeIgniter.php(936): App\Controllers\ApartmentController->updateApartment()
#5 C:\xampp\htdocs\Cesde\3er_periodo\programacion_web\02_actividades\02_alquiler_inmuebles\system\CodeIgniter.php(432): CodeIgniter\CodeIgniter->runController(Object(App\Controllers\ApartmentController))
#6 C:\xampp\htdocs\Cesde\3er_periodo\programacion_web\02_actividades\02_alquiler_inmuebles\system\CodeIgniter.php(333): CodeIgniter\CodeIgniter->handleRequest(NULL, Object(Config\Cache), false)
#7 C:\xampp\htdocs\Cesde\3er_periodo\programacion_web\02_actividades\02_alquiler_inmuebles\public\index.php(44): CodeIgniter\CodeIgniter->run()
#8 {main}
ERROR - 2021-05-23 19:33:51 --> mysqli_sql_exception: You have an error in your SQL syntax; check the manual that corresponds to your MariaDB server version for the right syntax to use near '' at line 1 in C:\xampp\htdocs\Cesde\3er_periodo\programacion_web\02_actividades\02_alquiler_inmuebles\system\Database\MySQLi\Connection.php:314
Stack trace:
#0 C:\xampp\htdocs\Cesde\3er_periodo\programacion_web\02_actividades\02_alquiler_inmuebles\system\Database\MySQLi\Connection.php(314): mysqli->query('DELETE FROM apa...')
#1 C:\xampp\htdocs\Cesde\3er_periodo\programacion_web\02_actividades\02_alquiler_inmuebles\system\Database\BaseConnection.php(713): CodeIgniter\Database\MySQLi\Connection->execute('DELETE FROM apa...')
#2 C:\xampp\htdocs\Cesde\3er_periodo\programacion_web\02_actividades\02_alquiler_inmuebles\system\Database\BaseConnection.php(641): CodeIgniter\Database\BaseConnection->simpleQuery('DELETE FROM apa...')
#3 C:\xampp\htdocs\Cesde\3er_periodo\programacion_web\02_actividades\02_alquiler_inmuebles\app\Models\ApartmentModel.php(30): CodeIgniter\Database\BaseConnection->query('DELETE FROM apa...')
#4 C:\xampp\htdocs\Cesde\3er_periodo\programacion_web\02_actividades\02_alquiler_inmuebles\app\Controllers\ApartmentController.php(80): App\Models\ApartmentModel->deleteApartment(NULL)
#5 C:\xampp\htdocs\Cesde\3er_periodo\programacion_web\02_actividades\02_alquiler_inmuebles\system\CodeIgniter.php(936): App\Controllers\ApartmentController->deleteApartment()
#6 C:\xampp\htdocs\Cesde\3er_periodo\programacion_web\02_actividades\02_alquiler_inmuebles\system\CodeIgniter.php(432): CodeIgniter\CodeIgniter->runController(Object(App\Controllers\ApartmentController))
#7 C:\xampp\htdocs\Cesde\3er_periodo\programacion_web\02_actividades\02_alquiler_inmuebles\system\CodeIgniter.php(333): CodeIgniter\CodeIgniter->handleRequest(NULL, Object(Config\Cache), false)
#8 C:\xampp\htdocs\Cesde\3er_periodo\programacion_web\02_actividades\02_alquiler_inmuebles\public\index.php(44): CodeIgniter\CodeIgniter->run()
#9 {main}
CRITICAL - 2021-05-23 19:33:58 --> There is no data to update.
#0 C:\xampp\htdocs\Cesde\3er_periodo\programacion_web\02_actividades\02_alquiler_inmuebles\system\BaseModel.php(1682): CodeIgniter\Database\Exceptions\DataException::forEmptyDataset('update')
#1 C:\xampp\htdocs\Cesde\3er_periodo\programacion_web\02_actividades\02_alquiler_inmuebles\system\BaseModel.php(864): CodeIgniter\BaseModel->transformDataToArray(NULL, 'update')
#2 C:\xampp\htdocs\Cesde\3er_periodo\programacion_web\02_actividades\02_alquiler_inmuebles\system\Model.php(737): CodeIgniter\BaseModel->update(NULL, NULL)
#3 C:\xampp\htdocs\Cesde\3er_periodo\programacion_web\02_actividades\02_alquiler_inmuebles\app\Controllers\ApartmentController.php(90): CodeIgniter\Model->update(NULL)
#4 C:\xampp\htdocs\Cesde\3er_periodo\programacion_web\02_actividades\02_alquiler_inmuebles\system\CodeIgniter.php(936): App\Controllers\ApartmentController->updateApartment()
#5 C:\xampp\htdocs\Cesde\3er_periodo\programacion_web\02_actividades\02_alquiler_inmuebles\system\CodeIgniter.php(432): CodeIgniter\CodeIgniter->runController(Object(App\Controllers\ApartmentController))
#6 C:\xampp\htdocs\Cesde\3er_periodo\programacion_web\02_actividades\02_alquiler_inmuebles\system\CodeIgniter.php(333): CodeIgniter\CodeIgniter->handleRequest(NULL, Object(Config\Cache), false)
#7 C:\xampp\htdocs\Cesde\3er_periodo\programacion_web\02_actividades\02_alquiler_inmuebles\public\index.php(44): CodeIgniter\CodeIgniter->run()
#8 {main}
CRITICAL - 2021-05-23 19:36:34 --> There is no data to update.
#0 C:\xampp\htdocs\Cesde\3er_periodo\programacion_web\02_actividades\02_alquiler_inmuebles\system\BaseModel.php(1682): CodeIgniter\Database\Exceptions\DataException::forEmptyDataset('update')
#1 C:\xampp\htdocs\Cesde\3er_periodo\programacion_web\02_actividades\02_alquiler_inmuebles\system\BaseModel.php(864): CodeIgniter\BaseModel->transformDataToArray(NULL, 'update')
#2 C:\xampp\htdocs\Cesde\3er_periodo\programacion_web\02_actividades\02_alquiler_inmuebles\system\Model.php(737): CodeIgniter\BaseModel->update(NULL, NULL)
#3 C:\xampp\htdocs\Cesde\3er_periodo\programacion_web\02_actividades\02_alquiler_inmuebles\app\Controllers\ApartmentController.php(90): CodeIgniter\Model->update(NULL)
#4 C:\xampp\htdocs\Cesde\3er_periodo\programacion_web\02_actividades\02_alquiler_inmuebles\system\CodeIgniter.php(936): App\Controllers\ApartmentController->updateApartment()
#5 C:\xampp\htdocs\Cesde\3er_periodo\programacion_web\02_actividades\02_alquiler_inmuebles\system\CodeIgniter.php(432): CodeIgniter\CodeIgniter->runController(Object(App\Controllers\ApartmentController))
#6 C:\xampp\htdocs\Cesde\3er_periodo\programacion_web\02_actividades\02_alquiler_inmuebles\system\CodeIgniter.php(333): CodeIgniter\CodeIgniter->handleRequest(NULL, Object(Config\Cache), false)
#7 C:\xampp\htdocs\Cesde\3er_periodo\programacion_web\02_actividades\02_alquiler_inmuebles\public\index.php(44): CodeIgniter\CodeIgniter->run()
#8 {main}
CRITICAL - 2021-05-23 19:42:36 --> There is no data to update.
#0 C:\xampp\htdocs\Cesde\3er_periodo\programacion_web\02_actividades\02_alquiler_inmuebles\system\BaseModel.php(1682): CodeIgniter\Database\Exceptions\DataException::forEmptyDataset('update')
#1 C:\xampp\htdocs\Cesde\3er_periodo\programacion_web\02_actividades\02_alquiler_inmuebles\system\BaseModel.php(864): CodeIgniter\BaseModel->transformDataToArray(NULL, 'update')
#2 C:\xampp\htdocs\Cesde\3er_periodo\programacion_web\02_actividades\02_alquiler_inmuebles\system\Model.php(737): CodeIgniter\BaseModel->update(NULL, NULL)
#3 C:\xampp\htdocs\Cesde\3er_periodo\programacion_web\02_actividades\02_alquiler_inmuebles\app\Controllers\ApartmentController.php(90): CodeIgniter\Model->update(NULL)
#4 C:\xampp\htdocs\Cesde\3er_periodo\programacion_web\02_actividades\02_alquiler_inmuebles\system\CodeIgniter.php(936): App\Controllers\ApartmentController->updateApartment()
#5 C:\xampp\htdocs\Cesde\3er_periodo\programacion_web\02_actividades\02_alquiler_inmuebles\system\CodeIgniter.php(432): CodeIgniter\CodeIgniter->runController(Object(App\Controllers\ApartmentController))
#6 C:\xampp\htdocs\Cesde\3er_periodo\programacion_web\02_actividades\02_alquiler_inmuebles\system\CodeIgniter.php(333): CodeIgniter\CodeIgniter->handleRequest(NULL, Object(Config\Cache), false)
#7 C:\xampp\htdocs\Cesde\3er_periodo\programacion_web\02_actividades\02_alquiler_inmuebles\public\index.php(44): CodeIgniter\CodeIgniter->run()
#8 {main}
CRITICAL - 2021-05-23 19:52:45 --> There is no data to update.
#0 C:\xampp\htdocs\Cesde\3er_periodo\programacion_web\02_actividades\02_alquiler_inmuebles\system\BaseModel.php(1682): CodeIgniter\Database\Exceptions\DataException::forEmptyDataset('update')
#1 C:\xampp\htdocs\Cesde\3er_periodo\programacion_web\02_actividades\02_alquiler_inmuebles\system\BaseModel.php(864): CodeIgniter\BaseModel->transformDataToArray(NULL, 'update')
#2 C:\xampp\htdocs\Cesde\3er_periodo\programacion_web\02_actividades\02_alquiler_inmuebles\system\Model.php(737): CodeIgniter\BaseModel->update(NULL, NULL)
#3 C:\xampp\htdocs\Cesde\3er_periodo\programacion_web\02_actividades\02_alquiler_inmuebles\app\Controllers\ApartmentController.php(90): CodeIgniter\Model->update(NULL)
#4 C:\xampp\htdocs\Cesde\3er_periodo\programacion_web\02_actividades\02_alquiler_inmuebles\system\CodeIgniter.php(936): App\Controllers\ApartmentController->updateApartment()
#5 C:\xampp\htdocs\Cesde\3er_periodo\programacion_web\02_actividades\02_alquiler_inmuebles\system\CodeIgniter.php(432): CodeIgniter\CodeIgniter->runController(Object(App\Controllers\ApartmentController))
#6 C:\xampp\htdocs\Cesde\3er_periodo\programacion_web\02_actividades\02_alquiler_inmuebles\system\CodeIgniter.php(333): CodeIgniter\CodeIgniter->handleRequest(NULL, Object(Config\Cache), false)
#7 C:\xampp\htdocs\Cesde\3er_periodo\programacion_web\02_actividades\02_alquiler_inmuebles\public\index.php(44): CodeIgniter\CodeIgniter->run()
#8 {main}
CRITICAL - 2021-05-23 19:53:01 --> There is no data to update.
#0 C:\xampp\htdocs\Cesde\3er_periodo\programacion_web\02_actividades\02_alquiler_inmuebles\system\BaseModel.php(1682): CodeIgniter\Database\Exceptions\DataException::forEmptyDataset('update')
#1 C:\xampp\htdocs\Cesde\3er_periodo\programacion_web\02_actividades\02_alquiler_inmuebles\system\BaseModel.php(864): CodeIgniter\BaseModel->transformDataToArray(NULL, 'update')
#2 C:\xampp\htdocs\Cesde\3er_periodo\programacion_web\02_actividades\02_alquiler_inmuebles\system\Model.php(737): CodeIgniter\BaseModel->update(NULL, NULL)
#3 C:\xampp\htdocs\Cesde\3er_periodo\programacion_web\02_actividades\02_alquiler_inmuebles\app\Controllers\ApartmentController.php(90): CodeIgniter\Model->update(NULL)
#4 C:\xampp\htdocs\Cesde\3er_periodo\programacion_web\02_actividades\02_alquiler_inmuebles\system\CodeIgniter.php(936): App\Controllers\ApartmentController->updateApartment()
#5 C:\xampp\htdocs\Cesde\3er_periodo\programacion_web\02_actividades\02_alquiler_inmuebles\system\CodeIgniter.php(432): CodeIgniter\CodeIgniter->runController(Object(App\Controllers\ApartmentController))
#6 C:\xampp\htdocs\Cesde\3er_periodo\programacion_web\02_actividades\02_alquiler_inmuebles\system\CodeIgniter.php(333): CodeIgniter\CodeIgniter->handleRequest(NULL, Object(Config\Cache), false)
#7 C:\xampp\htdocs\Cesde\3er_periodo\programacion_web\02_actividades\02_alquiler_inmuebles\public\index.php(44): CodeIgniter\CodeIgniter->run()
#8 {main}
CRITICAL - 2021-05-23 19:53:09 --> There is no data to update.
#0 C:\xampp\htdocs\Cesde\3er_periodo\programacion_web\02_actividades\02_alquiler_inmuebles\system\BaseModel.php(1682): CodeIgniter\Database\Exceptions\DataException::forEmptyDataset('update')
#1 C:\xampp\htdocs\Cesde\3er_periodo\programacion_web\02_actividades\02_alquiler_inmuebles\system\BaseModel.php(864): CodeIgniter\BaseModel->transformDataToArray(NULL, 'update')
#2 C:\xampp\htdocs\Cesde\3er_periodo\programacion_web\02_actividades\02_alquiler_inmuebles\system\Model.php(737): CodeIgniter\BaseModel->update(NULL, NULL)
#3 C:\xampp\htdocs\Cesde\3er_periodo\programacion_web\02_actividades\02_alquiler_inmuebles\app\Controllers\ApartmentController.php(90): CodeIgniter\Model->update(NULL)
#4 C:\xampp\htdocs\Cesde\3er_periodo\programacion_web\02_actividades\02_alquiler_inmuebles\system\CodeIgniter.php(936): App\Controllers\ApartmentController->updateApartment()
#5 C:\xampp\htdocs\Cesde\3er_periodo\programacion_web\02_actividades\02_alquiler_inmuebles\system\CodeIgniter.php(432): CodeIgniter\CodeIgniter->runController(Object(App\Controllers\ApartmentController))
#6 C:\xampp\htdocs\Cesde\3er_periodo\programacion_web\02_actividades\02_alquiler_inmuebles\system\CodeIgniter.php(333): CodeIgniter\CodeIgniter->handleRequest(NULL, Object(Config\Cache), false)
#7 C:\xampp\htdocs\Cesde\3er_periodo\programacion_web\02_actividades\02_alquiler_inmuebles\public\index.php(44): CodeIgniter\CodeIgniter->run()
#8 {main}
CRITICAL - 2021-05-23 19:53:49 --> There is no data to update.
#0 C:\xampp\htdocs\Cesde\3er_periodo\programacion_web\02_actividades\02_alquiler_inmuebles\system\BaseModel.php(1682): CodeIgniter\Database\Exceptions\DataException::forEmptyDataset('update')
#1 C:\xampp\htdocs\Cesde\3er_periodo\programacion_web\02_actividades\02_alquiler_inmuebles\system\BaseModel.php(864): CodeIgniter\BaseModel->transformDataToArray(NULL, 'update')
#2 C:\xampp\htdocs\Cesde\3er_periodo\programacion_web\02_actividades\02_alquiler_inmuebles\system\Model.php(737): CodeIgniter\BaseModel->update(NULL, NULL)
#3 C:\xampp\htdocs\Cesde\3er_periodo\programacion_web\02_actividades\02_alquiler_inmuebles\app\Controllers\ApartmentController.php(90): CodeIgniter\Model->update(NULL)
#4 C:\xampp\htdocs\Cesde\3er_periodo\programacion_web\02_actividades\02_alquiler_inmuebles\system\CodeIgniter.php(936): App\Controllers\ApartmentController->updateApartment()
#5 C:\xampp\htdocs\Cesde\3er_periodo\programacion_web\02_actividades\02_alquiler_inmuebles\system\CodeIgniter.php(432): CodeIgniter\CodeIgniter->runController(Object(App\Controllers\ApartmentController))
#6 C:\xampp\htdocs\Cesde\3er_periodo\programacion_web\02_actividades\02_alquiler_inmuebles\system\CodeIgniter.php(333): CodeIgniter\CodeIgniter->handleRequest(NULL, Object(Config\Cache), false)
#7 C:\xampp\htdocs\Cesde\3er_periodo\programacion_web\02_actividades\02_alquiler_inmuebles\public\index.php(44): CodeIgniter\CodeIgniter->run()
#8 {main}
CRITICAL - 2021-05-23 19:53:54 --> There is no data to update.
#0 C:\xampp\htdocs\Cesde\3er_periodo\programacion_web\02_actividades\02_alquiler_inmuebles\system\BaseModel.php(1682): CodeIgniter\Database\Exceptions\DataException::forEmptyDataset('update')
#1 C:\xampp\htdocs\Cesde\3er_periodo\programacion_web\02_actividades\02_alquiler_inmuebles\system\BaseModel.php(864): CodeIgniter\BaseModel->transformDataToArray(NULL, 'update')
#2 C:\xampp\htdocs\Cesde\3er_periodo\programacion_web\02_actividades\02_alquiler_inmuebles\system\Model.php(737): CodeIgniter\BaseModel->update(NULL, NULL)
#3 C:\xampp\htdocs\Cesde\3er_periodo\programacion_web\02_actividades\02_alquiler_inmuebles\app\Controllers\ApartmentController.php(90): CodeIgniter\Model->update(NULL)
#4 C:\xampp\htdocs\Cesde\3er_periodo\programacion_web\02_actividades\02_alquiler_inmuebles\system\CodeIgniter.php(936): App\Controllers\ApartmentController->updateApartment()
#5 C:\xampp\htdocs\Cesde\3er_periodo\programacion_web\02_actividades\02_alquiler_inmuebles\system\CodeIgniter.php(432): CodeIgniter\CodeIgniter->runController(Object(App\Controllers\ApartmentController))
#6 C:\xampp\htdocs\Cesde\3er_periodo\programacion_web\02_actividades\02_alquiler_inmuebles\system\CodeIgniter.php(333): CodeIgniter\CodeIgniter->handleRequest(NULL, Object(Config\Cache), false)
#7 C:\xampp\htdocs\Cesde\3er_periodo\programacion_web\02_actividades\02_alquiler_inmuebles\public\index.php(44): CodeIgniter\CodeIgniter->run()
#8 {main}
CRITICAL - 2021-05-23 19:55:34 --> There is no data to update.
#0 C:\xampp\htdocs\Cesde\3er_periodo\programacion_web\02_actividades\02_alquiler_inmuebles\system\BaseModel.php(1682): CodeIgniter\Database\Exceptions\DataException::forEmptyDataset('update')
#1 C:\xampp\htdocs\Cesde\3er_periodo\programacion_web\02_actividades\02_alquiler_inmuebles\system\BaseModel.php(864): CodeIgniter\BaseModel->transformDataToArray(NULL, 'update')
#2 C:\xampp\htdocs\Cesde\3er_periodo\programacion_web\02_actividades\02_alquiler_inmuebles\system\Model.php(737): CodeIgniter\BaseModel->update(NULL, NULL)
#3 C:\xampp\htdocs\Cesde\3er_periodo\programacion_web\02_actividades\02_alquiler_inmuebles\app\Controllers\ApartmentController.php(90): CodeIgniter\Model->update(NULL)
#4 C:\xampp\htdocs\Cesde\3er_periodo\programacion_web\02_actividades\02_alquiler_inmuebles\system\CodeIgniter.php(936): App\Controllers\ApartmentController->updateApartment()
#5 C:\xampp\htdocs\Cesde\3er_periodo\programacion_web\02_actividades\02_alquiler_inmuebles\system\CodeIgniter.php(432): CodeIgniter\CodeIgniter->runController(Object(App\Controllers\ApartmentController))
#6 C:\xampp\htdocs\Cesde\3er_periodo\programacion_web\02_actividades\02_alquiler_inmuebles\system\CodeIgniter.php(333): CodeIgniter\CodeIgniter->handleRequest(NULL, Object(Config\Cache), false)
#7 C:\xampp\htdocs\Cesde\3er_periodo\programacion_web\02_actividades\02_alquiler_inmuebles\public\index.php(44): CodeIgniter\CodeIgniter->run()
#8 {main}
CRITICAL - 2021-05-23 19:57:58 --> There is no data to update.
#0 C:\xampp\htdocs\Cesde\3er_periodo\programacion_web\02_actividades\02_alquiler_inmuebles\system\BaseModel.php(1682): CodeIgniter\Database\Exceptions\DataException::forEmptyDataset('update')
#1 C:\xampp\htdocs\Cesde\3er_periodo\programacion_web\02_actividades\02_alquiler_inmuebles\system\BaseModel.php(864): CodeIgniter\BaseModel->transformDataToArray(NULL, 'update')
#2 C:\xampp\htdocs\Cesde\3er_periodo\programacion_web\02_actividades\02_alquiler_inmuebles\system\Model.php(737): CodeIgniter\BaseModel->update(NULL, NULL)
#3 C:\xampp\htdocs\Cesde\3er_periodo\programacion_web\02_actividades\02_alquiler_inmuebles\app\Controllers\ApartmentController.php(90): CodeIgniter\Model->update(NULL)
#4 C:\xampp\htdocs\Cesde\3er_periodo\programacion_web\02_actividades\02_alquiler_inmuebles\system\CodeIgniter.php(936): App\Controllers\ApartmentController->updateApartment()
#5 C:\xampp\htdocs\Cesde\3er_periodo\programacion_web\02_actividades\02_alquiler_inmuebles\system\CodeIgniter.php(432): CodeIgniter\CodeIgniter->runController(Object(App\Controllers\ApartmentController))
#6 C:\xampp\htdocs\Cesde\3er_periodo\programacion_web\02_actividades\02_alquiler_inmuebles\system\CodeIgniter.php(333): CodeIgniter\CodeIgniter->handleRequest(NULL, Object(Config\Cache), false)
#7 C:\xampp\htdocs\Cesde\3er_periodo\programacion_web\02_actividades\02_alquiler_inmuebles\public\index.php(44): CodeIgniter\CodeIgniter->run()
#8 {main}
CRITICAL - 2021-05-23 19:58:06 --> There is no data to update.
#0 C:\xampp\htdocs\Cesde\3er_periodo\programacion_web\02_actividades\02_alquiler_inmuebles\system\BaseModel.php(1682): CodeIgniter\Database\Exceptions\DataException::forEmptyDataset('update')
#1 C:\xampp\htdocs\Cesde\3er_periodo\programacion_web\02_actividades\02_alquiler_inmuebles\system\BaseModel.php(864): CodeIgniter\BaseModel->transformDataToArray(NULL, 'update')
#2 C:\xampp\htdocs\Cesde\3er_periodo\programacion_web\02_actividades\02_alquiler_inmuebles\system\Model.php(737): CodeIgniter\BaseModel->update(NULL, NULL)
#3 C:\xampp\htdocs\Cesde\3er_periodo\programacion_web\02_actividades\02_alquiler_inmuebles\app\Controllers\ApartmentController.php(90): CodeIgniter\Model->update(NULL)
#4 C:\xampp\htdocs\Cesde\3er_periodo\programacion_web\02_actividades\02_alquiler_inmuebles\system\CodeIgniter.php(936): App\Controllers\ApartmentController->updateApartment()
#5 C:\xampp\htdocs\Cesde\3er_periodo\programacion_web\02_actividades\02_alquiler_inmuebles\system\CodeIgniter.php(432): CodeIgniter\CodeIgniter->runController(Object(App\Controllers\ApartmentController))
#6 C:\xampp\htdocs\Cesde\3er_periodo\programacion_web\02_actividades\02_alquiler_inmuebles\system\CodeIgniter.php(333): CodeIgniter\CodeIgniter->handleRequest(NULL, Object(Config\Cache), false)
#7 C:\xampp\htdocs\Cesde\3er_periodo\programacion_web\02_actividades\02_alquiler_inmuebles\public\index.php(44): CodeIgniter\CodeIgniter->run()
#8 {main}
ERROR - 2021-05-23 19:59:47 --> mysqli_sql_exception: You have an error in your SQL syntax; check the manual that corresponds to your MariaDB server version for the right syntax to use near '' at line 1 in C:\xampp\htdocs\Cesde\3er_periodo\programacion_web\02_actividades\02_alquiler_inmuebles\system\Database\MySQLi\Connection.php:314
Stack trace:
#0 C:\xampp\htdocs\Cesde\3er_periodo\programacion_web\02_actividades\02_alquiler_inmuebles\system\Database\MySQLi\Connection.php(314): mysqli->query('SELECT * FROM a...')
#1 C:\xampp\htdocs\Cesde\3er_periodo\programacion_web\02_actividades\02_alquiler_inmuebles\system\Database\BaseConnection.php(713): CodeIgniter\Database\MySQLi\Connection->execute('SELECT * FROM a...')
#2 C:\xampp\htdocs\Cesde\3er_periodo\programacion_web\02_actividades\02_alquiler_inmuebles\system\Database\BaseConnection.php(641): CodeIgniter\Database\BaseConnection->simpleQuery('SELECT * FROM a...')
#3 C:\xampp\htdocs\Cesde\3er_periodo\programacion_web\02_actividades\02_alquiler_inmuebles\app\Models\ApartmentModel.php(19): CodeIgniter\Database\BaseConnection->query('SELECT * FROM a...')
#4 C:\xampp\htdocs\Cesde\3er_periodo\programacion_web\02_actividades\02_alquiler_inmuebles\app\Controllers\ApartmentController.php(90): App\Models\ApartmentModel->updateApartment(NULL)
#5 C:\xampp\htdocs\Cesde\3er_periodo\programacion_web\02_actividades\02_alquiler_inmuebles\system\CodeIgniter.php(936): App\Controllers\ApartmentController->updateApartment()
#6 C:\xampp\htdocs\Cesde\3er_periodo\programacion_web\02_actividades\02_alquiler_inmuebles\system\CodeIgniter.php(432): CodeIgniter\CodeIgniter->runController(Object(App\Controllers\ApartmentController))
#7 C:\xampp\htdocs\Cesde\3er_periodo\programacion_web\02_actividades\02_alquiler_inmuebles\system\CodeIgniter.php(333): CodeIgniter\CodeIgniter->handleRequest(NULL, Object(Config\Cache), false)
#8 C:\xampp\htdocs\Cesde\3er_periodo\programacion_web\02_actividades\02_alquiler_inmuebles\public\index.php(44): CodeIgniter\CodeIgniter->run()
#9 {main}
CRITICAL - 2021-05-23 19:59:47 --> Undefined array key 0
#0 C:\xampp\htdocs\Cesde\3er_periodo\programacion_web\02_actividades\02_alquiler_inmuebles\app\Controllers\ApartmentController.php(94): CodeIgniter\Debug\Exceptions->errorHandler(2, 'Undefined array...', 'C:\\xampp\\htdocs...', 94)
#1 C:\xampp\htdocs\Cesde\3er_periodo\programacion_web\02_actividades\02_alquiler_inmuebles\system\CodeIgniter.php(936): App\Controllers\ApartmentController->updateApartment()
#2 C:\xampp\htdocs\Cesde\3er_periodo\programacion_web\02_actividades\02_alquiler_inmuebles\system\CodeIgniter.php(432): CodeIgniter\CodeIgniter->runController(Object(App\Controllers\ApartmentController))
#3 C:\xampp\htdocs\Cesde\3er_periodo\programacion_web\02_actividades\02_alquiler_inmuebles\system\CodeIgniter.php(333): CodeIgniter\CodeIgniter->handleRequest(NULL, Object(Config\Cache), false)
#4 C:\xampp\htdocs\Cesde\3er_periodo\programacion_web\02_actividades\02_alquiler_inmuebles\public\index.php(44): CodeIgniter\CodeIgniter->run()
#5 {main}
ERROR - 2021-05-23 20:00:02 --> mysqli_sql_exception: You have an error in your SQL syntax; check the manual that corresponds to your MariaDB server version for the right syntax to use near '' at line 1 in C:\xampp\htdocs\Cesde\3er_periodo\programacion_web\02_actividades\02_alquiler_inmuebles\system\Database\MySQLi\Connection.php:314
Stack trace:
#0 C:\xampp\htdocs\Cesde\3er_periodo\programacion_web\02_actividades\02_alquiler_inmuebles\system\Database\MySQLi\Connection.php(314): mysqli->query('SELECT * FROM a...')
#1 C:\xampp\htdocs\Cesde\3er_periodo\programacion_web\02_actividades\02_alquiler_inmuebles\system\Database\BaseConnection.php(713): CodeIgniter\Database\MySQLi\Connection->execute('SELECT * FROM a...')
#2 C:\xampp\htdocs\Cesde\3er_periodo\programacion_web\02_actividades\02_alquiler_inmuebles\system\Database\BaseConnection.php(641): CodeIgniter\Database\BaseConnection->simpleQuery('SELECT * FROM a...')
#3 C:\xampp\htdocs\Cesde\3er_periodo\programacion_web\02_actividades\02_alquiler_inmuebles\app\Models\ApartmentModel.php(19): CodeIgniter\Database\BaseConnection->query('SELECT * FROM a...')
#4 C:\xampp\htdocs\Cesde\3er_periodo\programacion_web\02_actividades\02_alquiler_inmuebles\app\Controllers\ApartmentController.php(90): App\Models\ApartmentModel->updateApartment(NULL)
#5 C:\xampp\htdocs\Cesde\3er_periodo\programacion_web\02_actividades\02_alquiler_inmuebles\system\CodeIgniter.php(936): App\Controllers\ApartmentController->updateApartment()
#6 C:\xampp\htdocs\Cesde\3er_periodo\programacion_web\02_actividades\02_alquiler_inmuebles\system\CodeIgniter.php(432): CodeIgniter\CodeIgniter->runController(Object(App\Controllers\ApartmentController))
#7 C:\xampp\htdocs\Cesde\3er_periodo\programacion_web\02_actividades\02_alquiler_inmuebles\system\CodeIgniter.php(333): CodeIgniter\CodeIgniter->handleRequest(NULL, Object(Config\Cache), false)
#8 C:\xampp\htdocs\Cesde\3er_periodo\programacion_web\02_actividades\02_alquiler_inmuebles\public\index.php(44): CodeIgniter\CodeIgniter->run()
#9 {main}
CRITICAL - 2021-05-23 20:00:02 --> Undefined array key 0
#0 C:\xampp\htdocs\Cesde\3er_periodo\programacion_web\02_actividades\02_alquiler_inmuebles\app\Controllers\ApartmentController.php(94): CodeIgniter\Debug\Exceptions->errorHandler(2, 'Undefined array...', 'C:\\xampp\\htdocs...', 94)
#1 C:\xampp\htdocs\Cesde\3er_periodo\programacion_web\02_actividades\02_alquiler_inmuebles\system\CodeIgniter.php(936): App\Controllers\ApartmentController->updateApartment()
#2 C:\xampp\htdocs\Cesde\3er_periodo\programacion_web\02_actividades\02_alquiler_inmuebles\system\CodeIgniter.php(432): CodeIgniter\CodeIgniter->runController(Object(App\Controllers\ApartmentController))
#3 C:\xampp\htdocs\Cesde\3er_periodo\programacion_web\02_actividades\02_alquiler_inmuebles\system\CodeIgniter.php(333): CodeIgniter\CodeIgniter->handleRequest(NULL, Object(Config\Cache), false)
#4 C:\xampp\htdocs\Cesde\3er_periodo\programacion_web\02_actividades\02_alquiler_inmuebles\public\index.php(44): CodeIgniter\CodeIgniter->run()
#5 {main}
ERROR - 2021-05-23 20:04:08 --> mysqli_sql_exception: You have an error in your SQL syntax; check the manual that corresponds to your MariaDB server version for the right syntax to use near '' at line 1 in C:\xampp\htdocs\Cesde\3er_periodo\programacion_web\02_actividades\02_alquiler_inmuebles\system\Database\MySQLi\Connection.php:314
Stack trace:
#0 C:\xampp\htdocs\Cesde\3er_periodo\programacion_web\02_actividades\02_alquiler_inmuebles\system\Database\MySQLi\Connection.php(314): mysqli->query('SELECT * FROM a...')
#1 C:\xampp\htdocs\Cesde\3er_periodo\programacion_web\02_actividades\02_alquiler_inmuebles\system\Database\BaseConnection.php(713): CodeIgniter\Database\MySQLi\Connection->execute('SELECT * FROM a...')
#2 C:\xampp\htdocs\Cesde\3er_periodo\programacion_web\02_actividades\02_alquiler_inmuebles\system\Database\BaseConnection.php(641): CodeIgniter\Database\BaseConnection->simpleQuery('SELECT * FROM a...')
#3 C:\xampp\htdocs\Cesde\3er_periodo\programacion_web\02_actividades\02_alquiler_inmuebles\app\Models\ApartmentModel.php(19): CodeIgniter\Database\BaseConnection->query('SELECT * FROM a...')
#4 C:\xampp\htdocs\Cesde\3er_periodo\programacion_web\02_actividades\02_alquiler_inmuebles\app\Controllers\ApartmentController.php(90): App\Models\ApartmentModel->updateApartment(NULL)
#5 C:\xampp\htdocs\Cesde\3er_periodo\programacion_web\02_actividades\02_alquiler_inmuebles\system\CodeIgniter.php(936): App\Controllers\ApartmentController->updateApartment()
#6 C:\xampp\htdocs\Cesde\3er_periodo\programacion_web\02_actividades\02_alquiler_inmuebles\system\CodeIgniter.php(432): CodeIgniter\CodeIgniter->runController(Object(App\Controllers\ApartmentController))
#7 C:\xampp\htdocs\Cesde\3er_periodo\programacion_web\02_actividades\02_alquiler_inmuebles\system\CodeIgniter.php(333): CodeIgniter\CodeIgniter->handleRequest(NULL, Object(Config\Cache), false)
#8 C:\xampp\htdocs\Cesde\3er_periodo\programacion_web\02_actividades\02_alquiler_inmuebles\public\index.php(44): CodeIgniter\CodeIgniter->run()
#9 {main}
CRITICAL - 2021-05-23 20:04:08 --> Undefined array key 0
#0 C:\xampp\htdocs\Cesde\3er_periodo\programacion_web\02_actividades\02_alquiler_inmuebles\app\Controllers\ApartmentController.php(94): CodeIgniter\Debug\Exceptions->errorHandler(2, 'Undefined array...', 'C:\\xampp\\htdocs...', 94)
#1 C:\xampp\htdocs\Cesde\3er_periodo\programacion_web\02_actividades\02_alquiler_inmuebles\system\CodeIgniter.php(936): App\Controllers\ApartmentController->updateApartment()
#2 C:\xampp\htdocs\Cesde\3er_periodo\programacion_web\02_actividades\02_alquiler_inmuebles\system\CodeIgniter.php(432): CodeIgniter\CodeIgniter->runController(Object(App\Controllers\ApartmentController))
#3 C:\xampp\htdocs\Cesde\3er_periodo\programacion_web\02_actividades\02_alquiler_inmuebles\system\CodeIgniter.php(333): CodeIgniter\CodeIgniter->handleRequest(NULL, Object(Config\Cache), false)
#4 C:\xampp\htdocs\Cesde\3er_periodo\programacion_web\02_actividades\02_alquiler_inmuebles\public\index.php(44): CodeIgniter\CodeIgniter->run()
#5 {main}
ERROR - 2021-05-23 20:07:34 --> mysqli_sql_exception: You have an error in your SQL syntax; check the manual that corresponds to your MariaDB server version for the right syntax to use near '' at line 1 in C:\xampp\htdocs\Cesde\3er_periodo\programacion_web\02_actividades\02_alquiler_inmuebles\system\Database\MySQLi\Connection.php:314
Stack trace:
#0 C:\xampp\htdocs\Cesde\3er_periodo\programacion_web\02_actividades\02_alquiler_inmuebles\system\Database\MySQLi\Connection.php(314): mysqli->query('SELECT * FROM a...')
#1 C:\xampp\htdocs\Cesde\3er_periodo\programacion_web\02_actividades\02_alquiler_inmuebles\system\Database\BaseConnection.php(713): CodeIgniter\Database\MySQLi\Connection->execute('SELECT * FROM a...')
#2 C:\xampp\htdocs\Cesde\3er_periodo\programacion_web\02_actividades\02_alquiler_inmuebles\system\Database\BaseConnection.php(641): CodeIgniter\Database\BaseConnection->simpleQuery('SELECT * FROM a...')
#3 C:\xampp\htdocs\Cesde\3er_periodo\programacion_web\02_actividades\02_alquiler_inmuebles\app\Models\ApartmentModel.php(19): CodeIgniter\Database\BaseConnection->query('SELECT * FROM a...')
#4 C:\xampp\htdocs\Cesde\3er_periodo\programacion_web\02_actividades\02_alquiler_inmuebles\app\Controllers\ApartmentController.php(90): App\Models\ApartmentModel->updateApartment(NULL)
#5 C:\xampp\htdocs\Cesde\3er_periodo\programacion_web\02_actividades\02_alquiler_inmuebles\system\CodeIgniter.php(936): App\Controllers\ApartmentController->updateApartment()
#6 C:\xampp\htdocs\Cesde\3er_periodo\programacion_web\02_actividades\02_alquiler_inmuebles\system\CodeIgniter.php(432): CodeIgniter\CodeIgniter->runController(Object(App\Controllers\ApartmentController))
#7 C:\xampp\htdocs\Cesde\3er_periodo\programacion_web\02_actividades\02_alquiler_inmuebles\system\CodeIgniter.php(333): CodeIgniter\CodeIgniter->handleRequest(NULL, Object(Config\Cache), false)
#8 C:\xampp\htdocs\Cesde\3er_periodo\programacion_web\02_actividades\02_alquiler_inmuebles\public\index.php(44): CodeIgniter\CodeIgniter->run()
#9 {main}
CRITICAL - 2021-05-23 20:07:34 --> Undefined array key 0
#0 C:\xampp\htdocs\Cesde\3er_periodo\programacion_web\02_actividades\02_alquiler_inmuebles\app\Controllers\ApartmentController.php(94): CodeIgniter\Debug\Exceptions->errorHandler(2, 'Undefined array...', 'C:\\xampp\\htdocs...', 94)
#1 C:\xampp\htdocs\Cesde\3er_periodo\programacion_web\02_actividades\02_alquiler_inmuebles\system\CodeIgniter.php(936): App\Controllers\ApartmentController->updateApartment()
#2 C:\xampp\htdocs\Cesde\3er_periodo\programacion_web\02_actividades\02_alquiler_inmuebles\system\CodeIgniter.php(432): CodeIgniter\CodeIgniter->runController(Object(App\Controllers\ApartmentController))
#3 C:\xampp\htdocs\Cesde\3er_periodo\programacion_web\02_actividades\02_alquiler_inmuebles\system\CodeIgniter.php(333): CodeIgniter\CodeIgniter->handleRequest(NULL, Object(Config\Cache), false)
#4 C:\xampp\htdocs\Cesde\3er_periodo\programacion_web\02_actividades\02_alquiler_inmuebles\public\index.php(44): CodeIgniter\CodeIgniter->run()
#5 {main}
